INFO:root:loaded params...
{   'data': {'image_folder': '/imagenet/', 'num_classes': 25, 'root_path': '.'},
    'logging': {   'folder': './checkpoint/msn_ehr_logs/',
                   'pretrain_path': '/scratch/projects/shamoutlab/ds5749/multi-modal-msn/checkpoint/msn_ehr_logs/msn-ehr-experiment-vertical_and_horizontal-ep100.pth.tar',
                   'write_tag': 'msn-lineval-experiment-ehr'},
    'meta': {   'copy_data': False,
                'device': 'cuda:0',
                'load_checkpoint': True,
                'master_port': 8888,
                'model_name': 'LSTM',
                'training': True},
    'optimization': {   'epochs': 100,
                        'lr': 6.4,
                        'normalize': True,
                        'num_blocks': 1,
                        'weight_decay': 0.0}}
INFO:root:Running linear-evaluation
INFO:root:MIMICCXR ehr fusion dataset
INFO:root:Namespace(align=0.0, batch_size=64, beta_1=0.9, crop=224, cxr_data_dir='/data/MedFuse/2.0.0', daft_activation='linear', data_pairs='partial_ehr_cxr', data_ratio=1.0, depth=1, dim=256, dropout=0.0, ehr_data_dir='/data/MedFuse/mimic-iv-extracted', epochs=100, eval=False, fname='configs/eval/medfuse_ehr.yaml', fusion='joint', fusion_type='lstm', imputation='previous', labels_set='pheno', layer_after=4, layers=1, load_state=None, load_state_cxr=None, load_state_ehr=None, lr=0.0001, missing_token=None, mmtm_ratio=4, modality='ehr', mode='train', network=None, normalizer_state='/scratch/projects/shamoutlab/ds5749/multi-modal-msn/src/medfuse/normalizers/ph_ts1.0.input_str:previous.start_time:zero.normalizer', num_classes=25, patience=15, pretrained=False, rec_dropout=0.0, resize=256, resume=False, save_dir='checkpoints', task='phenotyping', timestep=1.0, vision_backbone='densenet121', vision_num_classes=14)
INFO:root:partial_ehr_cxrlstm
INFO:root:MIMICCXR dataset created
INFO:root:unsupervised data loader created
INFO:root:MIMICCXR ehr fusion dataset
INFO:root:Namespace(align=0.0, batch_size=64, beta_1=0.9, crop=224, cxr_data_dir='/data/MedFuse/2.0.0', daft_activation='linear', data_pairs='partial_ehr_cxr', data_ratio=1.0, depth=1, dim=256, dropout=0.0, ehr_data_dir='/data/MedFuse/mimic-iv-extracted', epochs=100, eval=False, fname='configs/eval/medfuse_ehr.yaml', fusion='joint', fusion_type='lstm', imputation='previous', labels_set='pheno', layer_after=4, layers=1, load_state=None, load_state_cxr=None, load_state_ehr=None, lr=0.0001, missing_token=None, mmtm_ratio=4, modality='ehr', mode='train', network=None, normalizer_state='/scratch/projects/shamoutlab/ds5749/multi-modal-msn/src/medfuse/normalizers/ph_ts1.0.input_str:previous.start_time:zero.normalizer', num_classes=25, patience=15, pretrained=False, rec_dropout=0.0, resize=256, resume=False, save_dir='checkpoints', task='phenotyping', timestep=1.0, vision_backbone='densenet121', vision_num_classes=14)
INFO:root:partial_ehr_cxrlstm
INFO:root:MIMICCXR dataset created
INFO:root:unsupervised data loader created
INFO:root:initialized data-loader (ipe 333)
INFO:root:initialized val data-loader (ipe 37)
