INFO:root:loaded params...
{   'data': {'image_folder': '/imagenet/', 'num_classes': 14, 'root_path': '.'},
    'logging': {   'folder': 'checkpoint/msn_logs/',
                   'pretrain_path': '/scratch/projects/shamoutlab/ds5749/msn/checkpoint/msn_os_logs/msn-experiment-cxr-random-64-latest.pth.tar',
                   'write_tag': 'msn-lineval-experiment-linear-eval-cxr'},
    'meta': {   'copy_data': False,
                'device': 'cuda:0',
                'load_checkpoint': True,
                'master_port': 8888,
                'model_name': 'deit_small',
                'training': True},
    'optimization': {   'epochs': 100,
                        'lr': 6.4,
                        'normalize': True,
                        'num_blocks': 1,
                        'weight_decay': 0.0}}
INFO:root:Running linear-evaluation
INFO:root:MIMICCXR dataset created
INFO:root:unsupervised data loader created
INFO:root:initialized data-loader (ipe 5081)
INFO:root:MIMICCXR dataset created
INFO:root:unsupervised data loader created
INFO:root:initialized val data-loader (ipe 239)
INFO:root:key "fc.weight" could not be found in loaded state dict
INFO:root:key "fc.bias" could not be found in loaded state dict
INFO:root:loaded pretrained model with msg: _IncompatibleKeys(missing_keys=['fc.weight', 'fc.bias'], unexpected_keys=['fc.fc1.weight', 'fc.fc1.bias', 'fc.bn1.weight', 'fc.bn1.bias', 'fc.bn1.running_mean', 'fc.bn1.running_var', 'fc.bn1.num_batches_tracked', 'fc.fc2.weight', 'fc.fc2.bias', 'fc.bn2.weight', 'fc.bn2.bias', 'fc.bn2.running_mean', 'fc.bn2.running_var', 'fc.bn2.num_batches_tracked', 'fc.fc3.weight', 'fc.fc3.bias'])
INFO:root:loaded pretrained encoder from epoch: 100 path: /scratch/projects/shamoutlab/ds5749/msn/checkpoint/msn_os_logs/msn-experiment-cxr-random-64-latest.pth.tar
INFO:root:VisionTransformer(
  (patch_embed): PatchEmbed(
    (proj): Conv2d(3, 384, kernel_size=(16, 16), stride=(16, 16))
  )
  (pos_drop): Dropout(p=0.0, inplace=False)
  (blocks): ModuleList(
    (0): Block(
      (norm1): LayerNorm((384,), eps=1e-06, elementwise_affine=True)
      (attn): Attention(
        (qkv): Linear(in_features=384, out_features=1152, bias=True)
        (attn_drop): Dropout(p=0.0, inplace=False)
        (proj): Linear(in_features=384, out_features=384, bias=True)
        (proj_drop): Dropout(p=0.0, inplace=False)
      )
      (drop_path): Identity()
      (norm2): LayerNorm((384,), eps=1e-06, elementwise_affine=True)
      (mlp): MLP(
        (fc1): Linear(in_features=384, out_features=1536, bias=True)
        (act): GELU()
        (fc2): Linear(in_features=1536, out_features=384, bias=True)
        (drop): Dropout(p=0.0, inplace=False)
      )
    )
    (1): Block(
      (norm1): LayerNorm((384,), eps=1e-06, elementwise_affine=True)
      (attn): Attention(
        (qkv): Linear(in_features=384, out_features=1152, bias=True)
        (attn_drop): Dropout(p=0.0, inplace=False)
        (proj): Linear(in_features=384, out_features=384, bias=True)
        (proj_drop): Dropout(p=0.0, inplace=False)
      )
      (drop_path): Identity()
      (norm2): LayerNorm((384,), eps=1e-06, elementwise_affine=True)
      (mlp): MLP(
        (fc1): Linear(in_features=384, out_features=1536, bias=True)
        (act): GELU()
        (fc2): Linear(in_features=1536, out_features=384, bias=True)
        (drop): Dropout(p=0.0, inplace=False)
      )
    )
    (2): Block(
      (norm1): LayerNorm((384,), eps=1e-06, elementwise_affine=True)
      (attn): Attention(
        (qkv): Linear(in_features=384, out_features=1152, bias=True)
        (attn_drop): Dropout(p=0.0, inplace=False)
        (proj): Linear(in_features=384, out_features=384, bias=True)
        (proj_drop): Dropout(p=0.0, inplace=False)
      )
      (drop_path): Identity()
      (norm2): LayerNorm((384,), eps=1e-06, elementwise_affine=True)
      (mlp): MLP(
        (fc1): Linear(in_features=384, out_features=1536, bias=True)
        (act): GELU()
        (fc2): Linear(in_features=1536, out_features=384, bias=True)
        (drop): Dropout(p=0.0, inplace=False)
      )
    )
    (3): Block(
      (norm1): LayerNorm((384,), eps=1e-06, elementwise_affine=True)
      (attn): Attention(
        (qkv): Linear(in_features=384, out_features=1152, bias=True)
        (attn_drop): Dropout(p=0.0, inplace=False)
        (proj): Linear(in_features=384, out_features=384, bias=True)
        (proj_drop): Dropout(p=0.0, inplace=False)
      )
      (drop_path): Identity()
      (norm2): LayerNorm((384,), eps=1e-06, elementwise_affine=True)
      (mlp): MLP(
        (fc1): Linear(in_features=384, out_features=1536, bias=True)
        (act): GELU()
        (fc2): Linear(in_features=1536, out_features=384, bias=True)
        (drop): Dropout(p=0.0, inplace=False)
      )
    )
    (4): Block(
      (norm1): LayerNorm((384,), eps=1e-06, elementwise_affine=True)
      (attn): Attention(
        (qkv): Linear(in_features=384, out_features=1152, bias=True)
        (attn_drop): Dropout(p=0.0, inplace=False)
        (proj): Linear(in_features=384, out_features=384, bias=True)
        (proj_drop): Dropout(p=0.0, inplace=False)
      )
      (drop_path): Identity()
      (norm2): LayerNorm((384,), eps=1e-06, elementwise_affine=True)
      (mlp): MLP(
        (fc1): Linear(in_features=384, out_features=1536, bias=True)
        (act): GELU()
        (fc2): Linear(in_features=1536, out_features=384, bias=True)
        (drop): Dropout(p=0.0, inplace=False)
      )
    )
    (5): Block(
      (norm1): LayerNorm((384,), eps=1e-06, elementwise_affine=True)
      (attn): Attention(
        (qkv): Linear(in_features=384, out_features=1152, bias=True)
        (attn_drop): Dropout(p=0.0, inplace=False)
        (proj): Linear(in_features=384, out_features=384, bias=True)
        (proj_drop): Dropout(p=0.0, inplace=False)
      )
      (drop_path): Identity()
      (norm2): LayerNorm((384,), eps=1e-06, elementwise_affine=True)
      (mlp): MLP(
        (fc1): Linear(in_features=384, out_features=1536, bias=True)
        (act): GELU()
        (fc2): Linear(in_features=1536, out_features=384, bias=True)
        (drop): Dropout(p=0.0, inplace=False)
      )
    )
    (6): Block(
      (norm1): LayerNorm((384,), eps=1e-06, elementwise_affine=True)
      (attn): Attention(
        (qkv): Linear(in_features=384, out_features=1152, bias=True)
        (attn_drop): Dropout(p=0.0, inplace=False)
        (proj): Linear(in_features=384, out_features=384, bias=True)
        (proj_drop): Dropout(p=0.0, inplace=False)
      )
      (drop_path): Identity()
      (norm2): LayerNorm((384,), eps=1e-06, elementwise_affine=True)
      (mlp): MLP(
        (fc1): Linear(in_features=384, out_features=1536, bias=True)
        (act): GELU()
        (fc2): Linear(in_features=1536, out_features=384, bias=True)
        (drop): Dropout(p=0.0, inplace=False)
      )
    )
    (7): Block(
      (norm1): LayerNorm((384,), eps=1e-06, elementwise_affine=True)
      (attn): Attention(
        (qkv): Linear(in_features=384, out_features=1152, bias=True)
        (attn_drop): Dropout(p=0.0, inplace=False)
        (proj): Linear(in_features=384, out_features=384, bias=True)
        (proj_drop): Dropout(p=0.0, inplace=False)
      )
      (drop_path): Identity()
      (norm2): LayerNorm((384,), eps=1e-06, elementwise_affine=True)
      (mlp): MLP(
        (fc1): Linear(in_features=384, out_features=1536, bias=True)
        (act): GELU()
        (fc2): Linear(in_features=1536, out_features=384, bias=True)
        (drop): Dropout(p=0.0, inplace=False)
      )
    )
    (8): Block(
      (norm1): LayerNorm((384,), eps=1e-06, elementwise_affine=True)
      (attn): Attention(
        (qkv): Linear(in_features=384, out_features=1152, bias=True)
        (attn_drop): Dropout(p=0.0, inplace=False)
        (proj): Linear(in_features=384, out_features=384, bias=True)
        (proj_drop): Dropout(p=0.0, inplace=False)
      )
      (drop_path): Identity()
      (norm2): LayerNorm((384,), eps=1e-06, elementwise_affine=True)
      (mlp): MLP(
        (fc1): Linear(in_features=384, out_features=1536, bias=True)
        (act): GELU()
        (fc2): Linear(in_features=1536, out_features=384, bias=True)
        (drop): Dropout(p=0.0, inplace=False)
      )
    )
    (9): Block(
      (norm1): LayerNorm((384,), eps=1e-06, elementwise_affine=True)
      (attn): Attention(
        (qkv): Linear(in_features=384, out_features=1152, bias=True)
        (attn_drop): Dropout(p=0.0, inplace=False)
        (proj): Linear(in_features=384, out_features=384, bias=True)
        (proj_drop): Dropout(p=0.0, inplace=False)
      )
      (drop_path): Identity()
      (norm2): LayerNorm((384,), eps=1e-06, elementwise_affine=True)
      (mlp): MLP(
        (fc1): Linear(in_features=384, out_features=1536, bias=True)
        (act): GELU()
        (fc2): Linear(in_features=1536, out_features=384, bias=True)
        (drop): Dropout(p=0.0, inplace=False)
      )
    )
    (10): Block(
      (norm1): LayerNorm((384,), eps=1e-06, elementwise_affine=True)
      (attn): Attention(
        (qkv): Linear(in_features=384, out_features=1152, bias=True)
        (attn_drop): Dropout(p=0.0, inplace=False)
        (proj): Linear(in_features=384, out_features=384, bias=True)
        (proj_drop): Dropout(p=0.0, inplace=False)
      )
      (drop_path): Identity()
      (norm2): LayerNorm((384,), eps=1e-06, elementwise_affine=True)
      (mlp): MLP(
        (fc1): Linear(in_features=384, out_features=1536, bias=True)
        (act): GELU()
        (fc2): Linear(in_features=1536, out_features=384, bias=True)
        (drop): Dropout(p=0.0, inplace=False)
      )
    )
    (11): Block(
      (norm1): LayerNorm((384,), eps=1e-06, elementwise_affine=True)
      (attn): Attention(
        (qkv): Linear(in_features=384, out_features=1152, bias=True)
        (attn_drop): Dropout(p=0.0, inplace=False)
        (proj): Linear(in_features=384, out_features=384, bias=True)
        (proj_drop): Dropout(p=0.0, inplace=False)
      )
      (drop_path): Identity()
      (norm2): LayerNorm((384,), eps=1e-06, elementwise_affine=True)
      (mlp): MLP(
        (fc1): Linear(in_features=384, out_features=1536, bias=True)
        (act): GELU()
        (fc2): Linear(in_features=1536, out_features=384, bias=True)
        (drop): Dropout(p=0.0, inplace=False)
      )
    )
  )
  (norm): None
  (fc): Linear(in_features=384, out_features=14, bias=True)
)
INFO:root:putting model in training mode
INFO:root:7486080
INFO:root:Epoch:1
INFO:root:epoch loss: 0.24999381393587183
 
 
 
 
 
INFO:root:val loss: 0.013705670387813881
INFO:root:Epoch:2
Message: 'val auroc_mean: '
Arguments: (0.7591944417287909,)
Message: 'val auprc_mean: '
Arguments: (0.3272708222959099,)
 
 
 
 
 
 
 
 
INFO:root:epoch loss: 0.2371664706898402
 
 
 
 
 
 
 
 
INFO:root:val loss: 0.013463449264647242
INFO:root:Epoch:3
Message: 'val auroc_mean: '
Arguments: (0.7731968464672275,)
Message: 'val auprc_mean: '
Arguments: (0.3413939664683895,)
 
 
 
 
 
 
 
 
INFO:root:epoch loss: 0.23397732467116203
 
 
 
 
 
 
 
 
INFO:root:val loss: 0.013343682423559518
INFO:root:Epoch:4

Traceback (most recent call last):
  File "/ext3/medfuse/lib/python3.6/logging/__init__.py", line 994, in emit
    msg = self.format(record)
  File "/ext3/medfuse/lib/python3.6/logging/__init__.py", line 840, in format
    return fmt.format(record)
  File "/ext3/medfuse/lib/python3.6/logging/__init__.py", line 577, in format
    record.message = record.getMessage()
  File "/ext3/medfuse/lib/python3.6/logging/__init__.py", line 338, in getMessage
    msg = msg % self.args
TypeError: not all arguments converted during string formatting
Call stack:
  File "cxr_emb_eval.py", line 303, in <module>
    main()
  File "cxr_emb_eval.py", line 52, in main
    return linear_eval(params)
  File "cxr_emb_eval.py", line 297, in linear_eval
    
Message: 'val auroc_mean: '
Arguments: (0.7804761566551285,)

Traceback (most recent call last):
  File "/ext3/medfuse/lib/python3.6/logging/__init__.py", line 994, in emit
    msg = self.format(record)
  File "/ext3/medfuse/lib/python3.6/logging/__init__.py", line 840, in format
    return fmt.format(record)
  File "/ext3/medfuse/lib/python3.6/logging/__init__.py", line 577, in format
    record.message = record.getMessage()
  File "/ext3/medfuse/lib/python3.6/logging/__init__.py", line 338, in getMessage
    msg = msg % self.args
TypeError: not all arguments converted during string formatting
Call stack:
  File "cxr_emb_eval.py", line 303, in <module>
    main()
  File "cxr_emb_eval.py", line 52, in main
    return linear_eval(params)
  File "cxr_emb_eval.py", line 298, in linear_eval

Message: 'val auprc_mean: '
Arguments: (0.3501060414032039,)
 
 
 
 
 
 
 
 
INFO:root:epoch loss: 0.23200913746466414
 
 
 
 
 
 
 
 
INFO:root:val loss: 0.013251010433376082
INFO:root:Epoch:5

Message: 'val auroc_mean: '
Arguments: (0.785024217013991,)

Traceback (most recent call last):
  File "/ext3/medfuse/lib/python3.6/logging/__init__.py", line 994, in emit
    msg = self.format(record)
  File "/ext3/medfuse/lib/python3.6/logging/__init__.py", line 840, in format
    return fmt.format(record)
  File "/ext3/medfuse/lib/python3.6/logging/__init__.py", line 577, in format
    record.message = record.getMessage()
  File "/ext3/medfuse/lib/python3.6/logging/__init__.py", line 338, in getMessage
    msg = msg % self.args
TypeError: not all arguments converted during string formatting
Call stack:
  File "cxr_emb_eval.py", line 303, in <module>
    main()
  File "cxr_emb_eval.py", line 52, in main
    return linear_eval(params)
  File "cxr_emb_eval.py", line 298, in linear_eval

Message: 'val auprc_mean: '
Arguments: (0.35650365764559283,)
 
 
 
 
 
 
 
 
INFO:root:epoch loss: 0.2306688397153523

Traceback (most recent call last):
  File "/ext3/medfuse/lib/python3.6/logging/__init__.py", line 994, in emit
    msg = self.format(record)
  File "/ext3/medfuse/lib/python3.6/logging/__init__.py", line 840, in format
    return fmt.format(record)
  File "/ext3/medfuse/lib/python3.6/logging/__init__.py", line 577, in format
    record.message = record.getMessage()
  File "/ext3/medfuse/lib/python3.6/logging/__init__.py", line 338, in getMessage
    msg = msg % self.args
TypeError: not all arguments converted during string formatting
Call stack:
  File "cxr_emb_eval.py", line 303, in <module>
    main()
  File "cxr_emb_eval.py", line 52, in main
    return linear_eval(params)
  File "cxr_emb_eval.py", line 290, in linear_eval
    logger.info('train auroc_mean:', train_top1['auroc_mean'])
Message: 'train auroc_mean:'
Arguments: (0.8063772584591792,)

Traceback (most recent call last):
  File "/ext3/medfuse/lib/python3.6/logging/__init__.py", line 994, in emit
    msg = self.format(record)
  File "/ext3/medfuse/lib/python3.6/logging/__init__.py", line 840, in format
    return fmt.format(record)
  File "/ext3/medfuse/lib/python3.6/logging/__init__.py", line 577, in format
    record.message = record.getMessage()
  File "/ext3/medfuse/lib/python3.6/logging/__init__.py", line 338, in getMessage
    msg = msg % self.args
TypeError: not all arguments converted during string formatting
Call stack:
  File "cxr_emb_eval.py", line 303, in <module>
    main()
  File "cxr_emb_eval.py", line 52, in main
    return linear_eval(params)
  File "cxr_emb_eval.py", line 291, in linear_eval
    logger.info('train auprc_mean:', train_top1['auprc_mean'])
Message: 'train auprc_mean:'
Arguments: (0.3411676763252949,)
 
 
 
 
 
 
 
 
INFO:root:val loss: 0.013187278471953098
INFO:root:Epoch:6

Traceback (most recent call last):
  File "/ext3/medfuse/lib/python3.6/logging/__init__.py", line 994, in emit
    msg = self.format(record)
  File "/ext3/medfuse/lib/python3.6/logging/__init__.py", line 840, in format
    return fmt.format(record)
  File "/ext3/medfuse/lib/python3.6/logging/__init__.py", line 577, in format
    record.message = record.getMessage()
  File "/ext3/medfuse/lib/python3.6/logging/__init__.py", line 338, in getMessage
    msg = msg % self.args
TypeError: not all arguments converted during string formatting
Call stack:
  File "cxr_emb_eval.py", line 303, in <module>
    main()
  File "cxr_emb_eval.py", line 52, in main
    return linear_eval(params)
  File "cxr_emb_eval.py", line 297, in linear_eval
    
Message: 'val auroc_mean: '
Arguments: (0.7889018493050762,)

Traceback (most recent call last):
  File "/ext3/medfuse/lib/python3.6/logging/__init__.py", line 994, in emit
    msg = self.format(record)
  File "/ext3/medfuse/lib/python3.6/logging/__init__.py", line 840, in format
    return fmt.format(record)
  File "/ext3/medfuse/lib/python3.6/logging/__init__.py", line 577, in format
    record.message = record.getMessage()
  File "/ext3/medfuse/lib/python3.6/logging/__init__.py", line 338, in getMessage
    msg = msg % self.args
TypeError: not all arguments converted during string formatting
Call stack:
  File "cxr_emb_eval.py", line 303, in <module>
    main()
  File "cxr_emb_eval.py", line 52, in main
    return linear_eval(params)
  File "cxr_emb_eval.py", line 298, in linear_eval

Message: 'val auprc_mean: '
Arguments: (0.3608533827008459,)
 
 
 
 
 
 
 
 
INFO:root:epoch loss: 0.22941269383752377
 
 
 
 
 
 
 
 
INFO:root:val loss: 0.013162161613092534
INFO:root:Epoch:7

Traceback (most recent call last):
  File "/ext3/medfuse/lib/python3.6/logging/__init__.py", line 994, in emit
    msg = self.format(record)
  File "/ext3/medfuse/lib/python3.6/logging/__init__.py", line 840, in format
    return fmt.format(record)
  File "/ext3/medfuse/lib/python3.6/logging/__init__.py", line 577, in format
    record.message = record.getMessage()
  File "/ext3/medfuse/lib/python3.6/logging/__init__.py", line 338, in getMessage
    msg = msg % self.args
TypeError: not all arguments converted during string formatting
Call stack:
  File "cxr_emb_eval.py", line 303, in <module>
    main()
  File "cxr_emb_eval.py", line 52, in main
    return linear_eval(params)
  File "cxr_emb_eval.py", line 297, in linear_eval
    
Message: 'val auroc_mean: '
Arguments: (0.7908582847426061,)

Traceback (most recent call last):
  File "/ext3/medfuse/lib/python3.6/logging/__init__.py", line 994, in emit
    msg = self.format(record)
  File "/ext3/medfuse/lib/python3.6/logging/__init__.py", line 840, in format
    return fmt.format(record)
  File "/ext3/medfuse/lib/python3.6/logging/__init__.py", line 577, in format
    record.message = record.getMessage()
  File "/ext3/medfuse/lib/python3.6/logging/__init__.py", line 338, in getMessage
    msg = msg % self.args
TypeError: not all arguments converted during string formatting
Call stack:
  File "cxr_emb_eval.py", line 303, in <module>
    main()
  File "cxr_emb_eval.py", line 52, in main
    return linear_eval(params)
  File "cxr_emb_eval.py", line 298, in linear_eval

Message: 'val auprc_mean: '
Arguments: (0.3637444577799525,)
 
 
 
 
 
 
 
 
INFO:root:epoch loss: 0.22831704576925554
 
 
 
 
 
 
 
 
INFO:root:val loss: 0.013135824961775847
INFO:root:Epoch:8

Message: 'val auroc_mean: '
Arguments: (0.7921257709618109,)
Message: 'val auprc_mean: '
Arguments: (0.36637534810908934,)
 
 
 
 
 
 
 
 
INFO:root:epoch loss: 0.22740751892383984
 
 
 
 
 
 
 
 
INFO:root:val loss: 0.01308267022640868
INFO:root:Epoch:9

Traceback (most recent call last):
  File "/ext3/medfuse/lib/python3.6/logging/__init__.py", line 994, in emit
    msg = self.format(record)
  File "/ext3/medfuse/lib/python3.6/logging/__init__.py", line 840, in format
    return fmt.format(record)
  File "/ext3/medfuse/lib/python3.6/logging/__init__.py", line 577, in format
    record.message = record.getMessage()
  File "/ext3/medfuse/lib/python3.6/logging/__init__.py", line 338, in getMessage
    msg = msg % self.args
TypeError: not all arguments converted during string formatting
Call stack:
  File "cxr_emb_eval.py", line 303, in <module>
    main()
  File "cxr_emb_eval.py", line 52, in main
    return linear_eval(params)
  File "cxr_emb_eval.py", line 297, in linear_eval
    
Message: 'val auroc_mean: '
Arguments: (0.7947695032892589,)

Message: 'val auprc_mean: '
Arguments: (0.3689428445640674,)
 
 
 
 
 
 
 
 
INFO:root:epoch loss: 0.22666189788707455
 
 
 
 
 
 
 
 
INFO:root:val loss: 0.013061117583948475
INFO:root:Epoch:10

Traceback (most recent call last):
  File "/ext3/medfuse/lib/python3.6/logging/__init__.py", line 994, in emit
    msg = self.format(record)
  File "/ext3/medfuse/lib/python3.6/logging/__init__.py", line 840, in format
    return fmt.format(record)
  File "/ext3/medfuse/lib/python3.6/logging/__init__.py", line 577, in format
    record.message = record.getMessage()
  File "/ext3/medfuse/lib/python3.6/logging/__init__.py", line 338, in getMessage
    msg = msg % self.args
TypeError: not all arguments converted during string formatting
Call stack:
  File "cxr_emb_eval.py", line 303, in <module>
    main()
  File "cxr_emb_eval.py", line 52, in main
    return linear_eval(params)
  File "cxr_emb_eval.py", line 297, in linear_eval
    
Message: 'val auroc_mean: '
Arguments: (0.7962448467124918,)

Traceback (most recent call last):
  File "/ext3/medfuse/lib/python3.6/logging/__init__.py", line 994, in emit
    msg = self.format(record)
  File "/ext3/medfuse/lib/python3.6/logging/__init__.py", line 840, in format
    return fmt.format(record)
  File "/ext3/medfuse/lib/python3.6/logging/__init__.py", line 577, in format
    record.message = record.getMessage()
  File "/ext3/medfuse/lib/python3.6/logging/__init__.py", line 338, in getMessage
    msg = msg % self.args
TypeError: not all arguments converted during string formatting
Call stack:
  File "cxr_emb_eval.py", line 303, in <module>
    main()
  File "cxr_emb_eval.py", line 52, in main
    return linear_eval(params)
  File "cxr_emb_eval.py", line 298, in linear_eval

Message: 'val auprc_mean: '
Arguments: (0.3698227057544523,)
 
 
 
 
 
 
 
 
INFO:root:epoch loss: 0.22574488624059363
Message: 'train auroc_mean:'
Arguments: (0.8200008071151415,)
Message: 'train auprc_mean:'
Arguments: (0.36118602432627694,)
 
 
 
 
 
 
 
 
INFO:root:val loss: 0.013058083093417392
INFO:root:Epoch:11
Message: 'val auroc_mean: '
Arguments: (0.7966888197775707,)

Message: 'val auprc_mean: '
Arguments: (0.3717026837682615,)
 
 
 
 
 
 
 
 
INFO:root:epoch loss: 0.22522849371685003
 
 
 
 
 
 
 
 
INFO:root:val loss: 0.013051204358445123
INFO:root:Epoch:12

Traceback (most recent call last):
  File "/ext3/medfuse/lib/python3.6/logging/__init__.py", line 994, in emit
    msg = self.format(record)
  File "/ext3/medfuse/lib/python3.6/logging/__init__.py", line 840, in format
    return fmt.format(record)
  File "/ext3/medfuse/lib/python3.6/logging/__init__.py", line 577, in format
    record.message = record.getMessage()
  File "/ext3/medfuse/lib/python3.6/logging/__init__.py", line 338, in getMessage
    msg = msg % self.args
TypeError: not all arguments converted during string formatting
Call stack:
  File "cxr_emb_eval.py", line 303, in <module>
    main()
  File "cxr_emb_eval.py", line 52, in main
    return linear_eval(params)
  File "cxr_emb_eval.py", line 297, in linear_eval
    
Message: 'val auroc_mean: '
Arguments: (0.7973581317157847,)

Message: 'val auprc_mean: '
Arguments: (0.37326265160717587,)
 
 
 
 
 
 
 
 
INFO:root:epoch loss: 0.22443898721995656
 
 
 
 
 
 
 
 
INFO:root:val loss: 0.013041215175438341
INFO:root:Epoch:13
Message: 'val auroc_mean: '
Arguments: (0.7988918318635052,)
Message: 'val auprc_mean: '
Arguments: (0.3729426681390426,)
 
 
 
 
 
 
 
 
INFO:root:epoch loss: 0.22377025711562215
 
 
 
 
 
 
 
 
INFO:root:val loss: 0.013040067964922464
INFO:root:Epoch:14
Message: 'val auroc_mean: '
Arguments: (0.7993209882258102,)

Traceback (most recent call last):
  File "/ext3/medfuse/lib/python3.6/logging/__init__.py", line 994, in emit
    msg = self.format(record)
  File "/ext3/medfuse/lib/python3.6/logging/__init__.py", line 840, in format
    return fmt.format(record)
  File "/ext3/medfuse/lib/python3.6/logging/__init__.py", line 577, in format
    record.message = record.getMessage()
  File "/ext3/medfuse/lib/python3.6/logging/__init__.py", line 338, in getMessage
    msg = msg % self.args
TypeError: not all arguments converted during string formatting
Call stack:
  File "cxr_emb_eval.py", line 303, in <module>
    main()
  File "cxr_emb_eval.py", line 52, in main
    return linear_eval(params)
  File "cxr_emb_eval.py", line 298, in linear_eval

Message: 'val auprc_mean: '
Arguments: (0.37465768111685616,)
 
 
 
 
 
 
 
 
INFO:root:epoch loss: 0.2229439772796007
 
 
 
 
 
 
 
 
INFO:root:val loss: 0.013054911503991703
INFO:root:Epoch:15

Traceback (most recent call last):
  File "/ext3/medfuse/lib/python3.6/logging/__init__.py", line 994, in emit
    msg = self.format(record)
  File "/ext3/medfuse/lib/python3.6/logging/__init__.py", line 840, in format
    return fmt.format(record)
  File "/ext3/medfuse/lib/python3.6/logging/__init__.py", line 577, in format
    record.message = record.getMessage()
  File "/ext3/medfuse/lib/python3.6/logging/__init__.py", line 338, in getMessage
    msg = msg % self.args
TypeError: not all arguments converted during string formatting
Call stack:
  File "cxr_emb_eval.py", line 303, in <module>
    main()
  File "cxr_emb_eval.py", line 52, in main
    return linear_eval(params)
  File "cxr_emb_eval.py", line 297, in linear_eval
    
Message: 'val auroc_mean: '
Arguments: (0.7985017928093887,)

Traceback (most recent call last):
  File "/ext3/medfuse/lib/python3.6/logging/__init__.py", line 994, in emit
    msg = self.format(record)
  File "/ext3/medfuse/lib/python3.6/logging/__init__.py", line 840, in format
    return fmt.format(record)
  File "/ext3/medfuse/lib/python3.6/logging/__init__.py", line 577, in format
    record.message = record.getMessage()
  File "/ext3/medfuse/lib/python3.6/logging/__init__.py", line 338, in getMessage
    msg = msg % self.args
TypeError: not all arguments converted during string formatting
Call stack:
  File "cxr_emb_eval.py", line 303, in <module>
    main()
  File "cxr_emb_eval.py", line 52, in main
    return linear_eval(params)
  File "cxr_emb_eval.py", line 298, in linear_eval

Message: 'val auprc_mean: '
Arguments: (0.3743589303165778,)
 
 
 
 
 
INFO:root:epoch loss: 0.22251463559604823

Traceback (most recent call last):
  File "/ext3/medfuse/lib/python3.6/logging/__init__.py", line 994, in emit
    msg = self.format(record)
  File "/ext3/medfuse/lib/python3.6/logging/__init__.py", line 840, in format
    return fmt.format(record)
  File "/ext3/medfuse/lib/python3.6/logging/__init__.py", line 577, in format
    record.message = record.getMessage()
  File "/ext3/medfuse/lib/python3.6/logging/__init__.py", line 338, in getMessage
    msg = msg % self.args
TypeError: not all arguments converted during string formatting
Call stack:
  File "cxr_emb_eval.py", line 303, in <module>
    main()
  File "cxr_emb_eval.py", line 52, in main
    return linear_eval(params)
  File "cxr_emb_eval.py", line 290, in linear_eval
    logger.info('train auroc_mean:', train_top1['auroc_mean'])
Message: 'train auroc_mean:'
Arguments: (0.8285456824926392,)

Traceback (most recent call last):
  File "/ext3/medfuse/lib/python3.6/logging/__init__.py", line 994, in emit
    msg = self.format(record)
  File "/ext3/medfuse/lib/python3.6/logging/__init__.py", line 840, in format
    return fmt.format(record)
  File "/ext3/medfuse/lib/python3.6/logging/__init__.py", line 577, in format
    record.message = record.getMessage()
  File "/ext3/medfuse/lib/python3.6/logging/__init__.py", line 338, in getMessage
    msg = msg % self.args
TypeError: not all arguments converted during string formatting
Call stack:
  File "cxr_emb_eval.py", line 303, in <module>
    main()
  File "cxr_emb_eval.py", line 52, in main
    return linear_eval(params)
  File "cxr_emb_eval.py", line 291, in linear_eval
    logger.info('train auprc_mean:', train_top1['auprc_mean'])
Message: 'train auprc_mean:'
Arguments: (0.37610131207140884,)
 
 
 
 
 
 
 
 
INFO:root:val loss: 0.01303478094436268
INFO:root:Epoch:16

Traceback (most recent call last):
  File "/ext3/medfuse/lib/python3.6/logging/__init__.py", line 994, in emit
    msg = self.format(record)
  File "/ext3/medfuse/lib/python3.6/logging/__init__.py", line 840, in format
    return fmt.format(record)
  File "/ext3/medfuse/lib/python3.6/logging/__init__.py", line 577, in format
    record.message = record.getMessage()
  File "/ext3/medfuse/lib/python3.6/logging/__init__.py", line 338, in getMessage
    msg = msg % self.args
TypeError: not all arguments converted during string formatting
Call stack:
  File "cxr_emb_eval.py", line 303, in <module>
    main()
  File "cxr_emb_eval.py", line 52, in main
    return linear_eval(params)
  File "cxr_emb_eval.py", line 297, in linear_eval
    
Message: 'val auroc_mean: '
Arguments: (0.7987485672288713,)

Traceback (most recent call last):
  File "/ext3/medfuse/lib/python3.6/logging/__init__.py", line 994, in emit
    msg = self.format(record)
  File "/ext3/medfuse/lib/python3.6/logging/__init__.py", line 840, in format
    return fmt.format(record)
  File "/ext3/medfuse/lib/python3.6/logging/__init__.py", line 577, in format
    record.message = record.getMessage()
  File "/ext3/medfuse/lib/python3.6/logging/__init__.py", line 338, in getMessage
    msg = msg % self.args
TypeError: not all arguments converted during string formatting
Call stack:
  File "cxr_emb_eval.py", line 303, in <module>
    main()
  File "cxr_emb_eval.py", line 52, in main
    return linear_eval(params)
  File "cxr_emb_eval.py", line 298, in linear_eval

Message: 'val auprc_mean: '
Arguments: (0.37444997349141484,)
 
 
 
 
 
 
 
 
INFO:root:epoch loss: 0.22176363987745884
 
 
 
 
 
 
 
 
INFO:root:val loss: 0.01304163341094274
INFO:root:Epoch:17

Message: 'val auroc_mean: '
Arguments: (0.7994357677288715,)
Message: 'val auprc_mean: '
Arguments: (0.3748099252993681,)
 
 
 
 
 
 
 
 
INFO:root:epoch loss: 0.22099148680922837
 
 
 
 
 
 
 
 
INFO:root:val loss: 0.01307169312075634
INFO:root:Epoch:18

Traceback (most recent call last):
  File "/ext3/medfuse/lib/python3.6/logging/__init__.py", line 994, in emit
    msg = self.format(record)
  File "/ext3/medfuse/lib/python3.6/logging/__init__.py", line 840, in format
    return fmt.format(record)
  File "/ext3/medfuse/lib/python3.6/logging/__init__.py", line 577, in format
    record.message = record.getMessage()
  File "/ext3/medfuse/lib/python3.6/logging/__init__.py", line 338, in getMessage
    msg = msg % self.args
TypeError: not all arguments converted during string formatting
Call stack:
  File "cxr_emb_eval.py", line 303, in <module>
    main()
  File "cxr_emb_eval.py", line 52, in main
    return linear_eval(params)
  File "cxr_emb_eval.py", line 297, in linear_eval
    
Message: 'val auroc_mean: '
Arguments: (0.7982756459714064,)

Traceback (most recent call last):
  File "/ext3/medfuse/lib/python3.6/logging/__init__.py", line 994, in emit
    msg = self.format(record)
  File "/ext3/medfuse/lib/python3.6/logging/__init__.py", line 840, in format
    return fmt.format(record)
  File "/ext3/medfuse/lib/python3.6/logging/__init__.py", line 577, in format
    record.message = record.getMessage()
  File "/ext3/medfuse/lib/python3.6/logging/__init__.py", line 338, in getMessage
    msg = msg % self.args
TypeError: not all arguments converted during string formatting
Call stack:
  File "cxr_emb_eval.py", line 303, in <module>
    main()
  File "cxr_emb_eval.py", line 52, in main
    return linear_eval(params)
  File "cxr_emb_eval.py", line 298, in linear_eval

Message: 'val auprc_mean: '
Arguments: (0.3741633622251901,)
 
 
 
 
 
 
 
 
INFO:root:epoch loss: 0.22042463171865687
 
 
 
 
 
 
 
 
INFO:root:val loss: 0.013091281854104535
INFO:root:Epoch:19

Traceback (most recent call last):
  File "/ext3/medfuse/lib/python3.6/logging/__init__.py", line 994, in emit
    msg = self.format(record)
  File "/ext3/medfuse/lib/python3.6/logging/__init__.py", line 840, in format
    return fmt.format(record)
  File "/ext3/medfuse/lib/python3.6/logging/__init__.py", line 577, in format
    record.message = record.getMessage()
  File "/ext3/medfuse/lib/python3.6/logging/__init__.py", line 338, in getMessage
    msg = msg % self.args
TypeError: not all arguments converted during string formatting
Call stack:
  File "cxr_emb_eval.py", line 303, in <module>
    main()
  File "cxr_emb_eval.py", line 52, in main
    return linear_eval(params)
  File "cxr_emb_eval.py", line 297, in linear_eval
    
Message: 'val auroc_mean: '
Arguments: (0.7982016930937769,)

Traceback (most recent call last):
  File "/ext3/medfuse/lib/python3.6/logging/__init__.py", line 994, in emit
    msg = self.format(record)
  File "/ext3/medfuse/lib/python3.6/logging/__init__.py", line 840, in format
    return fmt.format(record)
  File "/ext3/medfuse/lib/python3.6/logging/__init__.py", line 577, in format
    record.message = record.getMessage()
  File "/ext3/medfuse/lib/python3.6/logging/__init__.py", line 338, in getMessage
    msg = msg % self.args
TypeError: not all arguments converted during string formatting
Call stack:
  File "cxr_emb_eval.py", line 303, in <module>
    main()
  File "cxr_emb_eval.py", line 52, in main
    return linear_eval(params)
  File "cxr_emb_eval.py", line 298, in linear_eval

Message: 'val auprc_mean: '
Arguments: (0.37418967992029645,)
 
 
 
 
 
 
 
 
INFO:root:epoch loss: 0.2197687587532336
 
 
 
 
 
 
 
 
INFO:root:val loss: 0.013087202927372255
INFO:root:Epoch:20

Traceback (most recent call last):
  File "/ext3/medfuse/lib/python3.6/logging/__init__.py", line 994, in emit
    msg = self.format(record)
  File "/ext3/medfuse/lib/python3.6/logging/__init__.py", line 840, in format
    return fmt.format(record)
  File "/ext3/medfuse/lib/python3.6/logging/__init__.py", line 577, in format
    record.message = record.getMessage()
  File "/ext3/medfuse/lib/python3.6/logging/__init__.py", line 338, in getMessage
    msg = msg % self.args
TypeError: not all arguments converted during string formatting
Call stack:
  File "cxr_emb_eval.py", line 303, in <module>
    main()
  File "cxr_emb_eval.py", line 52, in main
    return linear_eval(params)
  File "cxr_emb_eval.py", line 297, in linear_eval
    
Message: 'val auroc_mean: '
Arguments: (0.7986364554351066,)

Traceback (most recent call last):
  File "/ext3/medfuse/lib/python3.6/logging/__init__.py", line 994, in emit
    msg = self.format(record)
  File "/ext3/medfuse/lib/python3.6/logging/__init__.py", line 840, in format
    return fmt.format(record)
  File "/ext3/medfuse/lib/python3.6/logging/__init__.py", line 577, in format
    record.message = record.getMessage()
  File "/ext3/medfuse/lib/python3.6/logging/__init__.py", line 338, in getMessage
    msg = msg % self.args
TypeError: not all arguments converted during string formatting
Call stack:
  File "cxr_emb_eval.py", line 303, in <module>
    main()
  File "cxr_emb_eval.py", line 52, in main
    return linear_eval(params)
  File "cxr_emb_eval.py", line 298, in linear_eval

Message: 'val auprc_mean: '
Arguments: (0.37419617402225896,)
 
 
 
 
 
 
 
 
INFO:root:epoch loss: 0.2191748142134654

Traceback (most recent call last):
  File "/ext3/medfuse/lib/python3.6/logging/__init__.py", line 994, in emit
    msg = self.format(record)
  File "/ext3/medfuse/lib/python3.6/logging/__init__.py", line 840, in format
    return fmt.format(record)
  File "/ext3/medfuse/lib/python3.6/logging/__init__.py", line 577, in format
    record.message = record.getMessage()
  File "/ext3/medfuse/lib/python3.6/logging/__init__.py", line 338, in getMessage
    msg = msg % self.args
TypeError: not all arguments converted during string formatting
Call stack:
  File "cxr_emb_eval.py", line 303, in <module>
    main()
  File "cxr_emb_eval.py", line 52, in main
    return linear_eval(params)
  File "cxr_emb_eval.py", line 290, in linear_eval
    logger.info('train auroc_mean:', train_top1['auroc_mean'])
Message: 'train auroc_mean:'
Arguments: (0.8360091051328935,)

Traceback (most recent call last):
  File "/ext3/medfuse/lib/python3.6/logging/__init__.py", line 994, in emit
    msg = self.format(record)
  File "/ext3/medfuse/lib/python3.6/logging/__init__.py", line 840, in format
    return fmt.format(record)
  File "/ext3/medfuse/lib/python3.6/logging/__init__.py", line 577, in format
    record.message = record.getMessage()
  File "/ext3/medfuse/lib/python3.6/logging/__init__.py", line 338, in getMessage
    msg = msg % self.args
TypeError: not all arguments converted during string formatting
Call stack:
  File "cxr_emb_eval.py", line 303, in <module>
    main()
  File "cxr_emb_eval.py", line 52, in main
    return linear_eval(params)
  File "cxr_emb_eval.py", line 291, in linear_eval
    logger.info('train auprc_mean:', train_top1['auprc_mean'])
Message: 'train auprc_mean:'
Arguments: (0.39003229393367117,)
 
 
 
 
 
 
 
 
INFO:root:val loss: 0.013086007890023718
INFO:root:Epoch:21

Traceback (most recent call last):
  File "/ext3/medfuse/lib/python3.6/logging/__init__.py", line 994, in emit
    msg = self.format(record)
  File "/ext3/medfuse/lib/python3.6/logging/__init__.py", line 840, in format
    return fmt.format(record)
  File "/ext3/medfuse/lib/python3.6/logging/__init__.py", line 577, in format
    record.message = record.getMessage()
  File "/ext3/medfuse/lib/python3.6/logging/__init__.py", line 338, in getMessage
    msg = msg % self.args
TypeError: not all arguments converted during string formatting
Call stack:
  File "cxr_emb_eval.py", line 303, in <module>
    main()
  File "cxr_emb_eval.py", line 52, in main
    return linear_eval(params)
  File "cxr_emb_eval.py", line 297, in linear_eval
    
Message: 'val auroc_mean: '
Arguments: (0.7988521940917162,)

Traceback (most recent call last):
  File "/ext3/medfuse/lib/python3.6/logging/__init__.py", line 994, in emit
    msg = self.format(record)
  File "/ext3/medfuse/lib/python3.6/logging/__init__.py", line 840, in format
    return fmt.format(record)
  File "/ext3/medfuse/lib/python3.6/logging/__init__.py", line 577, in format
    record.message = record.getMessage()
  File "/ext3/medfuse/lib/python3.6/logging/__init__.py", line 338, in getMessage
    msg = msg % self.args
TypeError: not all arguments converted during string formatting
Call stack:
  File "cxr_emb_eval.py", line 303, in <module>
    main()
  File "cxr_emb_eval.py", line 52, in main
    return linear_eval(params)
  File "cxr_emb_eval.py", line 298, in linear_eval

Message: 'val auprc_mean: '
Arguments: (0.37469055998327583,)
 
 
 
 
 
 
 
 
INFO:root:epoch loss: 0.21839110549158808
 
 
 
 
 
 
 
 
INFO:root:val loss: 0.013101341190757631
INFO:root:Epoch:22

Traceback (most recent call last):
  File "/ext3/medfuse/lib/python3.6/logging/__init__.py", line 994, in emit
    msg = self.format(record)
  File "/ext3/medfuse/lib/python3.6/logging/__init__.py", line 840, in format
    return fmt.format(record)
  File "/ext3/medfuse/lib/python3.6/logging/__init__.py", line 577, in format
    record.message = record.getMessage()
  File "/ext3/medfuse/lib/python3.6/logging/__init__.py", line 338, in getMessage
    msg = msg % self.args
TypeError: not all arguments converted during string formatting
Call stack:
  File "cxr_emb_eval.py", line 303, in <module>
    main()
  File "cxr_emb_eval.py", line 52, in main
    return linear_eval(params)
  File "cxr_emb_eval.py", line 297, in linear_eval
    
Message: 'val auroc_mean: '
Arguments: (0.7983892710164817,)

Traceback (most recent call last):
  File "/ext3/medfuse/lib/python3.6/logging/__init__.py", line 994, in emit
    msg = self.format(record)
  File "/ext3/medfuse/lib/python3.6/logging/__init__.py", line 840, in format
    return fmt.format(record)
  File "/ext3/medfuse/lib/python3.6/logging/__init__.py", line 577, in format
    record.message = record.getMessage()
  File "/ext3/medfuse/lib/python3.6/logging/__init__.py", line 338, in getMessage
    msg = msg % self.args
TypeError: not all arguments converted during string formatting
Call stack:
  File "cxr_emb_eval.py", line 303, in <module>
    main()
  File "cxr_emb_eval.py", line 52, in main
    return linear_eval(params)
  File "cxr_emb_eval.py", line 298, in linear_eval

Message: 'val auprc_mean: '
Arguments: (0.3735339607204034,)
 
 
 
 
 
 
 
 
INFO:root:epoch loss: 0.2176641477589015
 
 
 
 
 
 
 
 
INFO:root:val loss: 0.013112605374714821
INFO:root:Epoch:23

Traceback (most recent call last):
  File "/ext3/medfuse/lib/python3.6/logging/__init__.py", line 994, in emit
    msg = self.format(record)
  File "/ext3/medfuse/lib/python3.6/logging/__init__.py", line 840, in format
    return fmt.format(record)
  File "/ext3/medfuse/lib/python3.6/logging/__init__.py", line 577, in format
    record.message = record.getMessage()
  File "/ext3/medfuse/lib/python3.6/logging/__init__.py", line 338, in getMessage
    msg = msg % self.args
TypeError: not all arguments converted during string formatting
Call stack:
  File "cxr_emb_eval.py", line 303, in <module>
    main()
  File "cxr_emb_eval.py", line 52, in main
    return linear_eval(params)
  File "cxr_emb_eval.py", line 297, in linear_eval
    
Message: 'val auroc_mean: '
Arguments: (0.7984004948814354,)

Traceback (most recent call last):
  File "/ext3/medfuse/lib/python3.6/logging/__init__.py", line 994, in emit
    msg = self.format(record)
  File "/ext3/medfuse/lib/python3.6/logging/__init__.py", line 840, in format
    return fmt.format(record)
  File "/ext3/medfuse/lib/python3.6/logging/__init__.py", line 577, in format
    record.message = record.getMessage()
  File "/ext3/medfuse/lib/python3.6/logging/__init__.py", line 338, in getMessage
    msg = msg % self.args
TypeError: not all arguments converted during string formatting
Call stack:
  File "cxr_emb_eval.py", line 303, in <module>
    main()
  File "cxr_emb_eval.py", line 52, in main
    return linear_eval(params)
  File "cxr_emb_eval.py", line 298, in linear_eval

Message: 'val auprc_mean: '
Arguments: (0.3737709114623099,)
 
 
 
 
 
 
 
 
INFO:root:epoch loss: 0.21700500945299073
 
 
 
 
 
 
 
 
INFO:root:val loss: 0.013130608531837973
INFO:root:Epoch:24

Traceback (most recent call last):
  File "/ext3/medfuse/lib/python3.6/logging/__init__.py", line 994, in emit
    msg = self.format(record)
  File "/ext3/medfuse/lib/python3.6/logging/__init__.py", line 840, in format
    return fmt.format(record)
  File "/ext3/medfuse/lib/python3.6/logging/__init__.py", line 577, in format
    record.message = record.getMessage()
  File "/ext3/medfuse/lib/python3.6/logging/__init__.py", line 338, in getMessage
    msg = msg % self.args
TypeError: not all arguments converted during string formatting
Call stack:
  File "cxr_emb_eval.py", line 303, in <module>
    main()
  File "cxr_emb_eval.py", line 52, in main
    return linear_eval(params)
  File "cxr_emb_eval.py", line 297, in linear_eval
    
Message: 'val auroc_mean: '
Arguments: (0.7977142114834547,)

Traceback (most recent call last):
  File "/ext3/medfuse/lib/python3.6/logging/__init__.py", line 994, in emit
    msg = self.format(record)
  File "/ext3/medfuse/lib/python3.6/logging/__init__.py", line 840, in format
    return fmt.format(record)
  File "/ext3/medfuse/lib/python3.6/logging/__init__.py", line 577, in format
    record.message = record.getMessage()
  File "/ext3/medfuse/lib/python3.6/logging/__init__.py", line 338, in getMessage
    msg = msg % self.args
TypeError: not all arguments converted during string formatting
Call stack:
  File "cxr_emb_eval.py", line 303, in <module>
    main()
  File "cxr_emb_eval.py", line 52, in main
    return linear_eval(params)
  File "cxr_emb_eval.py", line 298, in linear_eval

Message: 'val auprc_mean: '
Arguments: (0.372824213043916,)
 
 
 
 
 
 
 
 
INFO:root:epoch loss: 0.21614195567736638
 
 
 
 
 
 
 
 
INFO:root:val loss: 0.01320120425375398
INFO:root:Epoch:25

Traceback (most recent call last):
  File "/ext3/medfuse/lib/python3.6/logging/__init__.py", line 994, in emit
    msg = self.format(record)
  File "/ext3/medfuse/lib/python3.6/logging/__init__.py", line 840, in format
    return fmt.format(record)
  File "/ext3/medfuse/lib/python3.6/logging/__init__.py", line 577, in format
    record.message = record.getMessage()
  File "/ext3/medfuse/lib/python3.6/logging/__init__.py", line 338, in getMessage
    msg = msg % self.args
TypeError: not all arguments converted during string formatting
Call stack:
  File "cxr_emb_eval.py", line 303, in <module>
    main()
  File "cxr_emb_eval.py", line 52, in main
    return linear_eval(params)
  File "cxr_emb_eval.py", line 297, in linear_eval
    
Message: 'val auroc_mean: '
Arguments: (0.7970380686510795,)

Traceback (most recent call last):
  File "/ext3/medfuse/lib/python3.6/logging/__init__.py", line 994, in emit
    msg = self.format(record)
  File "/ext3/medfuse/lib/python3.6/logging/__init__.py", line 840, in format
    return fmt.format(record)
  File "/ext3/medfuse/lib/python3.6/logging/__init__.py", line 577, in format
    record.message = record.getMessage()
  File "/ext3/medfuse/lib/python3.6/logging/__init__.py", line 338, in getMessage
    msg = msg % self.args
TypeError: not all arguments converted during string formatting
Call stack:
  File "cxr_emb_eval.py", line 303, in <module>
    main()
  File "cxr_emb_eval.py", line 52, in main
    return linear_eval(params)
  File "cxr_emb_eval.py", line 298, in linear_eval

Message: 'val auprc_mean: '
Arguments: (0.37140224347964956,)
 
 
 
 
 
 
 
 
INFO:root:epoch loss: 0.2155418158984488

Traceback (most recent call last):
  File "/ext3/medfuse/lib/python3.6/logging/__init__.py", line 994, in emit
    msg = self.format(record)
  File "/ext3/medfuse/lib/python3.6/logging/__init__.py", line 840, in format
    return fmt.format(record)
  File "/ext3/medfuse/lib/python3.6/logging/__init__.py", line 577, in format
    record.message = record.getMessage()
  File "/ext3/medfuse/lib/python3.6/logging/__init__.py", line 338, in getMessage
    msg = msg % self.args
TypeError: not all arguments converted during string formatting
Call stack:
  File "cxr_emb_eval.py", line 303, in <module>
    main()
  File "cxr_emb_eval.py", line 52, in main
    return linear_eval(params)
  File "cxr_emb_eval.py", line 290, in linear_eval
    logger.info('train auroc_mean:', train_top1['auroc_mean'])
Message: 'train auroc_mean:'
Arguments: (0.8435903935936219,)

Traceback (most recent call last):
  File "/ext3/medfuse/lib/python3.6/logging/__init__.py", line 994, in emit
    msg = self.format(record)
  File "/ext3/medfuse/lib/python3.6/logging/__init__.py", line 840, in format
    return fmt.format(record)
  File "/ext3/medfuse/lib/python3.6/logging/__init__.py", line 577, in format
    record.message = record.getMessage()
  File "/ext3/medfuse/lib/python3.6/logging/__init__.py", line 338, in getMessage
    msg = msg % self.args
TypeError: not all arguments converted during string formatting
Call stack:
  File "cxr_emb_eval.py", line 303, in <module>
    main()
  File "cxr_emb_eval.py", line 52, in main
    return linear_eval(params)
  File "cxr_emb_eval.py", line 291, in linear_eval
    logger.info('train auprc_mean:', train_top1['auprc_mean'])
Message: 'train auprc_mean:'
Arguments: (0.4041528866596135,)
 
 
 
 
 
 
 
 
INFO:root:val loss: 0.013187804405812648
INFO:root:Epoch:26

Traceback (most recent call last):
  File "/ext3/medfuse/lib/python3.6/logging/__init__.py", line 994, in emit
    msg = self.format(record)
  File "/ext3/medfuse/lib/python3.6/logging/__init__.py", line 840, in format
    return fmt.format(record)
  File "/ext3/medfuse/lib/python3.6/logging/__init__.py", line 577, in format
    record.message = record.getMessage()
  File "/ext3/medfuse/lib/python3.6/logging/__init__.py", line 338, in getMessage
    msg = msg % self.args
TypeError: not all arguments converted during string formatting
Call stack:
  File "cxr_emb_eval.py", line 303, in <module>
    main()
  File "cxr_emb_eval.py", line 52, in main
    return linear_eval(params)
  File "cxr_emb_eval.py", line 297, in linear_eval
    
Message: 'val auroc_mean: '
Arguments: (0.7968746744633405,)

Traceback (most recent call last):
  File "/ext3/medfuse/lib/python3.6/logging/__init__.py", line 994, in emit
    msg = self.format(record)
  File "/ext3/medfuse/lib/python3.6/logging/__init__.py", line 840, in format
    return fmt.format(record)
  File "/ext3/medfuse/lib/python3.6/logging/__init__.py", line 577, in format
    record.message = record.getMessage()
  File "/ext3/medfuse/lib/python3.6/logging/__init__.py", line 338, in getMessage
    msg = msg % self.args
TypeError: not all arguments converted during string formatting
Call stack:
  File "cxr_emb_eval.py", line 303, in <module>
    main()
  File "cxr_emb_eval.py", line 52, in main
    return linear_eval(params)
  File "cxr_emb_eval.py", line 298, in linear_eval

Message: 'val auprc_mean: '
Arguments: (0.37128367720402994,)
 
 
 
 
 
 
 
 
INFO:root:epoch loss: 0.21463992065223822
 
 
 
 
 
 
 
 
INFO:root:val loss: 0.013263942169007578
INFO:root:Epoch:27

Traceback (most recent call last):
  File "/ext3/medfuse/lib/python3.6/logging/__init__.py", line 994, in emit
    msg = self.format(record)
  File "/ext3/medfuse/lib/python3.6/logging/__init__.py", line 840, in format
    return fmt.format(record)
  File "/ext3/medfuse/lib/python3.6/logging/__init__.py", line 577, in format
    record.message = record.getMessage()
  File "/ext3/medfuse/lib/python3.6/logging/__init__.py", line 338, in getMessage
    msg = msg % self.args
TypeError: not all arguments converted during string formatting
Call stack:
  File "cxr_emb_eval.py", line 303, in <module>
    main()
  File "cxr_emb_eval.py", line 52, in main
    return linear_eval(params)
  File "cxr_emb_eval.py", line 297, in linear_eval
    
Message: 'val auroc_mean: '
Arguments: (0.7945118998926235,)

Traceback (most recent call last):
  File "/ext3/medfuse/lib/python3.6/logging/__init__.py", line 994, in emit
    msg = self.format(record)
  File "/ext3/medfuse/lib/python3.6/logging/__init__.py", line 840, in format
    return fmt.format(record)
  File "/ext3/medfuse/lib/python3.6/logging/__init__.py", line 577, in format
    record.message = record.getMessage()
  File "/ext3/medfuse/lib/python3.6/logging/__init__.py", line 338, in getMessage
    msg = msg % self.args
TypeError: not all arguments converted during string formatting
Call stack:
  File "cxr_emb_eval.py", line 303, in <module>
    main()
  File "cxr_emb_eval.py", line 52, in main
    return linear_eval(params)
  File "cxr_emb_eval.py", line 298, in linear_eval

Message: 'val auprc_mean: '
Arguments: (0.3690834137526982,)
 
 
 
 
 
 
 
 
INFO:root:epoch loss: 0.21400075152742185
 
 
 
 
 
 
 
 
INFO:root:val loss: 0.013283094838833486
INFO:root:Epoch:28

Traceback (most recent call last):
  File "/ext3/medfuse/lib/python3.6/logging/__init__.py", line 994, in emit
    msg = self.format(record)
  File "/ext3/medfuse/lib/python3.6/logging/__init__.py", line 840, in format
    return fmt.format(record)
  File "/ext3/medfuse/lib/python3.6/logging/__init__.py", line 577, in format
    record.message = record.getMessage()
  File "/ext3/medfuse/lib/python3.6/logging/__init__.py", line 338, in getMessage
    msg = msg % self.args
TypeError: not all arguments converted during string formatting
Call stack:
  File "cxr_emb_eval.py", line 303, in <module>
    main()
  File "cxr_emb_eval.py", line 52, in main
    return linear_eval(params)
  File "cxr_emb_eval.py", line 297, in linear_eval
    
Message: 'val auroc_mean: '
Arguments: (0.7950625120154801,)

Traceback (most recent call last):
  File "/ext3/medfuse/lib/python3.6/logging/__init__.py", line 994, in emit
    msg = self.format(record)
  File "/ext3/medfuse/lib/python3.6/logging/__init__.py", line 840, in format
    return fmt.format(record)
  File "/ext3/medfuse/lib/python3.6/logging/__init__.py", line 577, in format
    record.message = record.getMessage()
  File "/ext3/medfuse/lib/python3.6/logging/__init__.py", line 338, in getMessage
    msg = msg % self.args
TypeError: not all arguments converted during string formatting
Call stack:
  File "cxr_emb_eval.py", line 303, in <module>
    main()
  File "cxr_emb_eval.py", line 52, in main
    return linear_eval(params)
  File "cxr_emb_eval.py", line 298, in linear_eval

Message: 'val auprc_mean: '
Arguments: (0.36972008293431985,)
 
 
 
 
 
 
 
 
INFO:root:epoch loss: 0.21309718571249905
 
 
 
 
 
 
 
 
INFO:root:val loss: 0.013330243549884668
INFO:root:Epoch:29

Traceback (most recent call last):
  File "/ext3/medfuse/lib/python3.6/logging/__init__.py", line 994, in emit
    msg = self.format(record)
  File "/ext3/medfuse/lib/python3.6/logging/__init__.py", line 840, in format
    return fmt.format(record)
  File "/ext3/medfuse/lib/python3.6/logging/__init__.py", line 577, in format
    record.message = record.getMessage()
  File "/ext3/medfuse/lib/python3.6/logging/__init__.py", line 338, in getMessage
    msg = msg % self.args
TypeError: not all arguments converted during string formatting
Call stack:
  File "cxr_emb_eval.py", line 303, in <module>
    main()
  File "cxr_emb_eval.py", line 52, in main
    return linear_eval(params)
  File "cxr_emb_eval.py", line 297, in linear_eval
    
Message: 'val auroc_mean: '
Arguments: (0.7933799673078678,)

Traceback (most recent call last):
  File "/ext3/medfuse/lib/python3.6/logging/__init__.py", line 994, in emit
    msg = self.format(record)
  File "/ext3/medfuse/lib/python3.6/logging/__init__.py", line 840, in format
    return fmt.format(record)
  File "/ext3/medfuse/lib/python3.6/logging/__init__.py", line 577, in format
    record.message = record.getMessage()
  File "/ext3/medfuse/lib/python3.6/logging/__init__.py", line 338, in getMessage
    msg = msg % self.args
TypeError: not all arguments converted during string formatting
Call stack:
  File "cxr_emb_eval.py", line 303, in <module>
    main()
  File "cxr_emb_eval.py", line 52, in main
    return linear_eval(params)
  File "cxr_emb_eval.py", line 298, in linear_eval

Message: 'val auprc_mean: '
Arguments: (0.3664627402192443,)
 
 
 
 
 
 
 
 
INFO:root:epoch loss: 0.2121909252450213
 
 
 
 
 
 
 
 
INFO:root:val loss: 0.013316652919569957
INFO:root:Epoch:30

Traceback (most recent call last):
  File "/ext3/medfuse/lib/python3.6/logging/__init__.py", line 994, in emit
    msg = self.format(record)
  File "/ext3/medfuse/lib/python3.6/logging/__init__.py", line 840, in format
    return fmt.format(record)
  File "/ext3/medfuse/lib/python3.6/logging/__init__.py", line 577, in format
    record.message = record.getMessage()
  File "/ext3/medfuse/lib/python3.6/logging/__init__.py", line 338, in getMessage
    msg = msg % self.args
TypeError: not all arguments converted during string formatting
Call stack:
  File "cxr_emb_eval.py", line 303, in <module>
    main()
  File "cxr_emb_eval.py", line 52, in main
    return linear_eval(params)
  File "cxr_emb_eval.py", line 297, in linear_eval
    
Message: 'val auroc_mean: '
Arguments: (0.7938595721476148,)

Traceback (most recent call last):
  File "/ext3/medfuse/lib/python3.6/logging/__init__.py", line 994, in emit
    msg = self.format(record)
  File "/ext3/medfuse/lib/python3.6/logging/__init__.py", line 840, in format
    return fmt.format(record)
  File "/ext3/medfuse/lib/python3.6/logging/__init__.py", line 577, in format
    record.message = record.getMessage()
  File "/ext3/medfuse/lib/python3.6/logging/__init__.py", line 338, in getMessage
    msg = msg % self.args
TypeError: not all arguments converted during string formatting
Call stack:
  File "cxr_emb_eval.py", line 303, in <module>
    main()
  File "cxr_emb_eval.py", line 52, in main
    return linear_eval(params)
  File "cxr_emb_eval.py", line 298, in linear_eval

Message: 'val auprc_mean: '
Arguments: (0.3664223066492748,)
 
 
 
 
 
 
 
 
INFO:root:epoch loss: 0.21143890288452233

Traceback (most recent call last):
  File "/ext3/medfuse/lib/python3.6/logging/__init__.py", line 994, in emit
    msg = self.format(record)
  File "/ext3/medfuse/lib/python3.6/logging/__init__.py", line 840, in format
    return fmt.format(record)
  File "/ext3/medfuse/lib/python3.6/logging/__init__.py", line 577, in format
    record.message = record.getMessage()
  File "/ext3/medfuse/lib/python3.6/logging/__init__.py", line 338, in getMessage
    msg = msg % self.args
TypeError: not all arguments converted during string formatting
Call stack:
  File "cxr_emb_eval.py", line 303, in <module>
    main()
  File "cxr_emb_eval.py", line 52, in main
    return linear_eval(params)
  File "cxr_emb_eval.py", line 290, in linear_eval
    logger.info('train auroc_mean:', train_top1['auroc_mean'])
Message: 'train auroc_mean:'
Arguments: (0.8518047481476542,)

Traceback (most recent call last):
  File "/ext3/medfuse/lib/python3.6/logging/__init__.py", line 994, in emit
    msg = self.format(record)
  File "/ext3/medfuse/lib/python3.6/logging/__init__.py", line 840, in format
    return fmt.format(record)
  File "/ext3/medfuse/lib/python3.6/logging/__init__.py", line 577, in format
    record.message = record.getMessage()
  File "/ext3/medfuse/lib/python3.6/logging/__init__.py", line 338, in getMessage
    msg = msg % self.args
TypeError: not all arguments converted during string formatting
Call stack:
  File "cxr_emb_eval.py", line 303, in <module>
    main()
  File "cxr_emb_eval.py", line 52, in main
    return linear_eval(params)
  File "cxr_emb_eval.py", line 291, in linear_eval
    logger.info('train auprc_mean:', train_top1['auprc_mean'])
Message: 'train auprc_mean:'
Arguments: (0.4216224663050904,)
 
 
 
 
 
 
 
 
INFO:root:val loss: 0.013409044257042752
INFO:root:Epoch:31

Traceback (most recent call last):
  File "/ext3/medfuse/lib/python3.6/logging/__init__.py", line 994, in emit
    msg = self.format(record)
  File "/ext3/medfuse/lib/python3.6/logging/__init__.py", line 840, in format
    return fmt.format(record)
  File "/ext3/medfuse/lib/python3.6/logging/__init__.py", line 577, in format
    record.message = record.getMessage()
  File "/ext3/medfuse/lib/python3.6/logging/__init__.py", line 338, in getMessage
    msg = msg % self.args
TypeError: not all arguments converted during string formatting
Call stack:
  File "cxr_emb_eval.py", line 303, in <module>
    main()
  File "cxr_emb_eval.py", line 52, in main
    return linear_eval(params)
  File "cxr_emb_eval.py", line 297, in linear_eval
    
Message: 'val auroc_mean: '
Arguments: (0.7914523219112211,)

Traceback (most recent call last):
  File "/ext3/medfuse/lib/python3.6/logging/__init__.py", line 994, in emit
    msg = self.format(record)
  File "/ext3/medfuse/lib/python3.6/logging/__init__.py", line 840, in format
    return fmt.format(record)
  File "/ext3/medfuse/lib/python3.6/logging/__init__.py", line 577, in format
    record.message = record.getMessage()
  File "/ext3/medfuse/lib/python3.6/logging/__init__.py", line 338, in getMessage
    msg = msg % self.args
TypeError: not all arguments converted during string formatting
Call stack:
  File "cxr_emb_eval.py", line 303, in <module>
    main()
  File "cxr_emb_eval.py", line 52, in main
    return linear_eval(params)
  File "cxr_emb_eval.py", line 298, in linear_eval

Message: 'val auprc_mean: '
Arguments: (0.3636983566795578,)
 
 
 
 
 
 
 
 
INFO:root:epoch loss: 0.21041907648295838
 
 
 
 
 
 
 
 
INFO:root:val loss: 0.013470019327681545
INFO:root:Epoch:32

Traceback (most recent call last):
  File "/ext3/medfuse/lib/python3.6/logging/__init__.py", line 994, in emit
    msg = self.format(record)
  File "/ext3/medfuse/lib/python3.6/logging/__init__.py", line 840, in format
    return fmt.format(record)
  File "/ext3/medfuse/lib/python3.6/logging/__init__.py", line 577, in format
    record.message = record.getMessage()
  File "/ext3/medfuse/lib/python3.6/logging/__init__.py", line 338, in getMessage
    msg = msg % self.args
TypeError: not all arguments converted during string formatting
Call stack:
  File "cxr_emb_eval.py", line 303, in <module>
    main()
  File "cxr_emb_eval.py", line 52, in main
    return linear_eval(params)
  File "cxr_emb_eval.py", line 297, in linear_eval
    
Message: 'val auroc_mean: '
Arguments: (0.7906483785479675,)

Traceback (most recent call last):
  File "/ext3/medfuse/lib/python3.6/logging/__init__.py", line 994, in emit
    msg = self.format(record)
  File "/ext3/medfuse/lib/python3.6/logging/__init__.py", line 840, in format
    return fmt.format(record)
  File "/ext3/medfuse/lib/python3.6/logging/__init__.py", line 577, in format
    record.message = record.getMessage()
  File "/ext3/medfuse/lib/python3.6/logging/__init__.py", line 338, in getMessage
    msg = msg % self.args
TypeError: not all arguments converted during string formatting
Call stack:
  File "cxr_emb_eval.py", line 303, in <module>
    main()
  File "cxr_emb_eval.py", line 52, in main
    return linear_eval(params)
  File "cxr_emb_eval.py", line 298, in linear_eval

Message: 'val auprc_mean: '
Arguments: (0.36223827403827186,)
 
 
 
 
 
 
 
 
INFO:root:epoch loss: 0.20935706614449406
 
 
 
 
 
 
 
 
INFO:root:val loss: 0.013491789372833993
INFO:root:Epoch:33

Traceback (most recent call last):
  File "/ext3/medfuse/lib/python3.6/logging/__init__.py", line 994, in emit
    msg = self.format(record)
  File "/ext3/medfuse/lib/python3.6/logging/__init__.py", line 840, in format
    return fmt.format(record)
  File "/ext3/medfuse/lib/python3.6/logging/__init__.py", line 577, in format
    record.message = record.getMessage()
  File "/ext3/medfuse/lib/python3.6/logging/__init__.py", line 338, in getMessage
    msg = msg % self.args
TypeError: not all arguments converted during string formatting
Call stack:
  File "cxr_emb_eval.py", line 303, in <module>
    main()
  File "cxr_emb_eval.py", line 52, in main
    return linear_eval(params)
  File "cxr_emb_eval.py", line 297, in linear_eval
    
Message: 'val auroc_mean: '
Arguments: (0.7902493252493149,)

Traceback (most recent call last):
  File "/ext3/medfuse/lib/python3.6/logging/__init__.py", line 994, in emit
    msg = self.format(record)
  File "/ext3/medfuse/lib/python3.6/logging/__init__.py", line 840, in format
    return fmt.format(record)
  File "/ext3/medfuse/lib/python3.6/logging/__init__.py", line 577, in format
    record.message = record.getMessage()
  File "/ext3/medfuse/lib/python3.6/logging/__init__.py", line 338, in getMessage
    msg = msg % self.args
TypeError: not all arguments converted during string formatting
Call stack:
  File "cxr_emb_eval.py", line 303, in <module>
    main()
  File "cxr_emb_eval.py", line 52, in main
    return linear_eval(params)
  File "cxr_emb_eval.py", line 298, in linear_eval

Message: 'val auprc_mean: '
Arguments: (0.36099174668105094,)
 
 
 
 
 
 
 
 
INFO:root:epoch loss: 0.20860804236737604
 
 
 
 
 
 
 
 
INFO:root:val loss: 0.01359950330367217
INFO:root:Epoch:34

Traceback (most recent call last):
  File "/ext3/medfuse/lib/python3.6/logging/__init__.py", line 994, in emit
    msg = self.format(record)
  File "/ext3/medfuse/lib/python3.6/logging/__init__.py", line 840, in format
    return fmt.format(record)
  File "/ext3/medfuse/lib/python3.6/logging/__init__.py", line 577, in format
    record.message = record.getMessage()
  File "/ext3/medfuse/lib/python3.6/logging/__init__.py", line 338, in getMessage
    msg = msg % self.args
TypeError: not all arguments converted during string formatting
Call stack:
  File "cxr_emb_eval.py", line 303, in <module>
    main()
  File "cxr_emb_eval.py", line 52, in main
    return linear_eval(params)
  File "cxr_emb_eval.py", line 297, in linear_eval
    
Message: 'val auroc_mean: '
Arguments: (0.7874629030050448,)

Traceback (most recent call last):
  File "/ext3/medfuse/lib/python3.6/logging/__init__.py", line 994, in emit
    msg = self.format(record)
  File "/ext3/medfuse/lib/python3.6/logging/__init__.py", line 840, in format
    return fmt.format(record)
  File "/ext3/medfuse/lib/python3.6/logging/__init__.py", line 577, in format
    record.message = record.getMessage()
  File "/ext3/medfuse/lib/python3.6/logging/__init__.py", line 338, in getMessage
    msg = msg % self.args
TypeError: not all arguments converted during string formatting
Call stack:
  File "cxr_emb_eval.py", line 303, in <module>
    main()
  File "cxr_emb_eval.py", line 52, in main
    return linear_eval(params)
  File "cxr_emb_eval.py", line 298, in linear_eval

Message: 'val auprc_mean: '
Arguments: (0.35673088706061706,)
 
 
 
 
 
 
 
 
INFO:root:epoch loss: 0.207535345655736
 
 
 
 
 
 
 
 
INFO:root:val loss: 0.013649343954510305
INFO:root:Epoch:35

Traceback (most recent call last):
  File "/ext3/medfuse/lib/python3.6/logging/__init__.py", line 994, in emit
    msg = self.format(record)
  File "/ext3/medfuse/lib/python3.6/logging/__init__.py", line 840, in format
    return fmt.format(record)
  File "/ext3/medfuse/lib/python3.6/logging/__init__.py", line 577, in format
    record.message = record.getMessage()
  File "/ext3/medfuse/lib/python3.6/logging/__init__.py", line 338, in getMessage
    msg = msg % self.args
TypeError: not all arguments converted during string formatting
Call stack:
  File "cxr_emb_eval.py", line 303, in <module>
    main()
  File "cxr_emb_eval.py", line 52, in main
    return linear_eval(params)
  File "cxr_emb_eval.py", line 297, in linear_eval
    
Message: 'val auroc_mean: '
Arguments: (0.7857961646239018,)

Traceback (most recent call last):
  File "/ext3/medfuse/lib/python3.6/logging/__init__.py", line 994, in emit
    msg = self.format(record)
  File "/ext3/medfuse/lib/python3.6/logging/__init__.py", line 840, in format
    return fmt.format(record)
  File "/ext3/medfuse/lib/python3.6/logging/__init__.py", line 577, in format
    record.message = record.getMessage()
  File "/ext3/medfuse/lib/python3.6/logging/__init__.py", line 338, in getMessage
    msg = msg % self.args
TypeError: not all arguments converted during string formatting
Call stack:
  File "cxr_emb_eval.py", line 303, in <module>
    main()
  File "cxr_emb_eval.py", line 52, in main
    return linear_eval(params)
  File "cxr_emb_eval.py", line 298, in linear_eval

Message: 'val auprc_mean: '
Arguments: (0.3557942398555184,)
 
 
 
 
 
 
 
 
INFO:root:epoch loss: 0.20632411852476049

Traceback (most recent call last):
  File "/ext3/medfuse/lib/python3.6/logging/__init__.py", line 994, in emit
    msg = self.format(record)
  File "/ext3/medfuse/lib/python3.6/logging/__init__.py", line 840, in format
    return fmt.format(record)
  File "/ext3/medfuse/lib/python3.6/logging/__init__.py", line 577, in format
    record.message = record.getMessage()
  File "/ext3/medfuse/lib/python3.6/logging/__init__.py", line 338, in getMessage
    msg = msg % self.args
TypeError: not all arguments converted during string formatting
Call stack:
  File "cxr_emb_eval.py", line 303, in <module>
    main()
  File "cxr_emb_eval.py", line 52, in main
    return linear_eval(params)
  File "cxr_emb_eval.py", line 290, in linear_eval
    logger.info('train auroc_mean:', train_top1['auroc_mean'])
Message: 'train auroc_mean:'
Arguments: (0.8616645504834831,)

Traceback (most recent call last):
  File "/ext3/medfuse/lib/python3.6/logging/__init__.py", line 994, in emit
    msg = self.format(record)
  File "/ext3/medfuse/lib/python3.6/logging/__init__.py", line 840, in format
    return fmt.format(record)
  File "/ext3/medfuse/lib/python3.6/logging/__init__.py", line 577, in format
    record.message = record.getMessage()
  File "/ext3/medfuse/lib/python3.6/logging/__init__.py", line 338, in getMessage
    msg = msg % self.args
TypeError: not all arguments converted during string formatting
Call stack:
  File "cxr_emb_eval.py", line 303, in <module>
    main()
  File "cxr_emb_eval.py", line 52, in main
    return linear_eval(params)
  File "cxr_emb_eval.py", line 291, in linear_eval
    logger.info('train auprc_mean:', train_top1['auprc_mean'])
Message: 'train auprc_mean:'
Arguments: (0.44203732731671935,)
 
 
 
 
 
 
 
 
INFO:root:val loss: 0.013726402123221683
INFO:root:Epoch:36

Traceback (most recent call last):
  File "/ext3/medfuse/lib/python3.6/logging/__init__.py", line 994, in emit
    msg = self.format(record)
  File "/ext3/medfuse/lib/python3.6/logging/__init__.py", line 840, in format
    return fmt.format(record)
  File "/ext3/medfuse/lib/python3.6/logging/__init__.py", line 577, in format
    record.message = record.getMessage()
  File "/ext3/medfuse/lib/python3.6/logging/__init__.py", line 338, in getMessage
    msg = msg % self.args
TypeError: not all arguments converted during string formatting
Call stack:
  File "cxr_emb_eval.py", line 303, in <module>
    main()
  File "cxr_emb_eval.py", line 52, in main
    return linear_eval(params)
  File "cxr_emb_eval.py", line 297, in linear_eval
    
Message: 'val auroc_mean: '
Arguments: (0.785497486655679,)

Traceback (most recent call last):
  File "/ext3/medfuse/lib/python3.6/logging/__init__.py", line 994, in emit
    msg = self.format(record)
  File "/ext3/medfuse/lib/python3.6/logging/__init__.py", line 840, in format
    return fmt.format(record)
  File "/ext3/medfuse/lib/python3.6/logging/__init__.py", line 577, in format
    record.message = record.getMessage()
  File "/ext3/medfuse/lib/python3.6/logging/__init__.py", line 338, in getMessage
    msg = msg % self.args
TypeError: not all arguments converted during string formatting
Call stack:
  File "cxr_emb_eval.py", line 303, in <module>
    main()
  File "cxr_emb_eval.py", line 52, in main
    return linear_eval(params)
  File "cxr_emb_eval.py", line 298, in linear_eval

Message: 'val auprc_mean: '
Arguments: (0.35532877362550463,)
 
 
 
 
 
 
 
 
INFO:root:epoch loss: 0.20549156072556304
 
 
 
 
 
 
 
 
INFO:root:val loss: 0.013773921814825422
INFO:root:Epoch:37

Traceback (most recent call last):
  File "/ext3/medfuse/lib/python3.6/logging/__init__.py", line 994, in emit
    msg = self.format(record)
  File "/ext3/medfuse/lib/python3.6/logging/__init__.py", line 840, in format
    return fmt.format(record)
  File "/ext3/medfuse/lib/python3.6/logging/__init__.py", line 577, in format
    record.message = record.getMessage()
  File "/ext3/medfuse/lib/python3.6/logging/__init__.py", line 338, in getMessage
    msg = msg % self.args
TypeError: not all arguments converted during string formatting
Call stack:
  File "cxr_emb_eval.py", line 303, in <module>
    main()
  File "cxr_emb_eval.py", line 52, in main
    return linear_eval(params)
  File "cxr_emb_eval.py", line 297, in linear_eval
    
Message: 'val auroc_mean: '
Arguments: (0.7830452445568162,)

Traceback (most recent call last):
  File "/ext3/medfuse/lib/python3.6/logging/__init__.py", line 994, in emit
    msg = self.format(record)
  File "/ext3/medfuse/lib/python3.6/logging/__init__.py", line 840, in format
    return fmt.format(record)
  File "/ext3/medfuse/lib/python3.6/logging/__init__.py", line 577, in format
    record.message = record.getMessage()
  File "/ext3/medfuse/lib/python3.6/logging/__init__.py", line 338, in getMessage
    msg = msg % self.args
TypeError: not all arguments converted during string formatting
Call stack:
  File "cxr_emb_eval.py", line 303, in <module>
    main()
  File "cxr_emb_eval.py", line 52, in main
    return linear_eval(params)
  File "cxr_emb_eval.py", line 298, in linear_eval

Message: 'val auprc_mean: '
Arguments: (0.3513415559690821,)
 
 
 
 
 
 
 
 
INFO:root:epoch loss: 0.20416805555369824
 
 
 
 
 
 
 
 
INFO:root:val loss: 0.013883927735468694
INFO:root:Epoch:38

Traceback (most recent call last):
  File "/ext3/medfuse/lib/python3.6/logging/__init__.py", line 994, in emit
    msg = self.format(record)
  File "/ext3/medfuse/lib/python3.6/logging/__init__.py", line 840, in format
    return fmt.format(record)
  File "/ext3/medfuse/lib/python3.6/logging/__init__.py", line 577, in format
    record.message = record.getMessage()
  File "/ext3/medfuse/lib/python3.6/logging/__init__.py", line 338, in getMessage
    msg = msg % self.args
TypeError: not all arguments converted during string formatting
Call stack:
  File "cxr_emb_eval.py", line 303, in <module>
    main()
  File "cxr_emb_eval.py", line 52, in main
    return linear_eval(params)
  File "cxr_emb_eval.py", line 297, in linear_eval
    
Message: 'val auroc_mean: '
Arguments: (0.7809862552374947,)

Traceback (most recent call last):
  File "/ext3/medfuse/lib/python3.6/logging/__init__.py", line 994, in emit
    msg = self.format(record)
  File "/ext3/medfuse/lib/python3.6/logging/__init__.py", line 840, in format
    return fmt.format(record)
  File "/ext3/medfuse/lib/python3.6/logging/__init__.py", line 577, in format
    record.message = record.getMessage()
  File "/ext3/medfuse/lib/python3.6/logging/__init__.py", line 338, in getMessage
    msg = msg % self.args
TypeError: not all arguments converted during string formatting
Call stack:
  File "cxr_emb_eval.py", line 303, in <module>
    main()
  File "cxr_emb_eval.py", line 52, in main
    return linear_eval(params)
  File "cxr_emb_eval.py", line 298, in linear_eval

Message: 'val auprc_mean: '
Arguments: (0.3494126520732487,)
 
 
 
 
 
 
 
 
INFO:root:epoch loss: 0.2030939625466528
 
 
 
 
 
 
 
 
INFO:root:val loss: 0.01393854956801917
INFO:root:Epoch:39

Traceback (most recent call last):
  File "/ext3/medfuse/lib/python3.6/logging/__init__.py", line 994, in emit
    msg = self.format(record)
  File "/ext3/medfuse/lib/python3.6/logging/__init__.py", line 840, in format
    return fmt.format(record)
  File "/ext3/medfuse/lib/python3.6/logging/__init__.py", line 577, in format
    record.message = record.getMessage()
  File "/ext3/medfuse/lib/python3.6/logging/__init__.py", line 338, in getMessage
    msg = msg % self.args
TypeError: not all arguments converted during string formatting
Call stack:
  File "cxr_emb_eval.py", line 303, in <module>
    main()
  File "cxr_emb_eval.py", line 52, in main
    return linear_eval(params)
  File "cxr_emb_eval.py", line 297, in linear_eval
    
Message: 'val auroc_mean: '
Arguments: (0.7825518424616739,)

Traceback (most recent call last):
  File "/ext3/medfuse/lib/python3.6/logging/__init__.py", line 994, in emit
    msg = self.format(record)
  File "/ext3/medfuse/lib/python3.6/logging/__init__.py", line 840, in format
    return fmt.format(record)
  File "/ext3/medfuse/lib/python3.6/logging/__init__.py", line 577, in format
    record.message = record.getMessage()
  File "/ext3/medfuse/lib/python3.6/logging/__init__.py", line 338, in getMessage
    msg = msg % self.args
TypeError: not all arguments converted during string formatting
Call stack:
  File "cxr_emb_eval.py", line 303, in <module>
    main()
  File "cxr_emb_eval.py", line 52, in main
    return linear_eval(params)
  File "cxr_emb_eval.py", line 298, in linear_eval

Message: 'val auprc_mean: '
Arguments: (0.3495734458939136,)
 
 
 
 
 
 
 
 
INFO:root:epoch loss: 0.2018946542327058
 
 
 
 
 
 
 
 
INFO:root:val loss: 0.014055714588938584
INFO:root:Epoch:40

Traceback (most recent call last):
  File "/ext3/medfuse/lib/python3.6/logging/__init__.py", line 994, in emit
    msg = self.format(record)
  File "/ext3/medfuse/lib/python3.6/logging/__init__.py", line 840, in format
    return fmt.format(record)
  File "/ext3/medfuse/lib/python3.6/logging/__init__.py", line 577, in format
    record.message = record.getMessage()
  File "/ext3/medfuse/lib/python3.6/logging/__init__.py", line 338, in getMessage
    msg = msg % self.args
TypeError: not all arguments converted during string formatting
Call stack:
  File "cxr_emb_eval.py", line 303, in <module>
    main()
  File "cxr_emb_eval.py", line 52, in main
    return linear_eval(params)
  File "cxr_emb_eval.py", line 297, in linear_eval
    
Message: 'val auroc_mean: '
Arguments: (0.7782896140823173,)

Traceback (most recent call last):
  File "/ext3/medfuse/lib/python3.6/logging/__init__.py", line 994, in emit
    msg = self.format(record)
  File "/ext3/medfuse/lib/python3.6/logging/__init__.py", line 840, in format
    return fmt.format(record)
  File "/ext3/medfuse/lib/python3.6/logging/__init__.py", line 577, in format
    record.message = record.getMessage()
  File "/ext3/medfuse/lib/python3.6/logging/__init__.py", line 338, in getMessage
    msg = msg % self.args
TypeError: not all arguments converted during string formatting
Call stack:
  File "cxr_emb_eval.py", line 303, in <module>
    main()
  File "cxr_emb_eval.py", line 52, in main
    return linear_eval(params)
  File "cxr_emb_eval.py", line 298, in linear_eval

Message: 'val auprc_mean: '
Arguments: (0.34638826369459635,)
 
 
 
 
 
 
 
 
INFO:root:epoch loss: 0.2008027420378305

Traceback (most recent call last):
  File "/ext3/medfuse/lib/python3.6/logging/__init__.py", line 994, in emit
    msg = self.format(record)
  File "/ext3/medfuse/lib/python3.6/logging/__init__.py", line 840, in format
    return fmt.format(record)
  File "/ext3/medfuse/lib/python3.6/logging/__init__.py", line 577, in format
    record.message = record.getMessage()
  File "/ext3/medfuse/lib/python3.6/logging/__init__.py", line 338, in getMessage
    msg = msg % self.args
TypeError: not all arguments converted during string formatting
Call stack:
  File "cxr_emb_eval.py", line 303, in <module>
    main()
  File "cxr_emb_eval.py", line 52, in main
    return linear_eval(params)
  File "cxr_emb_eval.py", line 290, in linear_eval
    logger.info('train auroc_mean:', train_top1['auroc_mean'])
Message: 'train auroc_mean:'
Arguments: (0.8703617427409387,)

Traceback (most recent call last):
  File "/ext3/medfuse/lib/python3.6/logging/__init__.py", line 994, in emit
    msg = self.format(record)
  File "/ext3/medfuse/lib/python3.6/logging/__init__.py", line 840, in format
    return fmt.format(record)
  File "/ext3/medfuse/lib/python3.6/logging/__init__.py", line 577, in format
    record.message = record.getMessage()
  File "/ext3/medfuse/lib/python3.6/logging/__init__.py", line 338, in getMessage
    msg = msg % self.args
TypeError: not all arguments converted during string formatting
Call stack:
  File "cxr_emb_eval.py", line 303, in <module>
    main()
  File "cxr_emb_eval.py", line 52, in main
    return linear_eval(params)
  File "cxr_emb_eval.py", line 291, in linear_eval
    logger.info('train auprc_mean:', train_top1['auprc_mean'])
Message: 'train auprc_mean:'
Arguments: (0.4623281345533223,)
 
 
 
 
 
 
 
 
INFO:root:val loss: 0.014132956862215029
INFO:root:Epoch:41

Traceback (most recent call last):
  File "/ext3/medfuse/lib/python3.6/logging/__init__.py", line 994, in emit
    msg = self.format(record)
  File "/ext3/medfuse/lib/python3.6/logging/__init__.py", line 840, in format
    return fmt.format(record)
  File "/ext3/medfuse/lib/python3.6/logging/__init__.py", line 577, in format
    record.message = record.getMessage()
  File "/ext3/medfuse/lib/python3.6/logging/__init__.py", line 338, in getMessage
    msg = msg % self.args
TypeError: not all arguments converted during string formatting
Call stack:
  File "cxr_emb_eval.py", line 303, in <module>
    main()
  File "cxr_emb_eval.py", line 52, in main
    return linear_eval(params)
  File "cxr_emb_eval.py", line 297, in linear_eval
    
Message: 'val auroc_mean: '
Arguments: (0.7768525721149426,)

Traceback (most recent call last):
  File "/ext3/medfuse/lib/python3.6/logging/__init__.py", line 994, in emit
    msg = self.format(record)
  File "/ext3/medfuse/lib/python3.6/logging/__init__.py", line 840, in format
    return fmt.format(record)
  File "/ext3/medfuse/lib/python3.6/logging/__init__.py", line 577, in format
    record.message = record.getMessage()
  File "/ext3/medfuse/lib/python3.6/logging/__init__.py", line 338, in getMessage
    msg = msg % self.args
TypeError: not all arguments converted during string formatting
Call stack:
  File "cxr_emb_eval.py", line 303, in <module>
    main()
  File "cxr_emb_eval.py", line 52, in main
    return linear_eval(params)
  File "cxr_emb_eval.py", line 298, in linear_eval

Message: 'val auprc_mean: '
Arguments: (0.3437626492950779,)
 
 
 
 
 
 
 
 
INFO:root:epoch loss: 0.19950163173636826
 
 
 
 
 
 
 
 
INFO:root:val loss: 0.01419876737872392
INFO:root:Epoch:42

Traceback (most recent call last):
  File "/ext3/medfuse/lib/python3.6/logging/__init__.py", line 994, in emit
    msg = self.format(record)
  File "/ext3/medfuse/lib/python3.6/logging/__init__.py", line 840, in format
    return fmt.format(record)
  File "/ext3/medfuse/lib/python3.6/logging/__init__.py", line 577, in format
    record.message = record.getMessage()
  File "/ext3/medfuse/lib/python3.6/logging/__init__.py", line 338, in getMessage
    msg = msg % self.args
TypeError: not all arguments converted during string formatting
Call stack:
  File "cxr_emb_eval.py", line 303, in <module>
    main()
  File "cxr_emb_eval.py", line 52, in main
    return linear_eval(params)
  File "cxr_emb_eval.py", line 297, in linear_eval
    
Message: 'val auroc_mean: '
Arguments: (0.7760150736108802,)

Traceback (most recent call last):
  File "/ext3/medfuse/lib/python3.6/logging/__init__.py", line 994, in emit
    msg = self.format(record)
  File "/ext3/medfuse/lib/python3.6/logging/__init__.py", line 840, in format
    return fmt.format(record)
  File "/ext3/medfuse/lib/python3.6/logging/__init__.py", line 577, in format
    record.message = record.getMessage()
  File "/ext3/medfuse/lib/python3.6/logging/__init__.py", line 338, in getMessage
    msg = msg % self.args
TypeError: not all arguments converted during string formatting
Call stack:
  File "cxr_emb_eval.py", line 303, in <module>
    main()
  File "cxr_emb_eval.py", line 52, in main
    return linear_eval(params)
  File "cxr_emb_eval.py", line 298, in linear_eval

Message: 'val auprc_mean: '
Arguments: (0.34316747767391836,)
 
 
 
 
 
 
 
 
INFO:root:epoch loss: 0.1983577446897324
 
 
 
 
 
 
 
 
INFO:root:val loss: 0.014328502815109003
INFO:root:Epoch:43

Traceback (most recent call last):
  File "/ext3/medfuse/lib/python3.6/logging/__init__.py", line 994, in emit
    msg = self.format(record)
  File "/ext3/medfuse/lib/python3.6/logging/__init__.py", line 840, in format
    return fmt.format(record)
  File "/ext3/medfuse/lib/python3.6/logging/__init__.py", line 577, in format
    record.message = record.getMessage()
  File "/ext3/medfuse/lib/python3.6/logging/__init__.py", line 338, in getMessage
    msg = msg % self.args
TypeError: not all arguments converted during string formatting
Call stack:
  File "cxr_emb_eval.py", line 303, in <module>
    main()
  File "cxr_emb_eval.py", line 52, in main
    return linear_eval(params)
  File "cxr_emb_eval.py", line 297, in linear_eval
    
Message: 'val auroc_mean: '
Arguments: (0.7738562951797961,)

Traceback (most recent call last):
  File "/ext3/medfuse/lib/python3.6/logging/__init__.py", line 994, in emit
    msg = self.format(record)
  File "/ext3/medfuse/lib/python3.6/logging/__init__.py", line 840, in format
    return fmt.format(record)
  File "/ext3/medfuse/lib/python3.6/logging/__init__.py", line 577, in format
    record.message = record.getMessage()
  File "/ext3/medfuse/lib/python3.6/logging/__init__.py", line 338, in getMessage
    msg = msg % self.args
TypeError: not all arguments converted during string formatting
Call stack:
  File "cxr_emb_eval.py", line 303, in <module>
    main()
  File "cxr_emb_eval.py", line 52, in main
    return linear_eval(params)
  File "cxr_emb_eval.py", line 298, in linear_eval

Message: 'val auprc_mean: '
Arguments: (0.34121443113156413,)
 
 
 
 
 
 
 
 
INFO:root:epoch loss: 0.19707354318179723
 
 
 
 
 
 
 
 
INFO:root:val loss: 0.014487653011718244
INFO:root:Epoch:44

Traceback (most recent call last):
  File "/ext3/medfuse/lib/python3.6/logging/__init__.py", line 994, in emit
    msg = self.format(record)
  File "/ext3/medfuse/lib/python3.6/logging/__init__.py", line 840, in format
    return fmt.format(record)
  File "/ext3/medfuse/lib/python3.6/logging/__init__.py", line 577, in format
    record.message = record.getMessage()
  File "/ext3/medfuse/lib/python3.6/logging/__init__.py", line 338, in getMessage
    msg = msg % self.args
TypeError: not all arguments converted during string formatting
Call stack:
  File "cxr_emb_eval.py", line 303, in <module>
    main()
  File "cxr_emb_eval.py", line 52, in main
    return linear_eval(params)
  File "cxr_emb_eval.py", line 297, in linear_eval
    
Message: 'val auroc_mean: '
Arguments: (0.7722297003225034,)

Traceback (most recent call last):
  File "/ext3/medfuse/lib/python3.6/logging/__init__.py", line 994, in emit
    msg = self.format(record)
  File "/ext3/medfuse/lib/python3.6/logging/__init__.py", line 840, in format
    return fmt.format(record)
  File "/ext3/medfuse/lib/python3.6/logging/__init__.py", line 577, in format
    record.message = record.getMessage()
  File "/ext3/medfuse/lib/python3.6/logging/__init__.py", line 338, in getMessage
    msg = msg % self.args
TypeError: not all arguments converted during string formatting
Call stack:
  File "cxr_emb_eval.py", line 303, in <module>
    main()
  File "cxr_emb_eval.py", line 52, in main
    return linear_eval(params)
  File "cxr_emb_eval.py", line 298, in linear_eval

Message: 'val auprc_mean: '
Arguments: (0.33882414326041166,)
 
 
 
 
 
 
 
 
INFO:root:epoch loss: 0.1955790499504234
 
 
 
 
 
 
 
 
INFO:root:val loss: 0.014501405821567304
INFO:root:Epoch:45

Traceback (most recent call last):
  File "/ext3/medfuse/lib/python3.6/logging/__init__.py", line 994, in emit
    msg = self.format(record)
  File "/ext3/medfuse/lib/python3.6/logging/__init__.py", line 840, in format
    return fmt.format(record)
  File "/ext3/medfuse/lib/python3.6/logging/__init__.py", line 577, in format
    record.message = record.getMessage()
  File "/ext3/medfuse/lib/python3.6/logging/__init__.py", line 338, in getMessage
    msg = msg % self.args
TypeError: not all arguments converted during string formatting
Call stack:
  File "cxr_emb_eval.py", line 303, in <module>
    main()
  File "cxr_emb_eval.py", line 52, in main
    return linear_eval(params)
  File "cxr_emb_eval.py", line 297, in linear_eval
    
Message: 'val auroc_mean: '
Arguments: (0.7715536062810578,)

Traceback (most recent call last):
  File "/ext3/medfuse/lib/python3.6/logging/__init__.py", line 994, in emit
    msg = self.format(record)
  File "/ext3/medfuse/lib/python3.6/logging/__init__.py", line 840, in format
    return fmt.format(record)
  File "/ext3/medfuse/lib/python3.6/logging/__init__.py", line 577, in format
    record.message = record.getMessage()
  File "/ext3/medfuse/lib/python3.6/logging/__init__.py", line 338, in getMessage
    msg = msg % self.args
TypeError: not all arguments converted during string formatting
Call stack:
  File "cxr_emb_eval.py", line 303, in <module>
    main()
  File "cxr_emb_eval.py", line 52, in main
    return linear_eval(params)
  File "cxr_emb_eval.py", line 298, in linear_eval

Message: 'val auprc_mean: '
Arguments: (0.33878086494736576,)
 
 
 
 
 
 
 
 
INFO:root:epoch loss: 0.19423515355528645

Traceback (most recent call last):
  File "/ext3/medfuse/lib/python3.6/logging/__init__.py", line 994, in emit
    msg = self.format(record)
  File "/ext3/medfuse/lib/python3.6/logging/__init__.py", line 840, in format
    return fmt.format(record)
  File "/ext3/medfuse/lib/python3.6/logging/__init__.py", line 577, in format
    record.message = record.getMessage()
  File "/ext3/medfuse/lib/python3.6/logging/__init__.py", line 338, in getMessage
    msg = msg % self.args
TypeError: not all arguments converted during string formatting
Call stack:
  File "cxr_emb_eval.py", line 303, in <module>
    main()
  File "cxr_emb_eval.py", line 52, in main
    return linear_eval(params)
  File "cxr_emb_eval.py", line 290, in linear_eval
    logger.info('train auroc_mean:', train_top1['auroc_mean'])
Message: 'train auroc_mean:'
Arguments: (0.8802825554068049,)

Traceback (most recent call last):
  File "/ext3/medfuse/lib/python3.6/logging/__init__.py", line 994, in emit
    msg = self.format(record)
  File "/ext3/medfuse/lib/python3.6/logging/__init__.py", line 840, in format
    return fmt.format(record)
  File "/ext3/medfuse/lib/python3.6/logging/__init__.py", line 577, in format
    record.message = record.getMessage()
  File "/ext3/medfuse/lib/python3.6/logging/__init__.py", line 338, in getMessage
    msg = msg % self.args
TypeError: not all arguments converted during string formatting
Call stack:
  File "cxr_emb_eval.py", line 303, in <module>
    main()
  File "cxr_emb_eval.py", line 52, in main
    return linear_eval(params)
  File "cxr_emb_eval.py", line 291, in linear_eval
    logger.info('train auprc_mean:', train_top1['auprc_mean'])
Message: 'train auprc_mean:'
Arguments: (0.48524614333299415,)
 
 
 
 
 
 
 
 
INFO:root:val loss: 0.01474774696476885
INFO:root:Epoch:46

Traceback (most recent call last):
  File "/ext3/medfuse/lib/python3.6/logging/__init__.py", line 994, in emit
    msg = self.format(record)
  File "/ext3/medfuse/lib/python3.6/logging/__init__.py", line 840, in format
    return fmt.format(record)
  File "/ext3/medfuse/lib/python3.6/logging/__init__.py", line 577, in format
    record.message = record.getMessage()
  File "/ext3/medfuse/lib/python3.6/logging/__init__.py", line 338, in getMessage
    msg = msg % self.args
TypeError: not all arguments converted during string formatting
Call stack:
  File "cxr_emb_eval.py", line 303, in <module>
    main()
  File "cxr_emb_eval.py", line 52, in main
    return linear_eval(params)
  File "cxr_emb_eval.py", line 297, in linear_eval
    
Message: 'val auroc_mean: '
Arguments: (0.7680494975978204,)

Traceback (most recent call last):
  File "/ext3/medfuse/lib/python3.6/logging/__init__.py", line 994, in emit
    msg = self.format(record)
  File "/ext3/medfuse/lib/python3.6/logging/__init__.py", line 840, in format
    return fmt.format(record)
  File "/ext3/medfuse/lib/python3.6/logging/__init__.py", line 577, in format
    record.message = record.getMessage()
  File "/ext3/medfuse/lib/python3.6/logging/__init__.py", line 338, in getMessage
    msg = msg % self.args
TypeError: not all arguments converted during string formatting
Call stack:
  File "cxr_emb_eval.py", line 303, in <module>
    main()
  File "cxr_emb_eval.py", line 52, in main
    return linear_eval(params)
  File "cxr_emb_eval.py", line 298, in linear_eval

Message: 'val auprc_mean: '
Arguments: (0.3348336818800816,)
 
 
 
 
 
 
 
 
INFO:root:epoch loss: 0.19308551066276292
 
 
 
 
 
 
 
 
INFO:root:val loss: 0.014812446654112736
INFO:root:Epoch:47

Traceback (most recent call last):
  File "/ext3/medfuse/lib/python3.6/logging/__init__.py", line 994, in emit
    msg = self.format(record)
  File "/ext3/medfuse/lib/python3.6/logging/__init__.py", line 840, in format
    return fmt.format(record)
  File "/ext3/medfuse/lib/python3.6/logging/__init__.py", line 577, in format
    record.message = record.getMessage()
  File "/ext3/medfuse/lib/python3.6/logging/__init__.py", line 338, in getMessage
    msg = msg % self.args
TypeError: not all arguments converted during string formatting
Call stack:
  File "cxr_emb_eval.py", line 303, in <module>
    main()
  File "cxr_emb_eval.py", line 52, in main
    return linear_eval(params)
  File "cxr_emb_eval.py", line 297, in linear_eval
    
Message: 'val auroc_mean: '
Arguments: (0.7675083899062739,)

Traceback (most recent call last):
  File "/ext3/medfuse/lib/python3.6/logging/__init__.py", line 994, in emit
    msg = self.format(record)
  File "/ext3/medfuse/lib/python3.6/logging/__init__.py", line 840, in format
    return fmt.format(record)
  File "/ext3/medfuse/lib/python3.6/logging/__init__.py", line 577, in format
    record.message = record.getMessage()
  File "/ext3/medfuse/lib/python3.6/logging/__init__.py", line 338, in getMessage
    msg = msg % self.args
TypeError: not all arguments converted during string formatting
Call stack:
  File "cxr_emb_eval.py", line 303, in <module>
    main()
  File "cxr_emb_eval.py", line 52, in main
    return linear_eval(params)
  File "cxr_emb_eval.py", line 298, in linear_eval

Message: 'val auprc_mean: '
Arguments: (0.33351712572629416,)
 
 
 
 
 
 
 
 
INFO:root:epoch loss: 0.1916861766954795
 
 
 
 
 
 
 
 
INFO:root:val loss: 0.015022431955377879
INFO:root:Epoch:48

Traceback (most recent call last):
  File "/ext3/medfuse/lib/python3.6/logging/__init__.py", line 994, in emit
    msg = self.format(record)
  File "/ext3/medfuse/lib/python3.6/logging/__init__.py", line 840, in format
    return fmt.format(record)
  File "/ext3/medfuse/lib/python3.6/logging/__init__.py", line 577, in format
    record.message = record.getMessage()
  File "/ext3/medfuse/lib/python3.6/logging/__init__.py", line 338, in getMessage
    msg = msg % self.args
TypeError: not all arguments converted during string formatting
Call stack:
  File "cxr_emb_eval.py", line 303, in <module>
    main()
  File "cxr_emb_eval.py", line 52, in main
    return linear_eval(params)
  File "cxr_emb_eval.py", line 297, in linear_eval
    
Message: 'val auroc_mean: '
Arguments: (0.7649439340812665,)

Traceback (most recent call last):
  File "/ext3/medfuse/lib/python3.6/logging/__init__.py", line 994, in emit
    msg = self.format(record)
  File "/ext3/medfuse/lib/python3.6/logging/__init__.py", line 840, in format
    return fmt.format(record)
  File "/ext3/medfuse/lib/python3.6/logging/__init__.py", line 577, in format
    record.message = record.getMessage()
  File "/ext3/medfuse/lib/python3.6/logging/__init__.py", line 338, in getMessage
    msg = msg % self.args
TypeError: not all arguments converted during string formatting
Call stack:
  File "cxr_emb_eval.py", line 303, in <module>
    main()
  File "cxr_emb_eval.py", line 52, in main
    return linear_eval(params)
  File "cxr_emb_eval.py", line 298, in linear_eval

Message: 'val auprc_mean: '
Arguments: (0.33218537607303505,)
 
 
 
 
 
 
 
 
INFO:root:epoch loss: 0.19024257237468148
 
 
 
 
 
 
 
 
INFO:root:val loss: 0.01504676849606046
INFO:root:Epoch:49

Traceback (most recent call last):
  File "/ext3/medfuse/lib/python3.6/logging/__init__.py", line 994, in emit
    msg = self.format(record)
  File "/ext3/medfuse/lib/python3.6/logging/__init__.py", line 840, in format
    return fmt.format(record)
  File "/ext3/medfuse/lib/python3.6/logging/__init__.py", line 577, in format
    record.message = record.getMessage()
  File "/ext3/medfuse/lib/python3.6/logging/__init__.py", line 338, in getMessage
    msg = msg % self.args
TypeError: not all arguments converted during string formatting
Call stack:
  File "cxr_emb_eval.py", line 303, in <module>
    main()
  File "cxr_emb_eval.py", line 52, in main
    return linear_eval(params)
  File "cxr_emb_eval.py", line 297, in linear_eval
    
Message: 'val auroc_mean: '
Arguments: (0.7651099739854859,)

Traceback (most recent call last):
  File "/ext3/medfuse/lib/python3.6/logging/__init__.py", line 994, in emit
    msg = self.format(record)
  File "/ext3/medfuse/lib/python3.6/logging/__init__.py", line 840, in format
    return fmt.format(record)
  File "/ext3/medfuse/lib/python3.6/logging/__init__.py", line 577, in format
    record.message = record.getMessage()
  File "/ext3/medfuse/lib/python3.6/logging/__init__.py", line 338, in getMessage
    msg = msg % self.args
TypeError: not all arguments converted during string formatting
Call stack:
  File "cxr_emb_eval.py", line 303, in <module>
    main()
  File "cxr_emb_eval.py", line 52, in main
    return linear_eval(params)
  File "cxr_emb_eval.py", line 298, in linear_eval

Message: 'val auprc_mean: '
Arguments: (0.332714935927814,)
 
 
 
 
 
 
 
 
INFO:root:epoch loss: 0.18875248214573437
 
 
 
 
 
 
 
 
INFO:root:val loss: 0.015284219379501064
INFO:root:Epoch:50

Traceback (most recent call last):
  File "/ext3/medfuse/lib/python3.6/logging/__init__.py", line 994, in emit
    msg = self.format(record)
  File "/ext3/medfuse/lib/python3.6/logging/__init__.py", line 840, in format
    return fmt.format(record)
  File "/ext3/medfuse/lib/python3.6/logging/__init__.py", line 577, in format
    record.message = record.getMessage()
  File "/ext3/medfuse/lib/python3.6/logging/__init__.py", line 338, in getMessage
    msg = msg % self.args
TypeError: not all arguments converted during string formatting
Call stack:
  File "cxr_emb_eval.py", line 303, in <module>
    main()
  File "cxr_emb_eval.py", line 52, in main
    return linear_eval(params)
  File "cxr_emb_eval.py", line 297, in linear_eval
    
Message: 'val auroc_mean: '
Arguments: (0.7593584466085629,)

Traceback (most recent call last):
  File "/ext3/medfuse/lib/python3.6/logging/__init__.py", line 994, in emit
    msg = self.format(record)
  File "/ext3/medfuse/lib/python3.6/logging/__init__.py", line 840, in format
    return fmt.format(record)
  File "/ext3/medfuse/lib/python3.6/logging/__init__.py", line 577, in format
    record.message = record.getMessage()
  File "/ext3/medfuse/lib/python3.6/logging/__init__.py", line 338, in getMessage
    msg = msg % self.args
TypeError: not all arguments converted during string formatting
Call stack:
  File "cxr_emb_eval.py", line 303, in <module>
    main()
  File "cxr_emb_eval.py", line 52, in main
    return linear_eval(params)
  File "cxr_emb_eval.py", line 298, in linear_eval

Message: 'val auprc_mean: '
Arguments: (0.3254713232035798,)
 
 
 
 
 
 
 
 
INFO:root:epoch loss: 0.1876546616466777
Message: 'train auroc_mean:'
Arguments: (0.8895876161660149,)
Message: 'train auprc_mean:'
Arguments: (0.5097030361446103,)
 
 
 
 
 
 
 
 
INFO:root:val loss: 0.015310675070009418
Message: 'val auroc_mean: '
Arguments: (0.7613029827334225,)
Message: 'val auprc_mean: '
Arguments: (0.3284404011801124,)
