INFO:root:loaded params...
{   'data': {'image_folder': '/imagenet/', 'num_classes': 14, 'root_path': '.'},
    'logging': {   'folder': 'checkpoint/msn_logs/',
                   'pretrain_path': '/scratch/projects/shamoutlab/ds5749/msn/checkpoint/msn_os_logs/msn-experiment-cxr-random-latest.pth.tar',
                   'write_tag': 'msn-lineval-experiment-linear-eval-cxr'},
    'meta': {   'copy_data': False,
                'device': 'cuda:0',
                'load_checkpoint': True,
                'master_port': 8888,
                'model_name': 'deit_small',
                'training': True},
    'optimization': {   'epochs': 100,
                        'lr': 6.4,
                        'normalize': True,
                        'num_blocks': 1,
                        'weight_decay': 0.0}}
INFO:root:Running linear-evaluation
INFO:root:MIMICCXR dataset created
INFO:root:unsupervised data loader created
INFO:root:initialized data-loader (ipe 2540)
INFO:root:MIMICCXR dataset created
INFO:root:unsupervised data loader created
INFO:root:initialized val data-loader (ipe 120)
INFO:root:loaded pretrained model with msg: <All keys matched successfully>
INFO:root:loaded pretrained encoder from epoch: 1 path: /scratch/projects/shamoutlab/ds5749/msn/checkpoint/msn_os_logs/msn-experiment-cxr-random-latest.pth.tar
INFO:root:VisionTransformer(
  (patch_embed): PatchEmbed(
    (proj): Conv2d(3, 384, kernel_size=(16, 16), stride=(16, 16))
  )
  (pos_drop): Dropout(p=0.0, inplace=False)
  (blocks): ModuleList(
    (0): Block(
      (norm1): LayerNorm((384,), eps=1e-06, elementwise_affine=True)
      (attn): Attention(
        (qkv): Linear(in_features=384, out_features=1152, bias=True)
        (attn_drop): Dropout(p=0.0, inplace=False)
        (proj): Linear(in_features=384, out_features=384, bias=True)
        (proj_drop): Dropout(p=0.0, inplace=False)
      )
      (drop_path): Identity()
      (norm2): LayerNorm((384,), eps=1e-06, elementwise_affine=True)
      (mlp): MLP(
        (fc1): Linear(in_features=384, out_features=1536, bias=True)
        (act): GELU()
        (fc2): Linear(in_features=1536, out_features=384, bias=True)
        (drop): Dropout(p=0.0, inplace=False)
      )
    )
    (1): Block(
      (norm1): LayerNorm((384,), eps=1e-06, elementwise_affine=True)
      (attn): Attention(
        (qkv): Linear(in_features=384, out_features=1152, bias=True)
        (attn_drop): Dropout(p=0.0, inplace=False)
        (proj): Linear(in_features=384, out_features=384, bias=True)
        (proj_drop): Dropout(p=0.0, inplace=False)
      )
      (drop_path): Identity()
      (norm2): LayerNorm((384,), eps=1e-06, elementwise_affine=True)
      (mlp): MLP(
        (fc1): Linear(in_features=384, out_features=1536, bias=True)
        (act): GELU()
        (fc2): Linear(in_features=1536, out_features=384, bias=True)
        (drop): Dropout(p=0.0, inplace=False)
      )
    )
    (2): Block(
      (norm1): LayerNorm((384,), eps=1e-06, elementwise_affine=True)
      (attn): Attention(
        (qkv): Linear(in_features=384, out_features=1152, bias=True)
        (attn_drop): Dropout(p=0.0, inplace=False)
        (proj): Linear(in_features=384, out_features=384, bias=True)
        (proj_drop): Dropout(p=0.0, inplace=False)
      )
      (drop_path): Identity()
      (norm2): LayerNorm((384,), eps=1e-06, elementwise_affine=True)
      (mlp): MLP(
        (fc1): Linear(in_features=384, out_features=1536, bias=True)
        (act): GELU()
        (fc2): Linear(in_features=1536, out_features=384, bias=True)
        (drop): Dropout(p=0.0, inplace=False)
      )
    )
    (3): Block(
      (norm1): LayerNorm((384,), eps=1e-06, elementwise_affine=True)
      (attn): Attention(
        (qkv): Linear(in_features=384, out_features=1152, bias=True)
        (attn_drop): Dropout(p=0.0, inplace=False)
        (proj): Linear(in_features=384, out_features=384, bias=True)
        (proj_drop): Dropout(p=0.0, inplace=False)
      )
      (drop_path): Identity()
      (norm2): LayerNorm((384,), eps=1e-06, elementwise_affine=True)
      (mlp): MLP(
        (fc1): Linear(in_features=384, out_features=1536, bias=True)
        (act): GELU()
        (fc2): Linear(in_features=1536, out_features=384, bias=True)
        (drop): Dropout(p=0.0, inplace=False)
      )
    )
    (4): Block(
      (norm1): LayerNorm((384,), eps=1e-06, elementwise_affine=True)
      (attn): Attention(
        (qkv): Linear(in_features=384, out_features=1152, bias=True)
        (attn_drop): Dropout(p=0.0, inplace=False)
        (proj): Linear(in_features=384, out_features=384, bias=True)
        (proj_drop): Dropout(p=0.0, inplace=False)
      )
      (drop_path): Identity()
      (norm2): LayerNorm((384,), eps=1e-06, elementwise_affine=True)
      (mlp): MLP(
        (fc1): Linear(in_features=384, out_features=1536, bias=True)
        (act): GELU()
        (fc2): Linear(in_features=1536, out_features=384, bias=True)
        (drop): Dropout(p=0.0, inplace=False)
      )
    )
    (5): Block(
      (norm1): LayerNorm((384,), eps=1e-06, elementwise_affine=True)
      (attn): Attention(
        (qkv): Linear(in_features=384, out_features=1152, bias=True)
        (attn_drop): Dropout(p=0.0, inplace=False)
        (proj): Linear(in_features=384, out_features=384, bias=True)
        (proj_drop): Dropout(p=0.0, inplace=False)
      )
      (drop_path): Identity()
      (norm2): LayerNorm((384,), eps=1e-06, elementwise_affine=True)
      (mlp): MLP(
        (fc1): Linear(in_features=384, out_features=1536, bias=True)
        (act): GELU()
        (fc2): Linear(in_features=1536, out_features=384, bias=True)
        (drop): Dropout(p=0.0, inplace=False)
      )
    )
    (6): Block(
      (norm1): LayerNorm((384,), eps=1e-06, elementwise_affine=True)
      (attn): Attention(
        (qkv): Linear(in_features=384, out_features=1152, bias=True)
        (attn_drop): Dropout(p=0.0, inplace=False)
        (proj): Linear(in_features=384, out_features=384, bias=True)
        (proj_drop): Dropout(p=0.0, inplace=False)
      )
      (drop_path): Identity()
      (norm2): LayerNorm((384,), eps=1e-06, elementwise_affine=True)
      (mlp): MLP(
        (fc1): Linear(in_features=384, out_features=1536, bias=True)
        (act): GELU()
        (fc2): Linear(in_features=1536, out_features=384, bias=True)
        (drop): Dropout(p=0.0, inplace=False)
      )
    )
    (7): Block(
      (norm1): LayerNorm((384,), eps=1e-06, elementwise_affine=True)
      (attn): Attention(
        (qkv): Linear(in_features=384, out_features=1152, bias=True)
        (attn_drop): Dropout(p=0.0, inplace=False)
        (proj): Linear(in_features=384, out_features=384, bias=True)
        (proj_drop): Dropout(p=0.0, inplace=False)
      )
      (drop_path): Identity()
      (norm2): LayerNorm((384,), eps=1e-06, elementwise_affine=True)
      (mlp): MLP(
        (fc1): Linear(in_features=384, out_features=1536, bias=True)
        (act): GELU()
        (fc2): Linear(in_features=1536, out_features=384, bias=True)
        (drop): Dropout(p=0.0, inplace=False)
      )
    )
    (8): Block(
      (norm1): LayerNorm((384,), eps=1e-06, elementwise_affine=True)
      (attn): Attention(
        (qkv): Linear(in_features=384, out_features=1152, bias=True)
        (attn_drop): Dropout(p=0.0, inplace=False)
        (proj): Linear(in_features=384, out_features=384, bias=True)
        (proj_drop): Dropout(p=0.0, inplace=False)
      )
      (drop_path): Identity()
      (norm2): LayerNorm((384,), eps=1e-06, elementwise_affine=True)
      (mlp): MLP(
        (fc1): Linear(in_features=384, out_features=1536, bias=True)
        (act): GELU()
        (fc2): Linear(in_features=1536, out_features=384, bias=True)
        (drop): Dropout(p=0.0, inplace=False)
      )
    )
    (9): Block(
      (norm1): LayerNorm((384,), eps=1e-06, elementwise_affine=True)
      (attn): Attention(
        (qkv): Linear(in_features=384, out_features=1152, bias=True)
        (attn_drop): Dropout(p=0.0, inplace=False)
        (proj): Linear(in_features=384, out_features=384, bias=True)
        (proj_drop): Dropout(p=0.0, inplace=False)
      )
      (drop_path): Identity()
      (norm2): LayerNorm((384,), eps=1e-06, elementwise_affine=True)
      (mlp): MLP(
        (fc1): Linear(in_features=384, out_features=1536, bias=True)
        (act): GELU()
        (fc2): Linear(in_features=1536, out_features=384, bias=True)
        (drop): Dropout(p=0.0, inplace=False)
      )
    )
    (10): Block(
      (norm1): LayerNorm((384,), eps=1e-06, elementwise_affine=True)
      (attn): Attention(
        (qkv): Linear(in_features=384, out_features=1152, bias=True)
        (attn_drop): Dropout(p=0.0, inplace=False)
        (proj): Linear(in_features=384, out_features=384, bias=True)
        (proj_drop): Dropout(p=0.0, inplace=False)
      )
      (drop_path): Identity()
      (norm2): LayerNorm((384,), eps=1e-06, elementwise_affine=True)
      (mlp): MLP(
        (fc1): Linear(in_features=384, out_features=1536, bias=True)
        (act): GELU()
        (fc2): Linear(in_features=1536, out_features=384, bias=True)
        (drop): Dropout(p=0.0, inplace=False)
      )
    )
    (11): Block(
      (norm1): LayerNorm((384,), eps=1e-06, elementwise_affine=True)
      (attn): Attention(
        (qkv): Linear(in_features=384, out_features=1152, bias=True)
        (attn_drop): Dropout(p=0.0, inplace=False)
        (proj): Linear(in_features=384, out_features=384, bias=True)
        (proj_drop): Dropout(p=0.0, inplace=False)
      )
      (drop_path): Identity()
      (norm2): LayerNorm((384,), eps=1e-06, elementwise_affine=True)
      (mlp): MLP(
        (fc1): Linear(in_features=384, out_features=1536, bias=True)
        (act): GELU()
        (fc2): Linear(in_features=1536, out_features=384, bias=True)
        (drop): Dropout(p=0.0, inplace=False)
      )
    )
  )
  (norm): None
  (fc): None
)
INFO:root:putting model in eval mode
INFO:root:7486080
INFO:root:epoch: 0
INFO:root:epoch: 1
INFO:root:epoch: 2
INFO:root:epoch: 3
INFO:root:epoch: 4
INFO:root:epoch: 5
INFO:root:epoch: 6
INFO:root:epoch: 7
INFO:root:epoch: 8
INFO:root:epoch: 9
INFO:root:epoch: 10
INFO:root:epoch: 11
INFO:root:epoch: 12
INFO:root:epoch: 13
INFO:root:epoch: 14
INFO:root:epoch: 15
INFO:root:epoch: 16
INFO:root:epoch: 17
INFO:root:epoch: 18
INFO:root:epoch: 19
INFO:root:epoch: 20
INFO:root:epoch: 21
INFO:root:epoch: 22
INFO:root:epoch: 23
INFO:root:epoch: 24
INFO:root:epoch: 25
INFO:root:epoch: 26
INFO:root:epoch: 27
INFO:root:epoch: 28
INFO:root:epoch: 29
INFO:root:epoch: 30
INFO:root:epoch: 31
INFO:root:epoch: 32
INFO:root:epoch: 33
INFO:root:epoch: 34
INFO:root:epoch: 35
INFO:root:epoch: 36
INFO:root:epoch: 37
INFO:root:epoch: 38
INFO:root:epoch: 39
INFO:root:epoch: 40
INFO:root:epoch: 41
INFO:root:epoch: 42
INFO:root:epoch: 43
INFO:root:epoch: 44
INFO:root:epoch: 45
INFO:root:epoch: 46
INFO:root:epoch: 47
INFO:root:epoch: 48
INFO:root:epoch: 49
INFO:root:epoch: 50
INFO:root:epoch: 51
INFO:root:epoch: 52
INFO:root:epoch: 53
INFO:root:epoch: 54
INFO:root:epoch: 55
INFO:root:epoch: 56
INFO:root:epoch: 57
INFO:root:epoch: 58
INFO:root:epoch: 59
INFO:root:epoch: 60
INFO:root:epoch: 61
INFO:root:epoch: 62
INFO:root:epoch: 63
INFO:root:epoch: 64
INFO:root:epoch: 65
INFO:root:epoch: 66
INFO:root:epoch: 67
INFO:root:epoch: 68
INFO:root:epoch: 69
INFO:root:epoch: 70
INFO:root:epoch: 71
INFO:root:epoch: 72
INFO:root:epoch: 73
INFO:root:epoch: 74
INFO:root:epoch: 75
INFO:root:epoch: 76
INFO:root:epoch: 77
INFO:root:epoch: 78
INFO:root:epoch: 79
INFO:root:epoch: 80
INFO:root:epoch: 81
INFO:root:epoch: 82
INFO:root:epoch: 83
INFO:root:epoch: 84
INFO:root:epoch: 85
INFO:root:epoch: 86
INFO:root:epoch: 87
INFO:root:epoch: 88
INFO:root:epoch: 89
INFO:root:epoch: 90
INFO:root:epoch: 91
INFO:root:epoch: 92
INFO:root:epoch: 93
INFO:root:epoch: 94
INFO:root:epoch: 95
INFO:root:epoch: 96
INFO:root:epoch: 97
INFO:root:epoch: 98
INFO:root:epoch: 99
INFO:root:epoch: 100
INFO:root:epoch: 101
INFO:root:epoch: 102
INFO:root:epoch: 103
INFO:root:epoch: 104
INFO:root:epoch: 105
INFO:root:epoch: 106
INFO:root:epoch: 107
INFO:root:epoch: 108
INFO:root:epoch: 109
INFO:root:epoch: 110
INFO:root:epoch: 111
INFO:root:epoch: 112
INFO:root:epoch: 113
INFO:root:epoch: 114
INFO:root:epoch: 115
INFO:root:epoch: 116
INFO:root:epoch: 117
INFO:root:epoch: 118
INFO:root:epoch: 119
INFO:root:epoch: 120
INFO:root:epoch: 121
INFO:root:epoch: 122
INFO:root:epoch: 123
INFO:root:epoch: 124
INFO:root:epoch: 125
INFO:root:epoch: 126
INFO:root:epoch: 127
INFO:root:epoch: 128
INFO:root:epoch: 129
INFO:root:epoch: 130
INFO:root:epoch: 131
INFO:root:epoch: 132
INFO:root:epoch: 133
INFO:root:epoch: 134
INFO:root:epoch: 135
INFO:root:epoch: 136
INFO:root:epoch: 137
INFO:root:epoch: 138
INFO:root:epoch: 139
INFO:root:epoch: 140
INFO:root:epoch: 141
INFO:root:epoch: 142
INFO:root:epoch: 143
INFO:root:epoch: 144
INFO:root:epoch: 145
INFO:root:epoch: 146
INFO:root:epoch: 147
INFO:root:epoch: 148
INFO:root:epoch: 149
INFO:root:epoch: 150
INFO:root:epoch: 151
INFO:root:epoch: 152
INFO:root:epoch: 153
INFO:root:epoch: 154
INFO:root:epoch: 155
INFO:root:epoch: 156
INFO:root:epoch: 157
INFO:root:epoch: 158
INFO:root:epoch: 159
INFO:root:epoch: 160
INFO:root:epoch: 161
INFO:root:epoch: 162
INFO:root:epoch: 163
INFO:root:epoch: 164
INFO:root:epoch: 165
INFO:root:epoch: 166
INFO:root:epoch: 167
INFO:root:epoch: 168
INFO:root:epoch: 169
INFO:root:epoch: 170
INFO:root:epoch: 171
INFO:root:epoch: 172
INFO:root:epoch: 173
INFO:root:epoch: 174
INFO:root:epoch: 175
INFO:root:epoch: 176
INFO:root:epoch: 177
INFO:root:epoch: 178
INFO:root:epoch: 179
INFO:root:epoch: 180
INFO:root:epoch: 181
INFO:root:epoch: 182
INFO:root:epoch: 183
INFO:root:epoch: 184
INFO:root:epoch: 185
INFO:root:epoch: 186
INFO:root:epoch: 187
INFO:root:epoch: 188
INFO:root:epoch: 189
INFO:root:epoch: 190
INFO:root:epoch: 191
INFO:root:epoch: 192
INFO:root:epoch: 193
INFO:root:epoch: 194
INFO:root:epoch: 195
INFO:root:epoch: 196
INFO:root:epoch: 197
INFO:root:epoch: 198
INFO:root:epoch: 199
INFO:root:epoch: 200
INFO:root:epoch: 201
INFO:root:epoch: 202
INFO:root:epoch: 203
INFO:root:epoch: 204
INFO:root:epoch: 205
INFO:root:epoch: 206
INFO:root:epoch: 207
INFO:root:epoch: 208
INFO:root:epoch: 209
INFO:root:epoch: 210
INFO:root:epoch: 211
INFO:root:epoch: 212
INFO:root:epoch: 213
INFO:root:epoch: 214
INFO:root:epoch: 215
INFO:root:epoch: 216
INFO:root:epoch: 217
INFO:root:epoch: 218
INFO:root:epoch: 219
INFO:root:epoch: 220
INFO:root:epoch: 221
INFO:root:epoch: 222
INFO:root:epoch: 223
INFO:root:epoch: 224
INFO:root:epoch: 225
INFO:root:epoch: 226
INFO:root:epoch: 227
INFO:root:epoch: 228
INFO:root:epoch: 229
INFO:root:epoch: 230
INFO:root:epoch: 231
INFO:root:epoch: 232
INFO:root:epoch: 233
INFO:root:epoch: 234
INFO:root:epoch: 235
INFO:root:epoch: 236
INFO:root:epoch: 237
INFO:root:epoch: 238
INFO:root:epoch: 239
INFO:root:epoch: 240
INFO:root:epoch: 241
INFO:root:epoch: 242
INFO:root:epoch: 243
INFO:root:epoch: 244
INFO:root:epoch: 245
INFO:root:epoch: 246
INFO:root:epoch: 247
INFO:root:epoch: 248
INFO:root:epoch: 249
INFO:root:epoch: 250
INFO:root:epoch: 251
INFO:root:epoch: 252
INFO:root:epoch: 253
INFO:root:epoch: 254
INFO:root:epoch: 255
INFO:root:epoch: 256
INFO:root:epoch: 257
INFO:root:epoch: 258
INFO:root:epoch: 259
INFO:root:epoch: 260
INFO:root:epoch: 261
INFO:root:epoch: 262
INFO:root:epoch: 263
INFO:root:epoch: 264
INFO:root:epoch: 265
INFO:root:epoch: 266
INFO:root:epoch: 267
INFO:root:epoch: 268
INFO:root:epoch: 269
INFO:root:epoch: 270
INFO:root:epoch: 271
INFO:root:epoch: 272
INFO:root:epoch: 273
INFO:root:epoch: 274
INFO:root:epoch: 275
INFO:root:epoch: 276
INFO:root:epoch: 277
INFO:root:epoch: 278
INFO:root:epoch: 279
INFO:root:epoch: 280
INFO:root:epoch: 281
INFO:root:epoch: 282
INFO:root:epoch: 283
INFO:root:epoch: 284
INFO:root:epoch: 285
INFO:root:epoch: 286
INFO:root:epoch: 287
INFO:root:epoch: 288
INFO:root:epoch: 289
INFO:root:epoch: 290
INFO:root:epoch: 291
INFO:root:epoch: 292
INFO:root:epoch: 293
INFO:root:epoch: 294
INFO:root:epoch: 295
INFO:root:epoch: 296
INFO:root:epoch: 297
INFO:root:epoch: 298
INFO:root:epoch: 299
INFO:root:epoch: 300
INFO:root:epoch: 301
INFO:root:epoch: 302
INFO:root:epoch: 303
INFO:root:epoch: 304
INFO:root:epoch: 305
INFO:root:epoch: 306
INFO:root:epoch: 307
INFO:root:epoch: 308
INFO:root:epoch: 309
INFO:root:epoch: 310
INFO:root:epoch: 311
INFO:root:epoch: 312
INFO:root:epoch: 313
INFO:root:epoch: 314
INFO:root:epoch: 315
INFO:root:epoch: 316
INFO:root:epoch: 317
INFO:root:epoch: 318
INFO:root:epoch: 319
INFO:root:epoch: 320
INFO:root:epoch: 321
INFO:root:epoch: 322
INFO:root:epoch: 323
INFO:root:epoch: 324
INFO:root:epoch: 325
INFO:root:epoch: 326
INFO:root:epoch: 327
INFO:root:epoch: 328
INFO:root:epoch: 329
INFO:root:epoch: 330
INFO:root:epoch: 331
INFO:root:epoch: 332
INFO:root:epoch: 333
INFO:root:epoch: 334
INFO:root:epoch: 335
INFO:root:epoch: 336
INFO:root:epoch: 337
INFO:root:epoch: 338
INFO:root:epoch: 339
INFO:root:epoch: 340
INFO:root:epoch: 341
INFO:root:epoch: 342
INFO:root:epoch: 343
INFO:root:epoch: 344
INFO:root:epoch: 345
INFO:root:epoch: 346
INFO:root:epoch: 347
INFO:root:epoch: 348
INFO:root:epoch: 349
INFO:root:epoch: 350
INFO:root:epoch: 351
INFO:root:epoch: 352
INFO:root:epoch: 353
INFO:root:epoch: 354
INFO:root:epoch: 355
INFO:root:epoch: 356
INFO:root:epoch: 357
INFO:root:epoch: 358
INFO:root:epoch: 359
INFO:root:epoch: 360
INFO:root:epoch: 361
INFO:root:epoch: 362
INFO:root:epoch: 363
INFO:root:epoch: 364
INFO:root:epoch: 365
INFO:root:epoch: 366
INFO:root:epoch: 367
INFO:root:epoch: 368
INFO:root:epoch: 369
INFO:root:epoch: 370
INFO:root:epoch: 371
INFO:root:epoch: 372
INFO:root:epoch: 373
INFO:root:epoch: 374
INFO:root:epoch: 375
INFO:root:epoch: 376
INFO:root:epoch: 377
INFO:root:epoch: 378
INFO:root:epoch: 379
INFO:root:epoch: 380
INFO:root:epoch: 381
INFO:root:epoch: 382
INFO:root:epoch: 383
INFO:root:epoch: 384
INFO:root:epoch: 385
INFO:root:epoch: 386
INFO:root:epoch: 387
INFO:root:epoch: 388
INFO:root:epoch: 389
INFO:root:epoch: 390
INFO:root:epoch: 391
INFO:root:epoch: 392
INFO:root:epoch: 393
INFO:root:epoch: 394
INFO:root:epoch: 395
INFO:root:epoch: 396
INFO:root:epoch: 397
INFO:root:epoch: 398
INFO:root:epoch: 399
INFO:root:epoch: 400
INFO:root:epoch: 401
INFO:root:epoch: 402
INFO:root:epoch: 403
INFO:root:epoch: 404
INFO:root:epoch: 405
INFO:root:epoch: 406
INFO:root:epoch: 407
INFO:root:epoch: 408
INFO:root:epoch: 409
INFO:root:epoch: 410
INFO:root:epoch: 411
INFO:root:epoch: 412
INFO:root:epoch: 413
INFO:root:epoch: 414
INFO:root:epoch: 415
INFO:root:epoch: 416
INFO:root:epoch: 417
INFO:root:epoch: 418
INFO:root:epoch: 419
INFO:root:epoch: 420
INFO:root:epoch: 421
INFO:root:epoch: 422
INFO:root:epoch: 423
INFO:root:epoch: 424
INFO:root:epoch: 425
INFO:root:epoch: 426
INFO:root:epoch: 427
INFO:root:epoch: 428
INFO:root:epoch: 429
INFO:root:epoch: 430
INFO:root:epoch: 431
INFO:root:epoch: 432
INFO:root:epoch: 433
INFO:root:epoch: 434
INFO:root:epoch: 435
INFO:root:epoch: 436
INFO:root:epoch: 437
INFO:root:epoch: 438
INFO:root:epoch: 439
INFO:root:epoch: 440
INFO:root:epoch: 441
INFO:root:epoch: 442
INFO:root:epoch: 443
INFO:root:epoch: 444
INFO:root:epoch: 445
INFO:root:epoch: 446
INFO:root:epoch: 447
INFO:root:epoch: 448
INFO:root:epoch: 449
INFO:root:epoch: 450
INFO:root:epoch: 451
INFO:root:epoch: 452
INFO:root:epoch: 453
INFO:root:epoch: 454
INFO:root:epoch: 455
INFO:root:epoch: 456
INFO:root:epoch: 457
INFO:root:epoch: 458
INFO:root:epoch: 459
INFO:root:epoch: 460
INFO:root:epoch: 461
INFO:root:epoch: 462
INFO:root:epoch: 463
INFO:root:epoch: 464
INFO:root:epoch: 465
INFO:root:epoch: 466
INFO:root:epoch: 467
INFO:root:epoch: 468
INFO:root:epoch: 469
INFO:root:epoch: 470
INFO:root:epoch: 471
INFO:root:epoch: 472
INFO:root:epoch: 473
INFO:root:epoch: 474
INFO:root:epoch: 475
INFO:root:epoch: 476
INFO:root:epoch: 477
INFO:root:epoch: 478
INFO:root:epoch: 479
INFO:root:epoch: 480
INFO:root:epoch: 481
INFO:root:epoch: 482
INFO:root:epoch: 483
INFO:root:epoch: 484
INFO:root:epoch: 485
INFO:root:epoch: 486
INFO:root:epoch: 487
INFO:root:epoch: 488
INFO:root:epoch: 489
INFO:root:epoch: 490
INFO:root:epoch: 491
INFO:root:epoch: 492
INFO:root:epoch: 493
INFO:root:epoch: 494
INFO:root:epoch: 495
INFO:root:epoch: 496
INFO:root:epoch: 497
INFO:root:epoch: 498
INFO:root:epoch: 499
INFO:root:epoch: 500
INFO:root:epoch: 501
INFO:root:epoch: 502
INFO:root:epoch: 503
INFO:root:epoch: 504
INFO:root:epoch: 505
INFO:root:epoch: 506
INFO:root:epoch: 507
INFO:root:epoch: 508
INFO:root:epoch: 509
INFO:root:epoch: 510
INFO:root:epoch: 511
INFO:root:epoch: 512
INFO:root:epoch: 513
INFO:root:epoch: 514
INFO:root:epoch: 515
INFO:root:epoch: 516
INFO:root:epoch: 517
INFO:root:epoch: 518
INFO:root:epoch: 519
INFO:root:epoch: 520
INFO:root:epoch: 521
INFO:root:epoch: 522
INFO:root:epoch: 523
INFO:root:epoch: 524
INFO:root:epoch: 525
INFO:root:epoch: 526
INFO:root:epoch: 527
INFO:root:epoch: 528
INFO:root:epoch: 529
INFO:root:epoch: 530
INFO:root:epoch: 531
INFO:root:epoch: 532
INFO:root:epoch: 533
INFO:root:epoch: 534
INFO:root:epoch: 535
INFO:root:epoch: 536
INFO:root:epoch: 537
INFO:root:epoch: 538
INFO:root:epoch: 539
INFO:root:epoch: 540
INFO:root:epoch: 541
INFO:root:epoch: 542
INFO:root:epoch: 543
INFO:root:epoch: 544
INFO:root:epoch: 545
INFO:root:epoch: 546
INFO:root:epoch: 547
INFO:root:epoch: 548
INFO:root:epoch: 549
INFO:root:epoch: 550
INFO:root:epoch: 551
INFO:root:epoch: 552
INFO:root:epoch: 553
INFO:root:epoch: 554
INFO:root:epoch: 555
INFO:root:epoch: 556
INFO:root:epoch: 557
INFO:root:epoch: 558
INFO:root:epoch: 559
INFO:root:epoch: 560
INFO:root:epoch: 561
INFO:root:epoch: 562
INFO:root:epoch: 563
INFO:root:epoch: 564
INFO:root:epoch: 565
INFO:root:epoch: 566
INFO:root:epoch: 567
INFO:root:epoch: 568
INFO:root:epoch: 569
INFO:root:epoch: 570
INFO:root:epoch: 571
INFO:root:epoch: 572
INFO:root:epoch: 573
INFO:root:epoch: 574
INFO:root:epoch: 575
INFO:root:epoch: 576
INFO:root:epoch: 577
INFO:root:epoch: 578
INFO:root:epoch: 579
INFO:root:epoch: 580
INFO:root:epoch: 581
INFO:root:epoch: 582
INFO:root:epoch: 583
INFO:root:epoch: 584
INFO:root:epoch: 585
INFO:root:epoch: 586
INFO:root:epoch: 587
INFO:root:epoch: 588
INFO:root:epoch: 589
INFO:root:epoch: 590
INFO:root:epoch: 591
INFO:root:epoch: 592
INFO:root:epoch: 593
INFO:root:epoch: 594
INFO:root:epoch: 595
INFO:root:epoch: 596
INFO:root:epoch: 597
INFO:root:epoch: 598
INFO:root:epoch: 599
INFO:root:epoch: 600
INFO:root:epoch: 601
INFO:root:epoch: 602
INFO:root:epoch: 603
INFO:root:epoch: 604
INFO:root:epoch: 605
INFO:root:epoch: 606
INFO:root:epoch: 607
INFO:root:epoch: 608
INFO:root:epoch: 609
INFO:root:epoch: 610
INFO:root:epoch: 611
INFO:root:epoch: 612
INFO:root:epoch: 613
INFO:root:epoch: 614
INFO:root:epoch: 615
INFO:root:epoch: 616
INFO:root:epoch: 617
INFO:root:epoch: 618
INFO:root:epoch: 619
INFO:root:epoch: 620
INFO:root:epoch: 621
INFO:root:epoch: 622
INFO:root:epoch: 623
INFO:root:epoch: 624
INFO:root:epoch: 625
INFO:root:epoch: 626
INFO:root:epoch: 627
INFO:root:epoch: 628
INFO:root:epoch: 629
INFO:root:epoch: 630
INFO:root:epoch: 631
INFO:root:epoch: 632
INFO:root:epoch: 633
INFO:root:epoch: 634
INFO:root:epoch: 635
INFO:root:epoch: 636
INFO:root:epoch: 637
INFO:root:epoch: 638
INFO:root:epoch: 639
INFO:root:epoch: 640
INFO:root:epoch: 641
INFO:root:epoch: 642
INFO:root:epoch: 643
INFO:root:epoch: 644
INFO:root:epoch: 645
INFO:root:epoch: 646
INFO:root:epoch: 647
INFO:root:epoch: 648
INFO:root:epoch: 649
INFO:root:epoch: 650
INFO:root:epoch: 651
INFO:root:epoch: 652
INFO:root:epoch: 653
INFO:root:epoch: 654
INFO:root:epoch: 655
INFO:root:epoch: 656
INFO:root:epoch: 657
INFO:root:epoch: 658
INFO:root:epoch: 659
INFO:root:epoch: 660
INFO:root:epoch: 661
INFO:root:epoch: 662
INFO:root:epoch: 663
INFO:root:epoch: 664
INFO:root:epoch: 665
INFO:root:epoch: 666
INFO:root:epoch: 667
INFO:root:epoch: 668
INFO:root:epoch: 669
INFO:root:epoch: 670
INFO:root:epoch: 671
INFO:root:epoch: 672
INFO:root:epoch: 673
INFO:root:epoch: 674
INFO:root:epoch: 675
INFO:root:epoch: 676
INFO:root:epoch: 677
INFO:root:epoch: 678
INFO:root:epoch: 679
INFO:root:epoch: 680
INFO:root:epoch: 681
INFO:root:epoch: 682
INFO:root:epoch: 683
INFO:root:epoch: 684
INFO:root:epoch: 685
INFO:root:epoch: 686
INFO:root:epoch: 687
INFO:root:epoch: 688
INFO:root:epoch: 689
INFO:root:epoch: 690
INFO:root:epoch: 691
INFO:root:epoch: 692
INFO:root:epoch: 693
INFO:root:epoch: 694
INFO:root:epoch: 695
INFO:root:epoch: 696
INFO:root:epoch: 697
INFO:root:epoch: 698
INFO:root:epoch: 699
INFO:root:epoch: 700
INFO:root:epoch: 701
INFO:root:epoch: 702
INFO:root:epoch: 703
INFO:root:epoch: 704
INFO:root:epoch: 705
INFO:root:epoch: 706
INFO:root:epoch: 707
INFO:root:epoch: 708
INFO:root:epoch: 709
INFO:root:epoch: 710
INFO:root:epoch: 711
INFO:root:epoch: 712
INFO:root:epoch: 713
INFO:root:epoch: 714
INFO:root:epoch: 715
INFO:root:epoch: 716
INFO:root:epoch: 717
INFO:root:epoch: 718
INFO:root:epoch: 719
INFO:root:epoch: 720
INFO:root:epoch: 721
INFO:root:epoch: 722
INFO:root:epoch: 723
INFO:root:epoch: 724
INFO:root:epoch: 725
INFO:root:epoch: 726
INFO:root:epoch: 727
INFO:root:epoch: 728
INFO:root:epoch: 729
INFO:root:epoch: 730
INFO:root:epoch: 731
INFO:root:epoch: 732
INFO:root:epoch: 733
INFO:root:epoch: 734
INFO:root:epoch: 735
INFO:root:epoch: 736
INFO:root:epoch: 737
INFO:root:epoch: 738
INFO:root:epoch: 739
INFO:root:epoch: 740
INFO:root:epoch: 741
INFO:root:epoch: 742
INFO:root:epoch: 743
INFO:root:epoch: 744
INFO:root:epoch: 745
INFO:root:epoch: 746
INFO:root:epoch: 747
INFO:root:epoch: 748
INFO:root:epoch: 749
INFO:root:epoch: 750
INFO:root:epoch: 751
INFO:root:epoch: 752
INFO:root:epoch: 753
INFO:root:epoch: 754
INFO:root:epoch: 755
INFO:root:epoch: 756
INFO:root:epoch: 757
INFO:root:epoch: 758
INFO:root:epoch: 759
INFO:root:epoch: 760
INFO:root:epoch: 761
INFO:root:epoch: 762
INFO:root:epoch: 763
INFO:root:epoch: 764
INFO:root:epoch: 765
INFO:root:epoch: 766
INFO:root:epoch: 767
INFO:root:epoch: 768
INFO:root:epoch: 769
INFO:root:epoch: 770
INFO:root:epoch: 771
INFO:root:epoch: 772
INFO:root:epoch: 773
INFO:root:epoch: 774
INFO:root:epoch: 775
INFO:root:epoch: 776
INFO:root:epoch: 777
INFO:root:epoch: 778
INFO:root:epoch: 779
INFO:root:epoch: 780
INFO:root:epoch: 781
INFO:root:epoch: 782
INFO:root:epoch: 783
INFO:root:epoch: 784
INFO:root:epoch: 785
INFO:root:epoch: 786
INFO:root:epoch: 787
INFO:root:epoch: 788
INFO:root:epoch: 789
INFO:root:epoch: 790
INFO:root:epoch: 791
INFO:root:epoch: 792
INFO:root:epoch: 793
INFO:root:epoch: 794
INFO:root:epoch: 795
INFO:root:epoch: 796
INFO:root:epoch: 797
INFO:root:epoch: 798
INFO:root:epoch: 799
INFO:root:epoch: 800
INFO:root:epoch: 801
INFO:root:epoch: 802
INFO:root:epoch: 803
INFO:root:epoch: 804
INFO:root:epoch: 805
INFO:root:epoch: 806
INFO:root:epoch: 807
INFO:root:epoch: 808
INFO:root:epoch: 809
INFO:root:epoch: 810
INFO:root:epoch: 811
INFO:root:epoch: 812
INFO:root:epoch: 813
INFO:root:epoch: 814
INFO:root:epoch: 815
INFO:root:epoch: 816
INFO:root:epoch: 817
INFO:root:epoch: 818
INFO:root:epoch: 819
INFO:root:epoch: 820
INFO:root:epoch: 821
INFO:root:epoch: 822
INFO:root:epoch: 823
INFO:root:epoch: 824
INFO:root:epoch: 825
INFO:root:epoch: 826
INFO:root:epoch: 827
INFO:root:epoch: 828
INFO:root:epoch: 829
INFO:root:epoch: 830
INFO:root:epoch: 831
INFO:root:epoch: 832
INFO:root:epoch: 833
INFO:root:epoch: 834
INFO:root:epoch: 835
INFO:root:epoch: 836
INFO:root:epoch: 837
INFO:root:epoch: 838
INFO:root:epoch: 839
INFO:root:epoch: 840
INFO:root:epoch: 841
INFO:root:epoch: 842
INFO:root:epoch: 843
INFO:root:epoch: 844
INFO:root:epoch: 845
INFO:root:epoch: 846
INFO:root:epoch: 847
INFO:root:epoch: 848
INFO:root:epoch: 849
INFO:root:epoch: 850
INFO:root:epoch: 851
INFO:root:epoch: 852
INFO:root:epoch: 853
INFO:root:epoch: 854
INFO:root:epoch: 855
INFO:root:epoch: 856
INFO:root:epoch: 857
INFO:root:epoch: 858
INFO:root:epoch: 859
INFO:root:epoch: 860
INFO:root:epoch: 861
INFO:root:epoch: 862
INFO:root:epoch: 863
INFO:root:epoch: 864
INFO:root:epoch: 865
INFO:root:epoch: 866
INFO:root:epoch: 867
INFO:root:epoch: 868
INFO:root:epoch: 869
INFO:root:epoch: 870
INFO:root:epoch: 871
INFO:root:epoch: 872
INFO:root:epoch: 873
INFO:root:epoch: 874
INFO:root:epoch: 875
INFO:root:epoch: 876
INFO:root:epoch: 877
INFO:root:epoch: 878
INFO:root:epoch: 879
INFO:root:epoch: 880
INFO:root:epoch: 881
INFO:root:epoch: 882
INFO:root:epoch: 883
INFO:root:epoch: 884
INFO:root:epoch: 885
INFO:root:epoch: 886
INFO:root:epoch: 887
INFO:root:epoch: 888
INFO:root:epoch: 889
INFO:root:epoch: 890
INFO:root:epoch: 891
INFO:root:epoch: 892
INFO:root:epoch: 893
INFO:root:epoch: 894
INFO:root:epoch: 895
INFO:root:epoch: 896
INFO:root:epoch: 897
INFO:root:epoch: 898
INFO:root:epoch: 899
INFO:root:epoch: 900
INFO:root:epoch: 901
INFO:root:epoch: 902
INFO:root:epoch: 903
INFO:root:epoch: 904
INFO:root:epoch: 905
INFO:root:epoch: 906
INFO:root:epoch: 907
INFO:root:epoch: 908
INFO:root:epoch: 909
INFO:root:epoch: 910
INFO:root:epoch: 911
INFO:root:epoch: 912
INFO:root:epoch: 913
INFO:root:epoch: 914
INFO:root:epoch: 915
INFO:root:epoch: 916
INFO:root:epoch: 917
INFO:root:epoch: 918
INFO:root:epoch: 919
INFO:root:epoch: 920
INFO:root:epoch: 921
INFO:root:epoch: 922
INFO:root:epoch: 923
INFO:root:epoch: 924
INFO:root:epoch: 925
INFO:root:epoch: 926
INFO:root:epoch: 927
INFO:root:epoch: 928
INFO:root:epoch: 929
INFO:root:epoch: 930
INFO:root:epoch: 931
INFO:root:epoch: 932
INFO:root:epoch: 933
INFO:root:epoch: 934
INFO:root:epoch: 935
INFO:root:epoch: 936
INFO:root:epoch: 937
INFO:root:epoch: 938
INFO:root:epoch: 939
INFO:root:epoch: 940
INFO:root:epoch: 941
INFO:root:epoch: 942
INFO:root:epoch: 943
INFO:root:epoch: 944
INFO:root:epoch: 945
INFO:root:epoch: 946
INFO:root:epoch: 947
INFO:root:epoch: 948
INFO:root:epoch: 949
INFO:root:epoch: 950
INFO:root:epoch: 951
INFO:root:epoch: 952
INFO:root:epoch: 953
INFO:root:epoch: 954
INFO:root:epoch: 955
INFO:root:epoch: 956
INFO:root:epoch: 957
INFO:root:epoch: 958
INFO:root:epoch: 959
INFO:root:epoch: 960
INFO:root:epoch: 961
INFO:root:epoch: 962
INFO:root:epoch: 963
INFO:root:epoch: 964
INFO:root:epoch: 965
INFO:root:epoch: 966
INFO:root:epoch: 967
INFO:root:epoch: 968
INFO:root:epoch: 969
INFO:root:epoch: 970
INFO:root:epoch: 971
INFO:root:epoch: 972
INFO:root:epoch: 973
INFO:root:epoch: 974
INFO:root:epoch: 975
INFO:root:epoch: 976
INFO:root:epoch: 977
INFO:root:epoch: 978
INFO:root:epoch: 979
INFO:root:epoch: 980
INFO:root:epoch: 981
INFO:root:epoch: 982
INFO:root:epoch: 983
INFO:root:epoch: 984
INFO:root:epoch: 985
INFO:root:epoch: 986
INFO:root:epoch: 987
INFO:root:epoch: 988
INFO:root:epoch: 989
INFO:root:epoch: 990
INFO:root:epoch: 991
INFO:root:epoch: 992
INFO:root:epoch: 993
INFO:root:epoch: 994
INFO:root:epoch: 995
INFO:root:epoch: 996
INFO:root:epoch: 997
INFO:root:epoch: 998
INFO:root:epoch: 999
INFO:root:epoch: 1000
INFO:root:epoch: 1001
INFO:root:epoch: 1002
INFO:root:epoch: 1003
INFO:root:epoch: 1004
INFO:root:epoch: 1005
INFO:root:epoch: 1006
INFO:root:epoch: 1007
INFO:root:epoch: 1008
INFO:root:epoch: 1009
INFO:root:epoch: 1010
INFO:root:epoch: 1011
INFO:root:epoch: 1012
INFO:root:epoch: 1013
INFO:root:epoch: 1014
INFO:root:epoch: 1015
INFO:root:epoch: 1016
INFO:root:epoch: 1017
INFO:root:epoch: 1018
INFO:root:epoch: 1019
INFO:root:epoch: 1020
INFO:root:epoch: 1021
INFO:root:epoch: 1022
INFO:root:epoch: 1023
INFO:root:epoch: 1024
INFO:root:epoch: 1025
INFO:root:epoch: 1026
INFO:root:epoch: 1027
INFO:root:epoch: 1028
INFO:root:epoch: 1029
INFO:root:epoch: 1030
INFO:root:epoch: 1031
INFO:root:epoch: 1032
INFO:root:epoch: 1033
INFO:root:epoch: 1034
INFO:root:epoch: 1035
INFO:root:epoch: 1036
INFO:root:epoch: 1037
INFO:root:epoch: 1038
INFO:root:epoch: 1039
INFO:root:epoch: 1040
INFO:root:epoch: 1041
INFO:root:epoch: 1042
INFO:root:epoch: 1043
INFO:root:epoch: 1044
INFO:root:epoch: 1045
INFO:root:epoch: 1046
INFO:root:epoch: 1047
INFO:root:epoch: 1048
INFO:root:epoch: 1049
INFO:root:epoch: 1050
INFO:root:epoch: 1051
INFO:root:epoch: 1052
INFO:root:epoch: 1053
INFO:root:epoch: 1054
INFO:root:epoch: 1055
INFO:root:epoch: 1056
INFO:root:epoch: 1057
INFO:root:epoch: 1058
INFO:root:epoch: 1059
INFO:root:epoch: 1060
INFO:root:epoch: 1061
INFO:root:epoch: 1062
INFO:root:epoch: 1063
INFO:root:epoch: 1064
INFO:root:epoch: 1065
INFO:root:epoch: 1066
INFO:root:epoch: 1067
INFO:root:epoch: 1068
INFO:root:epoch: 1069
INFO:root:epoch: 1070
INFO:root:epoch: 1071
INFO:root:epoch: 1072
INFO:root:epoch: 1073
INFO:root:epoch: 1074
INFO:root:epoch: 1075
INFO:root:epoch: 1076
INFO:root:epoch: 1077
INFO:root:epoch: 1078
INFO:root:epoch: 1079
INFO:root:epoch: 1080
INFO:root:epoch: 1081
INFO:root:epoch: 1082
INFO:root:epoch: 1083
INFO:root:epoch: 1084
INFO:root:epoch: 1085
INFO:root:epoch: 1086
INFO:root:epoch: 1087
INFO:root:epoch: 1088
INFO:root:epoch: 1089
INFO:root:epoch: 1090
INFO:root:epoch: 1091
INFO:root:epoch: 1092
INFO:root:epoch: 1093
INFO:root:epoch: 1094
INFO:root:epoch: 1095
INFO:root:epoch: 1096
INFO:root:epoch: 1097
INFO:root:epoch: 1098
INFO:root:epoch: 1099
INFO:root:epoch: 1100
INFO:root:epoch: 1101
INFO:root:epoch: 1102
INFO:root:epoch: 1103
INFO:root:epoch: 1104
INFO:root:epoch: 1105
INFO:root:epoch: 1106
INFO:root:epoch: 1107
INFO:root:epoch: 1108
INFO:root:epoch: 1109
INFO:root:epoch: 1110
INFO:root:epoch: 1111
INFO:root:epoch: 1112
INFO:root:epoch: 1113
INFO:root:epoch: 1114
INFO:root:epoch: 1115
INFO:root:epoch: 1116
INFO:root:epoch: 1117
INFO:root:epoch: 1118
INFO:root:epoch: 1119
INFO:root:epoch: 1120
INFO:root:epoch: 1121
INFO:root:epoch: 1122
INFO:root:epoch: 1123
INFO:root:epoch: 1124
INFO:root:epoch: 1125
INFO:root:epoch: 1126
INFO:root:epoch: 1127
INFO:root:epoch: 1128
INFO:root:epoch: 1129
INFO:root:epoch: 1130
INFO:root:epoch: 1131
INFO:root:epoch: 1132
INFO:root:epoch: 1133
INFO:root:epoch: 1134
INFO:root:epoch: 1135
INFO:root:epoch: 1136
INFO:root:epoch: 1137
INFO:root:epoch: 1138
INFO:root:epoch: 1139
INFO:root:epoch: 1140
INFO:root:epoch: 1141
INFO:root:epoch: 1142
INFO:root:epoch: 1143
INFO:root:epoch: 1144
INFO:root:epoch: 1145
INFO:root:epoch: 1146
INFO:root:epoch: 1147
INFO:root:epoch: 1148
INFO:root:epoch: 1149
INFO:root:epoch: 1150
INFO:root:epoch: 1151
INFO:root:epoch: 1152
INFO:root:epoch: 1153
INFO:root:epoch: 1154
INFO:root:epoch: 1155
INFO:root:epoch: 1156
INFO:root:epoch: 1157
INFO:root:epoch: 1158
INFO:root:epoch: 1159
INFO:root:epoch: 1160
INFO:root:epoch: 1161
INFO:root:epoch: 1162
INFO:root:epoch: 1163
INFO:root:epoch: 1164
INFO:root:epoch: 1165
INFO:root:epoch: 1166
INFO:root:epoch: 1167
INFO:root:epoch: 1168
INFO:root:epoch: 1169
INFO:root:epoch: 1170
INFO:root:epoch: 1171
INFO:root:epoch: 1172
INFO:root:epoch: 1173
INFO:root:epoch: 1174
INFO:root:epoch: 1175
INFO:root:epoch: 1176
INFO:root:epoch: 1177
INFO:root:epoch: 1178
INFO:root:epoch: 1179
INFO:root:epoch: 1180
INFO:root:epoch: 1181
INFO:root:epoch: 1182
INFO:root:epoch: 1183
INFO:root:epoch: 1184
INFO:root:epoch: 1185
INFO:root:epoch: 1186
INFO:root:epoch: 1187
INFO:root:epoch: 1188
INFO:root:epoch: 1189
INFO:root:epoch: 1190
INFO:root:epoch: 1191
INFO:root:epoch: 1192
INFO:root:epoch: 1193
INFO:root:epoch: 1194
INFO:root:epoch: 1195
INFO:root:epoch: 1196
INFO:root:epoch: 1197
INFO:root:epoch: 1198
INFO:root:epoch: 1199
INFO:root:epoch: 1200
INFO:root:epoch: 1201
INFO:root:epoch: 1202
INFO:root:epoch: 1203
INFO:root:epoch: 1204
INFO:root:epoch: 1205
INFO:root:epoch: 1206
INFO:root:epoch: 1207
INFO:root:epoch: 1208
INFO:root:epoch: 1209
INFO:root:epoch: 1210
INFO:root:epoch: 1211
INFO:root:epoch: 1212
INFO:root:epoch: 1213
INFO:root:epoch: 1214
INFO:root:epoch: 1215
INFO:root:epoch: 1216
INFO:root:epoch: 1217
INFO:root:epoch: 1218
INFO:root:epoch: 1219
INFO:root:epoch: 1220
INFO:root:epoch: 1221
INFO:root:epoch: 1222
INFO:root:epoch: 1223
INFO:root:epoch: 1224
INFO:root:epoch: 1225
INFO:root:epoch: 1226
INFO:root:epoch: 1227
INFO:root:epoch: 1228
INFO:root:epoch: 1229
INFO:root:epoch: 1230
INFO:root:epoch: 1231
INFO:root:epoch: 1232
INFO:root:epoch: 1233
INFO:root:epoch: 1234
INFO:root:epoch: 1235
INFO:root:epoch: 1236
INFO:root:epoch: 1237
INFO:root:epoch: 1238
INFO:root:epoch: 1239
INFO:root:epoch: 1240
INFO:root:epoch: 1241
INFO:root:epoch: 1242
INFO:root:epoch: 1243
INFO:root:epoch: 1244
INFO:root:epoch: 1245
INFO:root:epoch: 1246
INFO:root:epoch: 1247
INFO:root:epoch: 1248
INFO:root:epoch: 1249
INFO:root:epoch: 1250
INFO:root:epoch: 1251
INFO:root:epoch: 1252
INFO:root:epoch: 1253
INFO:root:epoch: 1254
INFO:root:epoch: 1255
INFO:root:epoch: 1256
INFO:root:epoch: 1257
INFO:root:epoch: 1258
INFO:root:epoch: 1259
INFO:root:epoch: 1260
INFO:root:epoch: 1261
INFO:root:epoch: 1262
INFO:root:epoch: 1263
INFO:root:epoch: 1264
INFO:root:epoch: 1265
INFO:root:epoch: 1266
INFO:root:epoch: 1267
INFO:root:epoch: 1268
INFO:root:epoch: 1269
INFO:root:epoch: 1270
INFO:root:epoch: 1271
INFO:root:epoch: 1272
INFO:root:epoch: 1273
INFO:root:epoch: 1274
INFO:root:epoch: 1275
INFO:root:epoch: 1276
INFO:root:epoch: 1277
INFO:root:epoch: 1278
INFO:root:epoch: 1279
INFO:root:epoch: 1280
INFO:root:epoch: 1281
INFO:root:epoch: 1282
INFO:root:epoch: 1283
INFO:root:epoch: 1284
INFO:root:epoch: 1285
INFO:root:epoch: 1286
INFO:root:epoch: 1287
INFO:root:epoch: 1288
INFO:root:epoch: 1289
INFO:root:epoch: 1290
INFO:root:epoch: 1291
INFO:root:epoch: 1292
INFO:root:epoch: 1293
INFO:root:epoch: 1294
INFO:root:epoch: 1295
INFO:root:epoch: 1296
INFO:root:epoch: 1297
INFO:root:epoch: 1298
INFO:root:epoch: 1299
INFO:root:epoch: 1300
INFO:root:epoch: 1301
INFO:root:epoch: 1302
INFO:root:epoch: 1303
INFO:root:epoch: 1304
INFO:root:epoch: 1305
INFO:root:epoch: 1306
INFO:root:epoch: 1307
INFO:root:epoch: 1308
INFO:root:epoch: 1309
INFO:root:epoch: 1310
INFO:root:epoch: 1311
INFO:root:epoch: 1312
INFO:root:epoch: 1313
INFO:root:epoch: 1314
INFO:root:epoch: 1315
INFO:root:epoch: 1316
INFO:root:epoch: 1317
INFO:root:epoch: 1318
INFO:root:epoch: 1319
INFO:root:epoch: 1320
INFO:root:epoch: 1321
INFO:root:epoch: 1322
INFO:root:epoch: 1323
INFO:root:epoch: 1324
INFO:root:epoch: 1325
INFO:root:epoch: 1326
INFO:root:epoch: 1327
INFO:root:epoch: 1328
INFO:root:epoch: 1329
INFO:root:epoch: 1330
INFO:root:epoch: 1331
INFO:root:epoch: 1332
INFO:root:epoch: 1333
INFO:root:epoch: 1334
INFO:root:epoch: 1335
INFO:root:epoch: 1336
INFO:root:epoch: 1337
INFO:root:epoch: 1338
INFO:root:epoch: 1339
INFO:root:epoch: 1340
INFO:root:epoch: 1341
INFO:root:epoch: 1342
INFO:root:epoch: 1343
INFO:root:epoch: 1344
INFO:root:epoch: 1345
INFO:root:epoch: 1346
INFO:root:epoch: 1347
INFO:root:epoch: 1348
INFO:root:epoch: 1349
INFO:root:epoch: 1350
INFO:root:epoch: 1351
INFO:root:epoch: 1352
INFO:root:epoch: 1353
INFO:root:epoch: 1354
INFO:root:epoch: 1355
INFO:root:epoch: 1356
INFO:root:epoch: 1357
INFO:root:epoch: 1358
INFO:root:epoch: 1359
INFO:root:epoch: 1360
INFO:root:epoch: 1361
INFO:root:epoch: 1362
INFO:root:epoch: 1363
INFO:root:epoch: 1364
INFO:root:epoch: 1365
INFO:root:epoch: 1366
INFO:root:epoch: 1367
INFO:root:epoch: 1368
INFO:root:epoch: 1369
INFO:root:epoch: 1370
INFO:root:epoch: 1371
INFO:root:epoch: 1372
INFO:root:epoch: 1373
INFO:root:epoch: 1374
INFO:root:epoch: 1375
INFO:root:epoch: 1376
INFO:root:epoch: 1377
INFO:root:epoch: 1378
INFO:root:epoch: 1379
INFO:root:epoch: 1380
INFO:root:epoch: 1381
INFO:root:epoch: 1382
INFO:root:epoch: 1383
INFO:root:epoch: 1384
INFO:root:epoch: 1385
INFO:root:epoch: 1386
INFO:root:epoch: 1387
INFO:root:epoch: 1388
INFO:root:epoch: 1389
INFO:root:epoch: 1390
INFO:root:epoch: 1391
INFO:root:epoch: 1392
INFO:root:epoch: 1393
INFO:root:epoch: 1394
INFO:root:epoch: 1395
INFO:root:epoch: 1396
INFO:root:epoch: 1397
INFO:root:epoch: 1398
INFO:root:epoch: 1399
INFO:root:epoch: 1400
INFO:root:epoch: 1401
INFO:root:epoch: 1402
INFO:root:epoch: 1403
INFO:root:epoch: 1404
INFO:root:epoch: 1405
INFO:root:epoch: 1406
INFO:root:epoch: 1407
INFO:root:epoch: 1408
INFO:root:epoch: 1409
INFO:root:epoch: 1410
INFO:root:epoch: 1411
INFO:root:epoch: 1412
INFO:root:epoch: 1413
INFO:root:epoch: 1414
INFO:root:epoch: 1415
INFO:root:epoch: 1416
INFO:root:epoch: 1417
INFO:root:epoch: 1418
INFO:root:epoch: 1419
INFO:root:epoch: 1420
INFO:root:epoch: 1421
INFO:root:epoch: 1422
INFO:root:epoch: 1423
INFO:root:epoch: 1424
INFO:root:epoch: 1425
INFO:root:epoch: 1426
INFO:root:epoch: 1427
INFO:root:epoch: 1428
INFO:root:epoch: 1429
INFO:root:epoch: 1430
INFO:root:epoch: 1431
INFO:root:epoch: 1432
INFO:root:epoch: 1433
INFO:root:epoch: 1434
INFO:root:epoch: 1435
INFO:root:epoch: 1436
INFO:root:epoch: 1437
INFO:root:epoch: 1438
INFO:root:epoch: 1439
INFO:root:epoch: 1440
INFO:root:epoch: 1441
INFO:root:epoch: 1442
INFO:root:epoch: 1443
INFO:root:epoch: 1444
INFO:root:epoch: 1445
INFO:root:epoch: 1446
INFO:root:epoch: 1447
INFO:root:epoch: 1448
INFO:root:epoch: 1449
INFO:root:epoch: 1450
INFO:root:epoch: 1451
INFO:root:epoch: 1452
INFO:root:epoch: 1453
INFO:root:epoch: 1454
INFO:root:epoch: 1455
INFO:root:epoch: 1456
INFO:root:epoch: 1457
INFO:root:epoch: 1458
INFO:root:epoch: 1459
INFO:root:epoch: 1460
INFO:root:epoch: 1461
INFO:root:epoch: 1462
INFO:root:epoch: 1463
INFO:root:epoch: 1464
INFO:root:epoch: 1465
INFO:root:epoch: 1466
INFO:root:epoch: 1467
INFO:root:epoch: 1468
INFO:root:epoch: 1469
INFO:root:epoch: 1470
INFO:root:epoch: 1471
INFO:root:epoch: 1472
INFO:root:epoch: 1473
INFO:root:epoch: 1474
INFO:root:epoch: 1475
INFO:root:epoch: 1476
INFO:root:epoch: 1477
INFO:root:epoch: 1478
INFO:root:epoch: 1479
INFO:root:epoch: 1480
INFO:root:epoch: 1481
INFO:root:epoch: 1482
INFO:root:epoch: 1483
INFO:root:epoch: 1484
INFO:root:epoch: 1485
INFO:root:epoch: 1486
INFO:root:epoch: 1487
INFO:root:epoch: 1488
INFO:root:epoch: 1489
INFO:root:epoch: 1490
INFO:root:epoch: 1491
INFO:root:epoch: 1492
INFO:root:epoch: 1493
INFO:root:epoch: 1494
INFO:root:epoch: 1495
INFO:root:epoch: 1496
INFO:root:epoch: 1497
INFO:root:epoch: 1498
INFO:root:epoch: 1499
INFO:root:epoch: 1500
INFO:root:epoch: 1501
INFO:root:epoch: 1502
INFO:root:epoch: 1503
INFO:root:epoch: 1504
INFO:root:epoch: 1505
INFO:root:epoch: 1506
INFO:root:epoch: 1507
INFO:root:epoch: 1508
INFO:root:epoch: 1509
INFO:root:epoch: 1510
INFO:root:epoch: 1511
INFO:root:epoch: 1512
INFO:root:epoch: 1513
INFO:root:epoch: 1514
INFO:root:epoch: 1515
INFO:root:epoch: 1516
INFO:root:epoch: 1517
INFO:root:epoch: 1518
INFO:root:epoch: 1519
INFO:root:epoch: 1520
INFO:root:epoch: 1521
INFO:root:epoch: 1522
INFO:root:epoch: 1523
INFO:root:epoch: 1524
INFO:root:epoch: 1525
INFO:root:epoch: 1526
INFO:root:epoch: 1527
INFO:root:epoch: 1528
INFO:root:epoch: 1529
INFO:root:epoch: 1530
INFO:root:epoch: 1531
INFO:root:epoch: 1532
INFO:root:epoch: 1533
INFO:root:epoch: 1534
INFO:root:epoch: 1535
INFO:root:epoch: 1536
INFO:root:epoch: 1537
INFO:root:epoch: 1538
INFO:root:epoch: 1539
INFO:root:epoch: 1540
INFO:root:epoch: 1541
INFO:root:epoch: 1542
INFO:root:epoch: 1543
INFO:root:epoch: 1544
INFO:root:epoch: 1545
INFO:root:epoch: 1546
INFO:root:epoch: 1547
INFO:root:epoch: 1548
INFO:root:epoch: 1549
INFO:root:epoch: 1550
INFO:root:epoch: 1551
INFO:root:epoch: 1552
INFO:root:epoch: 1553
INFO:root:epoch: 1554
INFO:root:epoch: 1555
INFO:root:epoch: 1556
INFO:root:epoch: 1557
INFO:root:epoch: 1558
INFO:root:epoch: 1559
INFO:root:epoch: 1560
INFO:root:epoch: 1561
INFO:root:epoch: 1562
INFO:root:epoch: 1563
INFO:root:epoch: 1564
INFO:root:epoch: 1565
INFO:root:epoch: 1566
INFO:root:epoch: 1567
INFO:root:epoch: 1568
INFO:root:epoch: 1569
INFO:root:epoch: 1570
INFO:root:epoch: 1571
INFO:root:epoch: 1572
INFO:root:epoch: 1573
INFO:root:epoch: 1574
INFO:root:epoch: 1575
INFO:root:epoch: 1576
INFO:root:epoch: 1577
INFO:root:epoch: 1578
INFO:root:epoch: 1579
INFO:root:epoch: 1580
INFO:root:epoch: 1581
INFO:root:epoch: 1582
INFO:root:epoch: 1583
INFO:root:epoch: 1584
INFO:root:epoch: 1585
INFO:root:epoch: 1586
INFO:root:epoch: 1587
INFO:root:epoch: 1588
INFO:root:epoch: 1589
INFO:root:epoch: 1590
INFO:root:epoch: 1591
INFO:root:epoch: 1592
INFO:root:epoch: 1593
INFO:root:epoch: 1594
INFO:root:epoch: 1595
INFO:root:epoch: 1596
INFO:root:epoch: 1597
INFO:root:epoch: 1598
INFO:root:epoch: 1599
INFO:root:epoch: 1600
INFO:root:epoch: 1601
INFO:root:epoch: 1602
INFO:root:epoch: 1603
INFO:root:epoch: 1604
INFO:root:epoch: 1605
INFO:root:epoch: 1606
INFO:root:epoch: 1607
INFO:root:epoch: 1608
INFO:root:epoch: 1609
INFO:root:epoch: 1610
INFO:root:epoch: 1611
INFO:root:epoch: 1612
INFO:root:epoch: 1613
INFO:root:epoch: 1614
INFO:root:epoch: 1615
INFO:root:epoch: 1616
INFO:root:epoch: 1617
INFO:root:epoch: 1618
INFO:root:epoch: 1619
INFO:root:epoch: 1620
INFO:root:epoch: 1621
INFO:root:epoch: 1622
INFO:root:epoch: 1623
INFO:root:epoch: 1624
INFO:root:epoch: 1625
INFO:root:epoch: 1626
INFO:root:epoch: 1627
INFO:root:epoch: 1628
INFO:root:epoch: 1629
INFO:root:epoch: 1630
INFO:root:epoch: 1631
INFO:root:epoch: 1632
INFO:root:epoch: 1633
INFO:root:epoch: 1634
INFO:root:epoch: 1635
INFO:root:epoch: 1636
INFO:root:epoch: 1637
INFO:root:epoch: 1638
INFO:root:epoch: 1639
INFO:root:epoch: 1640
INFO:root:epoch: 1641
INFO:root:epoch: 1642
INFO:root:epoch: 1643
INFO:root:epoch: 1644
INFO:root:epoch: 1645
INFO:root:epoch: 1646
INFO:root:epoch: 1647
INFO:root:epoch: 1648
INFO:root:epoch: 1649
INFO:root:epoch: 1650
INFO:root:epoch: 1651
INFO:root:epoch: 1652
INFO:root:epoch: 1653
INFO:root:epoch: 1654
INFO:root:epoch: 1655
INFO:root:epoch: 1656
INFO:root:epoch: 1657
INFO:root:epoch: 1658
INFO:root:epoch: 1659
INFO:root:epoch: 1660
INFO:root:epoch: 1661
INFO:root:epoch: 1662
INFO:root:epoch: 1663
INFO:root:epoch: 1664
INFO:root:epoch: 1665
INFO:root:epoch: 1666
INFO:root:epoch: 1667
INFO:root:epoch: 1668
INFO:root:epoch: 1669
INFO:root:epoch: 1670
INFO:root:epoch: 1671
INFO:root:epoch: 1672
INFO:root:epoch: 1673
INFO:root:epoch: 1674
INFO:root:epoch: 1675
INFO:root:epoch: 1676
INFO:root:epoch: 1677
INFO:root:epoch: 1678
INFO:root:epoch: 1679
INFO:root:epoch: 1680
INFO:root:epoch: 1681
INFO:root:epoch: 1682
INFO:root:epoch: 1683
INFO:root:epoch: 1684
INFO:root:epoch: 1685
INFO:root:epoch: 1686
INFO:root:epoch: 1687
INFO:root:epoch: 1688
INFO:root:epoch: 1689
INFO:root:epoch: 1690
INFO:root:epoch: 1691
INFO:root:epoch: 1692
INFO:root:epoch: 1693
INFO:root:epoch: 1694
INFO:root:epoch: 1695
INFO:root:epoch: 1696
INFO:root:epoch: 1697
INFO:root:epoch: 1698
INFO:root:epoch: 1699
INFO:root:epoch: 1700
INFO:root:epoch: 1701
INFO:root:epoch: 1702
INFO:root:epoch: 1703
INFO:root:epoch: 1704
INFO:root:epoch: 1705
INFO:root:epoch: 1706
INFO:root:epoch: 1707
INFO:root:epoch: 1708
INFO:root:epoch: 1709
INFO:root:epoch: 1710
INFO:root:epoch: 1711
INFO:root:epoch: 1712
INFO:root:epoch: 1713
INFO:root:epoch: 1714
INFO:root:epoch: 1715
INFO:root:epoch: 1716
INFO:root:epoch: 1717
INFO:root:epoch: 1718
INFO:root:epoch: 1719
INFO:root:epoch: 1720
INFO:root:epoch: 1721
INFO:root:epoch: 1722
INFO:root:epoch: 1723
INFO:root:epoch: 1724
INFO:root:epoch: 1725
INFO:root:epoch: 1726
INFO:root:epoch: 1727
INFO:root:epoch: 1728
INFO:root:epoch: 1729
INFO:root:epoch: 1730
INFO:root:epoch: 1731
INFO:root:epoch: 1732
INFO:root:epoch: 1733
INFO:root:epoch: 1734
INFO:root:epoch: 1735
INFO:root:epoch: 1736
INFO:root:epoch: 1737
INFO:root:epoch: 1738
INFO:root:epoch: 1739
INFO:root:epoch: 1740
INFO:root:epoch: 1741
INFO:root:epoch: 1742
INFO:root:epoch: 1743
INFO:root:epoch: 1744
INFO:root:epoch: 1745
INFO:root:epoch: 1746
INFO:root:epoch: 1747
INFO:root:epoch: 1748
INFO:root:epoch: 1749
INFO:root:epoch: 1750
INFO:root:epoch: 1751
INFO:root:epoch: 1752
INFO:root:epoch: 1753
INFO:root:epoch: 1754
INFO:root:epoch: 1755
INFO:root:epoch: 1756
INFO:root:epoch: 1757
INFO:root:epoch: 1758
INFO:root:epoch: 1759
INFO:root:epoch: 1760
INFO:root:epoch: 1761
INFO:root:epoch: 1762
INFO:root:epoch: 1763
INFO:root:epoch: 1764
INFO:root:epoch: 1765
INFO:root:epoch: 1766
INFO:root:epoch: 1767
INFO:root:epoch: 1768
INFO:root:epoch: 1769
INFO:root:epoch: 1770
INFO:root:epoch: 1771
INFO:root:epoch: 1772
INFO:root:epoch: 1773
INFO:root:epoch: 1774
INFO:root:epoch: 1775
INFO:root:epoch: 1776
INFO:root:epoch: 1777
INFO:root:epoch: 1778
INFO:root:epoch: 1779
INFO:root:epoch: 1780
INFO:root:epoch: 1781
INFO:root:epoch: 1782
INFO:root:epoch: 1783
INFO:root:epoch: 1784
INFO:root:epoch: 1785
INFO:root:epoch: 1786
INFO:root:epoch: 1787
INFO:root:epoch: 1788
INFO:root:epoch: 1789
INFO:root:epoch: 1790
INFO:root:epoch: 1791
INFO:root:epoch: 1792
INFO:root:epoch: 1793
INFO:root:epoch: 1794
INFO:root:epoch: 1795
INFO:root:epoch: 1796
INFO:root:epoch: 1797
INFO:root:epoch: 1798
INFO:root:epoch: 1799
INFO:root:epoch: 1800
INFO:root:epoch: 1801
INFO:root:epoch: 1802
INFO:root:epoch: 1803
INFO:root:epoch: 1804
INFO:root:epoch: 1805
INFO:root:epoch: 1806
INFO:root:epoch: 1807
INFO:root:epoch: 1808
INFO:root:epoch: 1809
INFO:root:epoch: 1810
INFO:root:epoch: 1811
INFO:root:epoch: 1812
INFO:root:epoch: 1813
INFO:root:epoch: 1814
INFO:root:epoch: 1815
INFO:root:epoch: 1816
INFO:root:epoch: 1817
INFO:root:epoch: 1818
INFO:root:epoch: 1819
INFO:root:epoch: 1820
INFO:root:epoch: 1821
INFO:root:epoch: 1822
INFO:root:epoch: 1823
INFO:root:epoch: 1824
INFO:root:epoch: 1825
INFO:root:epoch: 1826
INFO:root:epoch: 1827
INFO:root:epoch: 1828
INFO:root:epoch: 1829
INFO:root:epoch: 1830
INFO:root:epoch: 1831
INFO:root:epoch: 1832
INFO:root:epoch: 1833
INFO:root:epoch: 1834
INFO:root:epoch: 1835
INFO:root:epoch: 1836
INFO:root:epoch: 1837
INFO:root:epoch: 1838
INFO:root:epoch: 1839
INFO:root:epoch: 1840
INFO:root:epoch: 1841
INFO:root:epoch: 1842
INFO:root:epoch: 1843
INFO:root:epoch: 1844
INFO:root:epoch: 1845
INFO:root:epoch: 1846
INFO:root:epoch: 1847
INFO:root:epoch: 1848
INFO:root:epoch: 1849
INFO:root:epoch: 1850
INFO:root:epoch: 1851
INFO:root:epoch: 1852
INFO:root:epoch: 1853
INFO:root:epoch: 1854
INFO:root:epoch: 1855
INFO:root:epoch: 1856
INFO:root:epoch: 1857
INFO:root:epoch: 1858
INFO:root:epoch: 1859
INFO:root:epoch: 1860
INFO:root:epoch: 1861
INFO:root:epoch: 1862
INFO:root:epoch: 1863
INFO:root:epoch: 1864
INFO:root:epoch: 1865
INFO:root:epoch: 1866
INFO:root:epoch: 1867
INFO:root:epoch: 1868
INFO:root:epoch: 1869
INFO:root:epoch: 1870
INFO:root:epoch: 1871
INFO:root:epoch: 1872
INFO:root:epoch: 1873
INFO:root:epoch: 1874
INFO:root:epoch: 1875
INFO:root:epoch: 1876
INFO:root:epoch: 1877
INFO:root:epoch: 1878
INFO:root:epoch: 1879
INFO:root:epoch: 1880
INFO:root:epoch: 1881
INFO:root:epoch: 1882
INFO:root:epoch: 1883
INFO:root:epoch: 1884
INFO:root:epoch: 1885
INFO:root:epoch: 1886
INFO:root:epoch: 1887
INFO:root:epoch: 1888
INFO:root:epoch: 1889
INFO:root:epoch: 1890
INFO:root:epoch: 1891
INFO:root:epoch: 1892
INFO:root:epoch: 1893
INFO:root:epoch: 1894
INFO:root:epoch: 1895
INFO:root:epoch: 1896
INFO:root:epoch: 1897
INFO:root:epoch: 1898
INFO:root:epoch: 1899
INFO:root:epoch: 1900
INFO:root:epoch: 1901
INFO:root:epoch: 1902
INFO:root:epoch: 1903
INFO:root:epoch: 1904
INFO:root:epoch: 1905
INFO:root:epoch: 1906
INFO:root:epoch: 1907
INFO:root:epoch: 1908
INFO:root:epoch: 1909
INFO:root:epoch: 1910
INFO:root:epoch: 1911
INFO:root:epoch: 1912
INFO:root:epoch: 1913
INFO:root:epoch: 1914
INFO:root:epoch: 1915
INFO:root:epoch: 1916
INFO:root:epoch: 1917
INFO:root:epoch: 1918
INFO:root:epoch: 1919
INFO:root:epoch: 1920
INFO:root:epoch: 1921
INFO:root:epoch: 1922
INFO:root:epoch: 1923
INFO:root:epoch: 1924
INFO:root:epoch: 1925
INFO:root:epoch: 1926
INFO:root:epoch: 1927
INFO:root:epoch: 1928
INFO:root:epoch: 1929
INFO:root:epoch: 1930
INFO:root:epoch: 1931
INFO:root:epoch: 1932
INFO:root:epoch: 1933
INFO:root:epoch: 1934
INFO:root:epoch: 1935
INFO:root:epoch: 1936
INFO:root:epoch: 1937
INFO:root:epoch: 1938
INFO:root:epoch: 1939
INFO:root:epoch: 1940
INFO:root:epoch: 1941
INFO:root:epoch: 1942
INFO:root:epoch: 1943
INFO:root:epoch: 1944
INFO:root:epoch: 1945
INFO:root:epoch: 1946
INFO:root:epoch: 1947
INFO:root:epoch: 1948
INFO:root:epoch: 1949
INFO:root:epoch: 1950
INFO:root:epoch: 1951
INFO:root:epoch: 1952
INFO:root:epoch: 1953
INFO:root:epoch: 1954
INFO:root:epoch: 1955
INFO:root:epoch: 1956
INFO:root:epoch: 1957
INFO:root:epoch: 1958
INFO:root:epoch: 1959
INFO:root:epoch: 1960
INFO:root:epoch: 1961
INFO:root:epoch: 1962
INFO:root:epoch: 1963
INFO:root:epoch: 1964
INFO:root:epoch: 1965
INFO:root:epoch: 1966
INFO:root:epoch: 1967
INFO:root:epoch: 1968
INFO:root:epoch: 1969
INFO:root:epoch: 1970
INFO:root:epoch: 1971
INFO:root:epoch: 1972
INFO:root:epoch: 1973
INFO:root:epoch: 1974
INFO:root:epoch: 1975
INFO:root:epoch: 1976
INFO:root:epoch: 1977
INFO:root:epoch: 1978
INFO:root:epoch: 1979
INFO:root:epoch: 1980
INFO:root:epoch: 1981
INFO:root:epoch: 1982
INFO:root:epoch: 1983
INFO:root:epoch: 1984
INFO:root:epoch: 1985
INFO:root:epoch: 1986
INFO:root:epoch: 1987
INFO:root:epoch: 1988
INFO:root:epoch: 1989
INFO:root:epoch: 1990
INFO:root:epoch: 1991
INFO:root:epoch: 1992
INFO:root:epoch: 1993
INFO:root:epoch: 1994
INFO:root:epoch: 1995
INFO:root:epoch: 1996
INFO:root:epoch: 1997
INFO:root:epoch: 1998
INFO:root:epoch: 1999
INFO:root:epoch: 2000
INFO:root:epoch: 2001
INFO:root:epoch: 2002
INFO:root:epoch: 2003
INFO:root:epoch: 2004
INFO:root:epoch: 2005
INFO:root:epoch: 2006
INFO:root:epoch: 2007
INFO:root:epoch: 2008
INFO:root:epoch: 2009
INFO:root:epoch: 2010
INFO:root:epoch: 2011
INFO:root:epoch: 2012
INFO:root:epoch: 2013
INFO:root:epoch: 2014
INFO:root:epoch: 2015
INFO:root:epoch: 2016
INFO:root:epoch: 2017
INFO:root:epoch: 2018
INFO:root:epoch: 2019
INFO:root:epoch: 2020
INFO:root:epoch: 2021
INFO:root:epoch: 2022
INFO:root:epoch: 2023
INFO:root:epoch: 2024
INFO:root:epoch: 2025
INFO:root:epoch: 2026
INFO:root:epoch: 2027
INFO:root:epoch: 2028
INFO:root:epoch: 2029
INFO:root:epoch: 2030
INFO:root:epoch: 2031
INFO:root:epoch: 2032
INFO:root:epoch: 2033
INFO:root:epoch: 2034
INFO:root:epoch: 2035
INFO:root:epoch: 2036
INFO:root:epoch: 2037
INFO:root:epoch: 2038
INFO:root:epoch: 2039
INFO:root:epoch: 2040
INFO:root:epoch: 2041
INFO:root:epoch: 2042
INFO:root:epoch: 2043
INFO:root:epoch: 2044
INFO:root:epoch: 2045
INFO:root:epoch: 2046
INFO:root:epoch: 2047
INFO:root:epoch: 2048
INFO:root:epoch: 2049
INFO:root:epoch: 2050
INFO:root:epoch: 2051
INFO:root:epoch: 2052
INFO:root:epoch: 2053
INFO:root:epoch: 2054
INFO:root:epoch: 2055
INFO:root:epoch: 2056
INFO:root:epoch: 2057
INFO:root:epoch: 2058
INFO:root:epoch: 2059
INFO:root:epoch: 2060
INFO:root:epoch: 2061
INFO:root:epoch: 2062
INFO:root:epoch: 2063
INFO:root:epoch: 2064
INFO:root:epoch: 2065
INFO:root:epoch: 2066
INFO:root:epoch: 2067
INFO:root:epoch: 2068
INFO:root:epoch: 2069
INFO:root:epoch: 2070
INFO:root:epoch: 2071
INFO:root:epoch: 2072
INFO:root:epoch: 2073
INFO:root:epoch: 2074
INFO:root:epoch: 2075
INFO:root:epoch: 2076
INFO:root:epoch: 2077
INFO:root:epoch: 2078
INFO:root:epoch: 2079
INFO:root:epoch: 2080
INFO:root:epoch: 2081
INFO:root:epoch: 2082
INFO:root:epoch: 2083
INFO:root:epoch: 2084
INFO:root:epoch: 2085
INFO:root:epoch: 2086
INFO:root:epoch: 2087
INFO:root:epoch: 2088
INFO:root:epoch: 2089
INFO:root:epoch: 2090
INFO:root:epoch: 2091
INFO:root:epoch: 2092
INFO:root:epoch: 2093
INFO:root:epoch: 2094
INFO:root:epoch: 2095
INFO:root:epoch: 2096
INFO:root:epoch: 2097
INFO:root:epoch: 2098
INFO:root:epoch: 2099
INFO:root:epoch: 2100
INFO:root:epoch: 2101
INFO:root:epoch: 2102
INFO:root:epoch: 2103
INFO:root:epoch: 2104
INFO:root:epoch: 2105
INFO:root:epoch: 2106
INFO:root:epoch: 2107
INFO:root:epoch: 2108
INFO:root:epoch: 2109
INFO:root:epoch: 2110
INFO:root:epoch: 2111
INFO:root:epoch: 2112
INFO:root:epoch: 2113
INFO:root:epoch: 2114
INFO:root:epoch: 2115
INFO:root:epoch: 2116
INFO:root:epoch: 2117
INFO:root:epoch: 2118
INFO:root:epoch: 2119
INFO:root:epoch: 2120
INFO:root:epoch: 2121
INFO:root:epoch: 2122
INFO:root:epoch: 2123
INFO:root:epoch: 2124
INFO:root:epoch: 2125
INFO:root:epoch: 2126
INFO:root:epoch: 2127
INFO:root:epoch: 2128
INFO:root:epoch: 2129
INFO:root:epoch: 2130
INFO:root:epoch: 2131
INFO:root:epoch: 2132
INFO:root:epoch: 2133
INFO:root:epoch: 2134
INFO:root:epoch: 2135
INFO:root:epoch: 2136
INFO:root:epoch: 2137
INFO:root:epoch: 2138
INFO:root:epoch: 2139
INFO:root:epoch: 2140
INFO:root:epoch: 2141
INFO:root:epoch: 2142
INFO:root:epoch: 2143
INFO:root:epoch: 2144
INFO:root:epoch: 2145
INFO:root:epoch: 2146
INFO:root:epoch: 2147
INFO:root:epoch: 2148
INFO:root:epoch: 2149
INFO:root:epoch: 2150
INFO:root:epoch: 2151
INFO:root:epoch: 2152
INFO:root:epoch: 2153
INFO:root:epoch: 2154
INFO:root:epoch: 2155
INFO:root:epoch: 2156
INFO:root:epoch: 2157
INFO:root:epoch: 2158
INFO:root:epoch: 2159
INFO:root:epoch: 2160
INFO:root:epoch: 2161
INFO:root:epoch: 2162
INFO:root:epoch: 2163
INFO:root:epoch: 2164
INFO:root:epoch: 2165
INFO:root:epoch: 2166
INFO:root:epoch: 2167
INFO:root:epoch: 2168
INFO:root:epoch: 2169
INFO:root:epoch: 2170
INFO:root:epoch: 2171
INFO:root:epoch: 2172
INFO:root:epoch: 2173
INFO:root:epoch: 2174
INFO:root:epoch: 2175
INFO:root:epoch: 2176
INFO:root:epoch: 2177
INFO:root:epoch: 2178
INFO:root:epoch: 2179
INFO:root:epoch: 2180
INFO:root:epoch: 2181
INFO:root:epoch: 2182
INFO:root:epoch: 2183
INFO:root:epoch: 2184
INFO:root:epoch: 2185
INFO:root:epoch: 2186
INFO:root:epoch: 2187
INFO:root:epoch: 2188
INFO:root:epoch: 2189
INFO:root:epoch: 2190
INFO:root:epoch: 2191
INFO:root:epoch: 2192
INFO:root:epoch: 2193
INFO:root:epoch: 2194
INFO:root:epoch: 2195
INFO:root:epoch: 2196
INFO:root:epoch: 2197
INFO:root:epoch: 2198
INFO:root:epoch: 2199
INFO:root:epoch: 2200
INFO:root:epoch: 2201
INFO:root:epoch: 2202
INFO:root:epoch: 2203
INFO:root:epoch: 2204
INFO:root:epoch: 2205
INFO:root:epoch: 2206
INFO:root:epoch: 2207
INFO:root:epoch: 2208
INFO:root:epoch: 2209
INFO:root:epoch: 2210
INFO:root:epoch: 2211
INFO:root:epoch: 2212
INFO:root:epoch: 2213
INFO:root:epoch: 2214
INFO:root:epoch: 2215
INFO:root:epoch: 2216
INFO:root:epoch: 2217
INFO:root:epoch: 2218
INFO:root:epoch: 2219
INFO:root:epoch: 2220
INFO:root:epoch: 2221
INFO:root:epoch: 2222
INFO:root:epoch: 2223
INFO:root:epoch: 2224
INFO:root:epoch: 2225
INFO:root:epoch: 2226
INFO:root:epoch: 2227
INFO:root:epoch: 2228
INFO:root:epoch: 2229
INFO:root:epoch: 2230
INFO:root:epoch: 2231
INFO:root:epoch: 2232
INFO:root:epoch: 2233
INFO:root:epoch: 2234
INFO:root:epoch: 2235
INFO:root:epoch: 2236
INFO:root:epoch: 2237
INFO:root:epoch: 2238
INFO:root:epoch: 2239
INFO:root:epoch: 2240
INFO:root:epoch: 2241
INFO:root:epoch: 2242
INFO:root:epoch: 2243
INFO:root:epoch: 2244
INFO:root:epoch: 2245
INFO:root:epoch: 2246
INFO:root:epoch: 2247
INFO:root:epoch: 2248
INFO:root:epoch: 2249
INFO:root:epoch: 2250
INFO:root:epoch: 2251
INFO:root:epoch: 2252
INFO:root:epoch: 2253
INFO:root:epoch: 2254
INFO:root:epoch: 2255
INFO:root:epoch: 2256
INFO:root:epoch: 2257
INFO:root:epoch: 2258
INFO:root:epoch: 2259
INFO:root:epoch: 2260
INFO:root:epoch: 2261
INFO:root:epoch: 2262
INFO:root:epoch: 2263
INFO:root:epoch: 2264
INFO:root:epoch: 2265
INFO:root:epoch: 2266
INFO:root:epoch: 2267
INFO:root:epoch: 2268
INFO:root:epoch: 2269
INFO:root:epoch: 2270
INFO:root:epoch: 2271
INFO:root:epoch: 2272
INFO:root:epoch: 2273
INFO:root:epoch: 2274
INFO:root:epoch: 2275
INFO:root:epoch: 2276
INFO:root:epoch: 2277
INFO:root:epoch: 2278
INFO:root:epoch: 2279
INFO:root:epoch: 2280
INFO:root:epoch: 2281
INFO:root:epoch: 2282
INFO:root:epoch: 2283
INFO:root:epoch: 2284
INFO:root:epoch: 2285
INFO:root:epoch: 2286
INFO:root:epoch: 2287
INFO:root:epoch: 2288
INFO:root:epoch: 2289
INFO:root:epoch: 2290
INFO:root:epoch: 2291
INFO:root:epoch: 2292
INFO:root:epoch: 2293
INFO:root:epoch: 2294
INFO:root:epoch: 2295
INFO:root:epoch: 2296
INFO:root:epoch: 2297
INFO:root:epoch: 2298
INFO:root:epoch: 2299
INFO:root:epoch: 2300
INFO:root:epoch: 2301
INFO:root:epoch: 2302
INFO:root:epoch: 2303
INFO:root:epoch: 2304
INFO:root:epoch: 2305
INFO:root:epoch: 2306
INFO:root:epoch: 2307
INFO:root:epoch: 2308
INFO:root:epoch: 2309
INFO:root:epoch: 2310
INFO:root:epoch: 2311
INFO:root:epoch: 2312
INFO:root:epoch: 2313
INFO:root:epoch: 2314
INFO:root:epoch: 2315
INFO:root:epoch: 2316
INFO:root:epoch: 2317
INFO:root:epoch: 2318
INFO:root:epoch: 2319
INFO:root:epoch: 2320
INFO:root:epoch: 2321
INFO:root:epoch: 2322
INFO:root:epoch: 2323
INFO:root:epoch: 2324
INFO:root:epoch: 2325
INFO:root:epoch: 2326
INFO:root:epoch: 2327
INFO:root:epoch: 2328
INFO:root:epoch: 2329
INFO:root:epoch: 2330
INFO:root:epoch: 2331
INFO:root:epoch: 2332
INFO:root:epoch: 2333
INFO:root:epoch: 2334
INFO:root:epoch: 2335
INFO:root:epoch: 2336
INFO:root:epoch: 2337
INFO:root:epoch: 2338
INFO:root:epoch: 2339
INFO:root:epoch: 2340
INFO:root:epoch: 2341
INFO:root:epoch: 2342
INFO:root:epoch: 2343
INFO:root:epoch: 2344
INFO:root:epoch: 2345
INFO:root:epoch: 2346
INFO:root:epoch: 2347
INFO:root:epoch: 2348
INFO:root:epoch: 2349
INFO:root:epoch: 2350
INFO:root:epoch: 2351
INFO:root:epoch: 2352
INFO:root:epoch: 2353
INFO:root:epoch: 2354
INFO:root:epoch: 2355
INFO:root:epoch: 2356
INFO:root:epoch: 2357
INFO:root:epoch: 2358
INFO:root:epoch: 2359
INFO:root:epoch: 2360
INFO:root:epoch: 2361
INFO:root:epoch: 2362
INFO:root:epoch: 2363
INFO:root:epoch: 2364
INFO:root:epoch: 2365
INFO:root:epoch: 2366
INFO:root:epoch: 2367
INFO:root:epoch: 2368
INFO:root:epoch: 2369
INFO:root:epoch: 2370
INFO:root:epoch: 2371
INFO:root:epoch: 2372
INFO:root:epoch: 2373
INFO:root:epoch: 2374
INFO:root:epoch: 2375
INFO:root:epoch: 2376
INFO:root:epoch: 2377
INFO:root:epoch: 2378
INFO:root:epoch: 2379
INFO:root:epoch: 2380
INFO:root:epoch: 2381
INFO:root:epoch: 2382
INFO:root:epoch: 2383
INFO:root:epoch: 2384
INFO:root:epoch: 2385
INFO:root:epoch: 2386
INFO:root:epoch: 2387
INFO:root:epoch: 2388
INFO:root:epoch: 2389
INFO:root:epoch: 2390
INFO:root:epoch: 2391
INFO:root:epoch: 2392
INFO:root:epoch: 2393
INFO:root:epoch: 2394
INFO:root:epoch: 2395
INFO:root:epoch: 2396
INFO:root:epoch: 2397
INFO:root:epoch: 2398
INFO:root:epoch: 2399
INFO:root:epoch: 2400
INFO:root:epoch: 2401
INFO:root:epoch: 2402
INFO:root:epoch: 2403
INFO:root:epoch: 2404
INFO:root:epoch: 2405
INFO:root:epoch: 2406
INFO:root:epoch: 2407
INFO:root:epoch: 2408
INFO:root:epoch: 2409
INFO:root:epoch: 2410
INFO:root:epoch: 2411
INFO:root:epoch: 2412
INFO:root:epoch: 2413
INFO:root:epoch: 2414
INFO:root:epoch: 2415
INFO:root:epoch: 2416
INFO:root:epoch: 2417
INFO:root:epoch: 2418
INFO:root:epoch: 2419
INFO:root:epoch: 2420
INFO:root:epoch: 2421
INFO:root:epoch: 2422
INFO:root:epoch: 2423
INFO:root:epoch: 2424
INFO:root:epoch: 2425
INFO:root:epoch: 2426
INFO:root:epoch: 2427
INFO:root:epoch: 2428
INFO:root:epoch: 2429
INFO:root:epoch: 2430
INFO:root:epoch: 2431
INFO:root:epoch: 2432
INFO:root:epoch: 2433
INFO:root:epoch: 2434
INFO:root:epoch: 2435
INFO:root:epoch: 2436
INFO:root:epoch: 2437
INFO:root:epoch: 2438
INFO:root:epoch: 2439
INFO:root:epoch: 2440
INFO:root:epoch: 2441
INFO:root:epoch: 2442
INFO:root:epoch: 2443
INFO:root:epoch: 2444
INFO:root:epoch: 2445
INFO:root:epoch: 2446
INFO:root:epoch: 2447
INFO:root:epoch: 2448
INFO:root:epoch: 2449
INFO:root:epoch: 2450
INFO:root:epoch: 2451
INFO:root:epoch: 2452
INFO:root:epoch: 2453
INFO:root:epoch: 2454
INFO:root:epoch: 2455
INFO:root:epoch: 2456
INFO:root:epoch: 2457
INFO:root:epoch: 2458
INFO:root:epoch: 2459
INFO:root:epoch: 2460
INFO:root:epoch: 2461
INFO:root:epoch: 2462
INFO:root:epoch: 2463
INFO:root:epoch: 2464
INFO:root:epoch: 2465
INFO:root:epoch: 2466
INFO:root:epoch: 2467
INFO:root:epoch: 2468
INFO:root:epoch: 2469
INFO:root:epoch: 2470
INFO:root:epoch: 2471
INFO:root:epoch: 2472
INFO:root:epoch: 2473
INFO:root:epoch: 2474
INFO:root:epoch: 2475
INFO:root:epoch: 2476
INFO:root:epoch: 2477
INFO:root:epoch: 2478
INFO:root:epoch: 2479
INFO:root:epoch: 2480
INFO:root:epoch: 2481
INFO:root:epoch: 2482
INFO:root:epoch: 2483
INFO:root:epoch: 2484
INFO:root:epoch: 2485
INFO:root:epoch: 2486
INFO:root:epoch: 2487
INFO:root:epoch: 2488
INFO:root:epoch: 2489
INFO:root:epoch: 2490
INFO:root:epoch: 2491
INFO:root:epoch: 2492
INFO:root:epoch: 2493
INFO:root:epoch: 2494
INFO:root:epoch: 2495
INFO:root:epoch: 2496
INFO:root:epoch: 2497
INFO:root:epoch: 2498
INFO:root:epoch: 2499
INFO:root:epoch: 2500
INFO:root:epoch: 2501
INFO:root:epoch: 2502
INFO:root:epoch: 2503
INFO:root:epoch: 2504
INFO:root:epoch: 2505
INFO:root:epoch: 2506
INFO:root:epoch: 2507
INFO:root:epoch: 2508
INFO:root:epoch: 2509
INFO:root:epoch: 2510
INFO:root:epoch: 2511
INFO:root:epoch: 2512
INFO:root:epoch: 2513
INFO:root:epoch: 2514
INFO:root:epoch: 2515
INFO:root:epoch: 2516
INFO:root:epoch: 2517
INFO:root:epoch: 2518
INFO:root:epoch: 2519
INFO:root:epoch: 2520
INFO:root:epoch: 2521
INFO:root:epoch: 2522
INFO:root:epoch: 2523
INFO:root:epoch: 2524
INFO:root:epoch: 2525
INFO:root:epoch: 2526
INFO:root:epoch: 2527
INFO:root:epoch: 2528
INFO:root:epoch: 2529
INFO:root:epoch: 2530
INFO:root:epoch: 2531
INFO:root:epoch: 2532
INFO:root:epoch: 2533
INFO:root:epoch: 2534
INFO:root:epoch: 2535
INFO:root:epoch: 2536
INFO:root:epoch: 2537
INFO:root:epoch: 2538
INFO:root:epoch: 2539
[W pthreadpool-cpp.cc:90] Warning: Leaking Caffe2 thread-pool after fork. (function pthreadpool)
[W pthreadpool-cpp.cc:90] Warning: Leaking Caffe2 thread-pool after fork. (function pthreadpool)
[W pthreadpool-cpp.cc:90] Warning: Leaking Caffe2 thread-pool after fork. (function pthreadpool)
[W pthreadpool-cpp.cc:90] Warning: Leaking Caffe2 thread-pool after fork. (function pthreadpool)
[W pthreadpool-cpp.cc:90] Warning: Leaking Caffe2 thread-pool after fork. (function pthreadpool)
[W pthreadpool-cpp.cc:90] Warning: Leaking Caffe2 thread-pool after fork. (function pthreadpool)
[W pthreadpool-cpp.cc:90] Warning: Leaking Caffe2 thread-pool after fork. (function pthreadpool)
[W pthreadpool-cpp.cc:90] Warning: Leaking Caffe2 thread-pool after fork. (function pthreadpool)
INFO:root:{'auc_scores': array([0.76736031, 0.75682445, 0.75792153, 0.84432593, 0.70661436,
       0.57946352, 0.63482066, 0.69417279, 0.81357398, 0.85623645,
       0.67831043, 0.6087692 , 0.7691636 , 0.86176541]), 'auroc_mean': 0.7378087587996782, 'auprc_mean': 0.2619386914328454, 'auprc_scores': array([0.35257116, 0.32768996, 0.09467441, 0.32614493, 0.053492  ,
       0.02659378, 0.04725253, 0.32011284, 0.73275438, 0.57302404,
       0.01731756, 0.09397336, 0.09814376, 0.60339698]), 'ci_auroc': [(0.7655267227597251, 0.7695134197458147), (0.754824725856, 0.7587602509798373), (0.7538217475113373, 0.762033615510461), (0.8425375806402688, 0.8463338079562864), (0.7014904260013102, 0.7117771504783734), (0.5722829504149443, 0.5858867926331266), (0.6293210705084736, 0.6403214152784001), (0.6919860677651043, 0.6963708432647812), (0.8121526439873219, 0.8150469143357536), (0.8547616263653439, 0.8578151675918665), (0.6690540266341185, 0.6870163174165812), (0.6052460460536705, 0.6124597430747007), (0.7654876203207187, 0.7729210178505194), (0.8602659615550661, 0.8632799714354858)], 'ci_auprc': [(0.34866897141523095, 0.35650194210127817), (0.3240036283315563, 0.33135444158616817), (0.09198314690061965, 0.09751312408153749), (0.3210457674933817, 0.33140080498490176), (0.05149347477969607, 0.05548061179478443), (0.02560797945357859, 0.027556338518676008), (0.0457010005584052, 0.04883927289379712), (0.3170229743247314, 0.32355030339626945), (0.7300966464155503, 0.7353231509120618), (0.5686860833857064, 0.57770287931669), (0.016336308381682957, 0.01843569037139909), (0.09229661475518208, 0.09593429263057786), (0.09507523832962887, 0.10124263482504803), (0.5993903340739042, 0.6077513644576961)]}
INFO:root:{'auc_scores': array([0.729676  , 0.70155303, 0.7213406 , 0.78427551, 0.70178837,
       0.62142714, 0.66921682, 0.65717946, 0.79313318, 0.82435666,
       0.69575885, 0.60569626, 0.75400559, 0.81848267]), 'auroc_mean': 0.719849295173337, 'auprc_mean': 0.28626859110646485, 'auprc_scores': array([0.39694447, 0.39524562, 0.11968557, 0.38367292, 0.07243201,
       0.03188154, 0.05195483, 0.38638343, 0.59568038, 0.63289726,
       0.02407167, 0.11819236, 0.12280792, 0.67591029]), 'ci_auroc': [(0.7205341607575969, 0.7378469086060838), (0.6926365540719547, 0.7105000402537728), (0.7053099022887104, 0.7388193867107172), (0.7743193658005978, 0.7933724641145684), (0.6806401200880717, 0.7202924501044551), (0.5848338860685272, 0.6549102025317874), (0.6409323015786949, 0.6984392659227341), (0.6483240314208818, 0.6664935019825724), (0.7843169648551958, 0.8018017389975979), (0.8172303467386264, 0.8311009609820659), (0.661766923891132, 0.7272626311542367), (0.5884028926742544, 0.6221354711791794), (0.7384125196702074, 0.7698354829721052), (0.8117470258449618, 0.8254195908827257)], 'ci_auprc': [(0.38138109984155305, 0.41196796397422997), (0.3813304834521294, 0.41088190651709533), (0.10750379561453241, 0.13532281521201486), (0.36401569587693433, 0.4049839728970775), (0.06239641850320167, 0.08672667149319384), (0.021682164032235433, 0.04882308799928696), (0.043240985484588046, 0.06492079138947768), (0.37282368514237574, 0.4006661628225262), (0.5779242311811739, 0.6121105697357784), (0.617178984578787, 0.6481840432698546), (0.019519476635395192, 0.029781974780995563), (0.10724327052854464, 0.13058273984720706), (0.10979845578369872, 0.13792099156130425), (0.6625447327733113, 0.6913029132120683)]}
INFO:root:train metrics
INFO:root:auc_scores
INFO:root:[0.76736031 0.75682445 0.75792153 0.84432593 0.70661436 0.57946352
 0.63482066 0.69417279 0.81357398 0.85623645 0.67831043 0.6087692
 0.7691636  0.86176541]
INFO:root:auroc_mean
INFO:root:0.7378087587996782
INFO:root:auprc_mean
INFO:root:0.2619386914328454
INFO:root:auprc_scores
INFO:root:[0.35257116 0.32768996 0.09467441 0.32614493 0.053492   0.02659378
 0.04725253 0.32011284 0.73275438 0.57302404 0.01731756 0.09397336
 0.09814376 0.60339698]
INFO:root:ci_auroc
INFO:root:[(0.7655267227597251, 0.7695134197458147), (0.754824725856, 0.7587602509798373), (0.7538217475113373, 0.762033615510461), (0.8425375806402688, 0.8463338079562864), (0.7014904260013102, 0.7117771504783734), (0.5722829504149443, 0.5858867926331266), (0.6293210705084736, 0.6403214152784001), (0.6919860677651043, 0.6963708432647812), (0.8121526439873219, 0.8150469143357536), (0.8547616263653439, 0.8578151675918665), (0.6690540266341185, 0.6870163174165812), (0.6052460460536705, 0.6124597430747007), (0.7654876203207187, 0.7729210178505194), (0.8602659615550661, 0.8632799714354858)]
INFO:root:ci_auprc
INFO:root:[(0.34866897141523095, 0.35650194210127817), (0.3240036283315563, 0.33135444158616817), (0.09198314690061965, 0.09751312408153749), (0.3210457674933817, 0.33140080498490176), (0.05149347477969607, 0.05548061179478443), (0.02560797945357859, 0.027556338518676008), (0.0457010005584052, 0.04883927289379712), (0.3170229743247314, 0.32355030339626945), (0.7300966464155503, 0.7353231509120618), (0.5686860833857064, 0.57770287931669), (0.016336308381682957, 0.01843569037139909), (0.09229661475518208, 0.09593429263057786), (0.09507523832962887, 0.10124263482504803), (0.5993903340739042, 0.6077513644576961)]
INFO:root:val metrics
INFO:root:auc_scores
INFO:root:[0.729676   0.70155303 0.7213406  0.78427551 0.70178837 0.62142714
 0.66921682 0.65717946 0.79313318 0.82435666 0.69575885 0.60569626
 0.75400559 0.81848267]
INFO:root:auroc_mean
INFO:root:0.719849295173337
INFO:root:auprc_mean
INFO:root:0.28626859110646485
INFO:root:auprc_scores
INFO:root:[0.39694447 0.39524562 0.11968557 0.38367292 0.07243201 0.03188154
 0.05195483 0.38638343 0.59568038 0.63289726 0.02407167 0.11819236
 0.12280792 0.67591029]
INFO:root:ci_auroc
INFO:root:[(0.7205341607575969, 0.7378469086060838), (0.6926365540719547, 0.7105000402537728), (0.7053099022887104, 0.7388193867107172), (0.7743193658005978, 0.7933724641145684), (0.6806401200880717, 0.7202924501044551), (0.5848338860685272, 0.6549102025317874), (0.6409323015786949, 0.6984392659227341), (0.6483240314208818, 0.6664935019825724), (0.7843169648551958, 0.8018017389975979), (0.8172303467386264, 0.8311009609820659), (0.661766923891132, 0.7272626311542367), (0.5884028926742544, 0.6221354711791794), (0.7384125196702074, 0.7698354829721052), (0.8117470258449618, 0.8254195908827257)]
INFO:root:ci_auprc
INFO:root:[(0.38138109984155305, 0.41196796397422997), (0.3813304834521294, 0.41088190651709533), (0.10750379561453241, 0.13532281521201486), (0.36401569587693433, 0.4049839728970775), (0.06239641850320167, 0.08672667149319384), (0.021682164032235433, 0.04882308799928696), (0.043240985484588046, 0.06492079138947768), (0.37282368514237574, 0.4006661628225262), (0.5779242311811739, 0.6121105697357784), (0.617178984578787, 0.6481840432698546), (0.019519476635395192, 0.029781974780995563), (0.10724327052854464, 0.13058273984720706), (0.10979845578369872, 0.13792099156130425), (0.6625447327733113, 0.6913029132120683)]
